<?xml version="1.0" encoding="UTF-8"?>
<testsuite xmlns:xsi="http://www.w3.org/2001/XMLSchema-instance" xsi:noNamespaceSchemaLocation="https://maven.apache.org/surefire/maven-surefire-plugin/xsd/surefire-test-report-3.0.xsd" version="3.0" name="order.OrderCreateRunner" time="0.797" tests="2" errors="0" skipped="0" failures="0">
  <properties>
[...]
</properties>
  <testcase name="[1:17] Create order from cart items" classname="order/order-create" time="0.361">
    <system-out><![CDATA[23:24:08.428 [main] DEBUG com.intuit.karate.Suite - [config] karate-config.js
23:24:08.681 [main] DEBUG com.jayway.jsonpath.internal.path.CompiledPath - Evaluating path: $
23:24:08.687 [main] DEBUG io.netty.util.internal.logging.InternalLoggerFactory - Using SLF4J as the default logging framework
23:24:08.687 [main] DEBUG io.netty.util.internal.PlatformDependent0 - -Dio.netty.noUnsafe: false
23:24:08.687 [main] DEBUG io.netty.util.internal.PlatformDependent0 - Java version: 21
23:24:08.687 [main] DEBUG io.netty.util.internal.PlatformDependent0 - sun.misc.Unsafe.theUnsafe: available
23:24:08.688 [main] DEBUG io.netty.util.internal.PlatformDependent0 - sun.misc.Unsafe.copyMemory: available
23:24:08.688 [main] DEBUG io.netty.util.internal.PlatformDependent0 - sun.misc.Unsafe.storeFence: available
23:24:08.688 [main] DEBUG io.netty.util.internal.PlatformDependent0 - java.nio.Buffer.address: available
23:24:08.688 [main] DEBUG io.netty.util.internal.PlatformDependent0 - direct buffer constructor: unavailable: java.nio.DirectByteBuffer.<init>(long,int)
23:24:08.688 [main] DEBUG io.netty.util.internal.PlatformDependent0 - java.nio.Bits.unaligned: available, true
23:24:08.688 [main] DEBUG io.netty.util.internal.PlatformDependent0 - jdk.internal.misc.Unsafe.allocateUninitializedArray(int): unavailable: class io.netty.util.internal.PlatformDependent0$7 cannot access class jdk.internal.misc.Unsafe (in module java.base) because module java.base does not export jdk.internal.misc to unnamed module @59906517
23:24:08.688 [main] DEBUG io.netty.util.internal.PlatformDependent0 - java.nio.DirectByteBuffer.<init>(long, int): unavailable
23:24:08.688 [main] DEBUG io.netty.util.internal.PlatformDependent - sun.misc.Unsafe: available
23:24:08.689 [main] DEBUG io.netty.util.internal.PlatformDependent - maxDirectMemory: 12884901888 bytes (maybe)
23:24:08.689 [main] DEBUG io.netty.util.internal.PlatformDependent - -Dio.netty.tmpdir: /var/folders/zp/539m6yxx761ftz7dy9v99ync0000gn/T (java.io.tmpdir)
23:24:08.689 [main] DEBUG io.netty.util.internal.PlatformDependent - -Dio.netty.bitMode: 64 (sun.arch.data.model)
23:24:08.689 [main] DEBUG io.netty.util.internal.PlatformDependent - Platform: MacOS
23:24:08.689 [main] DEBUG io.netty.util.internal.PlatformDependent - -Dio.netty.maxDirectMemory: -1 bytes
23:24:08.689 [main] DEBUG io.netty.util.internal.PlatformDependent - -Dio.netty.uninitializedArrayAllocationThreshold: -1
23:24:08.689 [main] DEBUG io.netty.util.internal.CleanerJava9 - java.nio.ByteBuffer.cleaner(): available
23:24:08.689 [main] DEBUG io.netty.util.internal.PlatformDependent - -Dio.netty.noPreferDirect: false
23:24:08.753 [main] DEBUG org.apache.http.client.protocol.RequestAddCookies - CookieSpec selected: karate
23:24:08.757 [main] DEBUG org.apache.http.client.protocol.RequestAuthCache - Auth cache not set in the context
23:24:08.757 [main] DEBUG com.intuit.karate - request:
1 > POST http://localhost:3000/auth/login
1 > Content-Type: application/json; charset=UTF-8
1 > Content-Length: 53
1 > Host: localhost:3000
1 > Connection: Keep-Alive
1 > User-Agent: Apache-HttpClient/4.5.14 (Java/21.0.10)
1 > Accept-Encoding: gzip,deflate
{"email":"test@example.com","password":"password123"}

23:24:08.757 [main] DEBUG org.apache.http.impl.conn.PoolingHttpClientConnectionManager - Connection request: [route: {}->http://localhost:3000][total available: 0; route allocated: 0 of 5; total allocated: 0 of 10]
23:24:08.759 [main] DEBUG org.apache.http.impl.conn.PoolingHttpClientConnectionManager - Connection leased: [id: 0][route: {}->http://localhost:3000][total available: 0; route allocated: 1 of 5; total allocated: 1 of 10]
23:24:08.760 [main] DEBUG org.apache.http.impl.execchain.MainClientExec - Opening connection {}->http://localhost:3000
23:24:08.768 [main] DEBUG org.apache.http.impl.conn.DefaultHttpClientConnectionOperator - Connecting to localhost/127.0.0.1:3000
23:24:08.768 [main] DEBUG org.apache.http.impl.conn.DefaultHttpClientConnectionOperator - Connection established 127.0.0.1:61374<->127.0.0.1:3000
23:24:08.769 [main] DEBUG org.apache.http.impl.conn.DefaultManagedHttpClientConnection - http-outgoing-0: set socket timeout to 30000
23:24:08.769 [main] DEBUG org.apache.http.impl.execchain.MainClientExec - Executing request POST /auth/login HTTP/1.1
23:24:08.769 [main] DEBUG org.apache.http.impl.execchain.MainClientExec - Target auth state: UNCHALLENGED
23:24:08.769 [main] DEBUG org.apache.http.impl.execchain.MainClientExec - Proxy auth state: UNCHALLENGED
23:24:08.769 [main] DEBUG org.apache.http.headers - http-outgoing-0 >> POST /auth/login HTTP/1.1
23:24:08.769 [main] DEBUG org.apache.http.headers - http-outgoing-0 >> Content-Type: application/json; charset=UTF-8
23:24:08.769 [main] DEBUG org.apache.http.headers - http-outgoing-0 >> Content-Length: 53
23:24:08.769 [main] DEBUG org.apache.http.headers - http-outgoing-0 >> Host: localhost:3000
23:24:08.769 [main] DEBUG org.apache.http.headers - http-outgoing-0 >> Connection: Keep-Alive
23:24:08.769 [main] DEBUG org.apache.http.headers - http-outgoing-0 >> User-Agent: Apache-HttpClient/4.5.14 (Java/21.0.10)
23:24:08.769 [main] DEBUG org.apache.http.headers - http-outgoing-0 >> Accept-Encoding: gzip,deflate
23:24:08.769 [main] DEBUG org.apache.http.wire - http-outgoing-0 >> "POST /auth/login HTTP/1.1[\r][\n]"
23:24:08.769 [main] DEBUG org.apache.http.wire - http-outgoing-0 >> "Content-Type: application/json; charset=UTF-8[\r][\n]"
23:24:08.769 [main] DEBUG org.apache.http.wire - http-outgoing-0 >> "Content-Length: 53[\r][\n]"
23:24:08.769 [main] DEBUG org.apache.http.wire - http-outgoing-0 >> "Host: localhost:3000[\r][\n]"
23:24:08.769 [main] DEBUG org.apache.http.wire - http-outgoing-0 >> "Connection: Keep-Alive[\r][\n]"
23:24:08.769 [main] DEBUG org.apache.http.wire - http-outgoing-0 >> "User-Agent: Apache-HttpClient/4.5.14 (Java/21.0.10)[\r][\n]"
23:24:08.769 [main] DEBUG org.apache.http.wire - http-outgoing-0 >> "Accept-Encoding: gzip,deflate[\r][\n]"
23:24:08.769 [main] DEBUG org.apache.http.wire - http-outgoing-0 >> "[\r][\n]"
23:24:08.769 [main] DEBUG org.apache.http.wire - http-outgoing-0 >> "{"email":"test@example.com","password":"password123"}"
23:24:08.770 [main] DEBUG org.apache.http.wire - http-outgoing-0 << "HTTP/1.1 200 OK[\r][\n]"
23:24:08.770 [main] DEBUG org.apache.http.wire - http-outgoing-0 << "X-Powered-By: Express[\r][\n]"
23:24:08.770 [main] DEBUG org.apache.http.wire - http-outgoing-0 << "Access-Control-Allow-Origin: *[\r][\n]"
23:24:08.770 [main] DEBUG org.apache.http.wire - http-outgoing-0 << "Content-Type: application/json; charset=utf-8[\r][\n]"
23:24:08.770 [main] DEBUG org.apache.http.wire - http-outgoing-0 << "Content-Length: 216[\r][\n]"
23:24:08.770 [main] DEBUG org.apache.http.wire - http-outgoing-0 << "ETag: W/"d8-CzUjo8CFAOnDNq5XIdsW/CPQHQU"[\r][\n]"
23:24:08.770 [main] DEBUG org.apache.http.wire - http-outgoing-0 << "Date: Mon, 16 Mar 2026 15:24:08 GMT[\r][\n]"
23:24:08.770 [main] DEBUG org.apache.http.wire - http-outgoing-0 << "Connection: keep-alive[\r][\n]"
23:24:08.770 [main] DEBUG org.apache.http.wire - http-outgoing-0 << "Keep-Alive: timeout=5[\r][\n]"
23:24:08.770 [main] DEBUG org.apache.http.wire - http-outgoing-0 << "[\r][\n]"
23:24:08.770 [main] DEBUG org.apache.http.wire - http-outgoing-0 << "{"accessToken":"eyJhbGciOiJIUzI1NiIsInR5cCI6IkpXVCJ9.eyJzdWIiOiIxIiwiZW1haWwiOiJ0ZXN0QGV4YW1wbGUuY29tIiwiaWF0IjoxNzczNjc0NjQ4LCJleHAiOjE3NzM2NzgyNDh9.EjvvMBTejzmMhhtmCXS0xzbU_oqJIJ6HdmIUtcfWbEc","tokenType":"Bearer"}"
23:24:08.771 [main] DEBUG org.apache.http.headers - http-outgoing-0 << HTTP/1.1 200 OK
23:24:08.771 [main] DEBUG org.apache.http.headers - http-outgoing-0 << X-Powered-By: Express
23:24:08.771 [main] DEBUG org.apache.http.headers - http-outgoing-0 << Access-Control-Allow-Origin: *
23:24:08.771 [main] DEBUG org.apache.http.headers - http-outgoing-0 << Content-Type: application/json; charset=utf-8
23:24:08.771 [main] DEBUG org.apache.http.headers - http-outgoing-0 << Content-Length: 216
23:24:08.771 [main] DEBUG org.apache.http.headers - http-outgoing-0 << ETag: W/"d8-CzUjo8CFAOnDNq5XIdsW/CPQHQU"
23:24:08.771 [main] DEBUG org.apache.http.headers - http-outgoing-0 << Date: Mon, 16 Mar 2026 15:24:08 GMT
23:24:08.771 [main] DEBUG org.apache.http.headers - http-outgoing-0 << Connection: keep-alive
23:24:08.771 [main] DEBUG org.apache.http.headers - http-outgoing-0 << Keep-Alive: timeout=5
23:24:08.772 [main] DEBUG org.apache.http.impl.execchain.MainClientExec - Connection can be kept alive for 5000 MILLISECONDS
23:24:08.772 [main] DEBUG org.apache.http.impl.conn.PoolingHttpClientConnectionManager - Connection [id: 0][route: {}->http://localhost:3000] can be kept alive for 5.0 seconds
23:24:08.772 [main] DEBUG org.apache.http.impl.conn.DefaultManagedHttpClientConnection - http-outgoing-0: set socket timeout to 0
23:24:08.772 [main] DEBUG org.apache.http.impl.conn.PoolingHttpClientConnectionManager - Connection released: [id: 0][route: {}->http://localhost:3000][total available: 1; route allocated: 1 of 5; total allocated: 1 of 10]
23:24:08.772 [main] DEBUG org.apache.http.impl.conn.PoolingHttpClientConnectionManager - Connection manager is shutting down
23:24:08.772 [main] DEBUG org.apache.http.impl.conn.DefaultManagedHttpClientConnection - http-outgoing-0: Close connection
23:24:08.773 [main] DEBUG org.apache.http.impl.conn.PoolingHttpClientConnectionManager - Connection manager shut down
23:24:08.773 [main] DEBUG com.intuit.karate - response time in milliseconds: 15
1 < 200
1 < X-Powered-By: Express
1 < Access-Control-Allow-Origin: *
1 < Content-Type: application/json; charset=utf-8
1 < Content-Length: 216
1 < ETag: W/"d8-CzUjo8CFAOnDNq5XIdsW/CPQHQU"
1 < Date: Mon, 16 Mar 2026 15:24:08 GMT
1 < Connection: keep-alive
1 < Keep-Alive: timeout=5
{"accessToken":"eyJhbGciOiJIUzI1NiIsInR5cCI6IkpXVCJ9.eyJzdWIiOiIxIiwiZW1haWwiOiJ0ZXN0QGV4YW1wbGUuY29tIiwiaWF0IjoxNzczNjc0NjQ4LCJleHAiOjE3NzM2NzgyNDh9.EjvvMBTejzmMhhtmCXS0xzbU_oqJIJ6HdmIUtcfWbEc","tokenType":"Bearer"}

23:24:08.780 [main] DEBUG org.apache.http.client.protocol.RequestAddCookies - CookieSpec selected: karate
23:24:08.780 [main] DEBUG org.apache.http.client.protocol.RequestAuthCache - Auth cache not set in the context
23:24:08.780 [main] DEBUG com.intuit.karate - request:
2 > POST http://localhost:3000/cart/clear
2 > Authorization: Bearer eyJhbGciOiJIUzI1NiIsInR5cCI6IkpXVCJ9.eyJzdWIiOiIxIiwiZW1haWwiOiJ0ZXN0QGV4YW1wbGUuY29tIiwiaWF0IjoxNzczNjc0NjQ4LCJleHAiOjE3NzM2NzgyNDh9.EjvvMBTejzmMhhtmCXS0xzbU_oqJIJ6HdmIUtcfWbEc
2 > Host: localhost:3000
2 > Connection: Keep-Alive
2 > User-Agent: Apache-HttpClient/4.5.14 (Java/21.0.10)
2 > Accept-Encoding: gzip,deflate


23:24:08.780 [main] DEBUG org.apache.http.impl.conn.PoolingHttpClientConnectionManager - Connection request: [route: {}->http://localhost:3000][total available: 0; route allocated: 0 of 5; total allocated: 0 of 10]
23:24:08.780 [main] DEBUG org.apache.http.impl.conn.PoolingHttpClientConnectionManager - Connection leased: [id: 1][route: {}->http://localhost:3000][total available: 0; route allocated: 1 of 5; total allocated: 1 of 10]
23:24:08.780 [main] DEBUG org.apache.http.impl.execchain.MainClientExec - Opening connection {}->http://localhost:3000
23:24:08.780 [main] DEBUG org.apache.http.impl.conn.DefaultHttpClientConnectionOperator - Connecting to localhost/127.0.0.1:3000
23:24:08.780 [main] DEBUG org.apache.http.impl.conn.DefaultHttpClientConnectionOperator - Connection established 127.0.0.1:61376<->127.0.0.1:3000
23:24:08.780 [main] DEBUG org.apache.http.impl.conn.DefaultManagedHttpClientConnection - http-outgoing-1: set socket timeout to 30000
23:24:08.780 [main] DEBUG org.apache.http.impl.execchain.MainClientExec - Executing request POST /cart/clear HTTP/1.1
23:24:08.780 [main] DEBUG org.apache.http.impl.execchain.MainClientExec - Proxy auth state: UNCHALLENGED
23:24:08.780 [main] DEBUG org.apache.http.headers - http-outgoing-1 >> POST /cart/clear HTTP/1.1
23:24:08.780 [main] DEBUG org.apache.http.headers - http-outgoing-1 >> Authorization: Bearer eyJhbGciOiJIUzI1NiIsInR5cCI6IkpXVCJ9.eyJzdWIiOiIxIiwiZW1haWwiOiJ0ZXN0QGV4YW1wbGUuY29tIiwiaWF0IjoxNzczNjc0NjQ4LCJleHAiOjE3NzM2NzgyNDh9.EjvvMBTejzmMhhtmCXS0xzbU_oqJIJ6HdmIUtcfWbEc
23:24:08.780 [main] DEBUG org.apache.http.headers - http-outgoing-1 >> Host: localhost:3000
23:24:08.780 [main] DEBUG org.apache.http.headers - http-outgoing-1 >> Connection: Keep-Alive
23:24:08.780 [main] DEBUG org.apache.http.headers - http-outgoing-1 >> User-Agent: Apache-HttpClient/4.5.14 (Java/21.0.10)
23:24:08.780 [main] DEBUG org.apache.http.headers - http-outgoing-1 >> Accept-Encoding: gzip,deflate
23:24:08.780 [main] DEBUG org.apache.http.wire - http-outgoing-1 >> "POST /cart/clear HTTP/1.1[\r][\n]"
23:24:08.780 [main] DEBUG org.apache.http.wire - http-outgoing-1 >> "Authorization: Bearer eyJhbGciOiJIUzI1NiIsInR5cCI6IkpXVCJ9.eyJzdWIiOiIxIiwiZW1haWwiOiJ0ZXN0QGV4YW1wbGUuY29tIiwiaWF0IjoxNzczNjc0NjQ4LCJleHAiOjE3NzM2NzgyNDh9.EjvvMBTejzmMhhtmCXS0xzbU_oqJIJ6HdmIUtcfWbEc[\r][\n]"
23:24:08.780 [main] DEBUG org.apache.http.wire - http-outgoing-1 >> "Host: localhost:3000[\r][\n]"
23:24:08.780 [main] DEBUG org.apache.http.wire - http-outgoing-1 >> "Connection: Keep-Alive[\r][\n]"
23:24:08.781 [main] DEBUG org.apache.http.wire - http-outgoing-1 >> "User-Agent: Apache-HttpClient/4.5.14 (Java/21.0.10)[\r][\n]"
23:24:08.781 [main] DEBUG org.apache.http.wire - http-outgoing-1 >> "Accept-Encoding: gzip,deflate[\r][\n]"
23:24:08.781 [main] DEBUG org.apache.http.wire - http-outgoing-1 >> "[\r][\n]"
23:24:08.781 [main] DEBUG org.apache.http.wire - http-outgoing-1 << "HTTP/1.1 200 OK[\r][\n]"
23:24:08.781 [main] DEBUG org.apache.http.wire - http-outgoing-1 << "X-Powered-By: Express[\r][\n]"
23:24:08.781 [main] DEBUG org.apache.http.wire - http-outgoing-1 << "Access-Control-Allow-Origin: *[\r][\n]"
23:24:08.781 [main] DEBUG org.apache.http.wire - http-outgoing-1 << "Content-Type: application/json; charset=utf-8[\r][\n]"
23:24:08.781 [main] DEBUG org.apache.http.wire - http-outgoing-1 << "Content-Length: 26[\r][\n]"
23:24:08.781 [main] DEBUG org.apache.http.wire - http-outgoing-1 << "ETag: W/"1a-i0KbVIjnYMATZcf2ZX6d2KmG078"[\r][\n]"
23:24:08.781 [main] DEBUG org.apache.http.wire - http-outgoing-1 << "Date: Mon, 16 Mar 2026 15:24:08 GMT[\r][\n]"
23:24:08.781 [main] DEBUG org.apache.http.wire - http-outgoing-1 << "Connection: keep-alive[\r][\n]"
23:24:08.781 [main] DEBUG org.apache.http.wire - http-outgoing-1 << "Keep-Alive: timeout=5[\r][\n]"
23:24:08.781 [main] DEBUG org.apache.http.wire - http-outgoing-1 << "[\r][\n]"
23:24:08.781 [main] DEBUG org.apache.http.wire - http-outgoing-1 << "{"message":"Cart cleared"}"
23:24:08.781 [main] DEBUG org.apache.http.headers - http-outgoing-1 << HTTP/1.1 200 OK
23:24:08.781 [main] DEBUG org.apache.http.headers - http-outgoing-1 << X-Powered-By: Express
23:24:08.781 [main] DEBUG org.apache.http.headers - http-outgoing-1 << Access-Control-Allow-Origin: *
23:24:08.781 [main] DEBUG org.apache.http.headers - http-outgoing-1 << Content-Type: application/json; charset=utf-8
23:24:08.781 [main] DEBUG org.apache.http.headers - http-outgoing-1 << Content-Length: 26
23:24:08.781 [main] DEBUG org.apache.http.headers - http-outgoing-1 << ETag: W/"1a-i0KbVIjnYMATZcf2ZX6d2KmG078"
23:24:08.781 [main] DEBUG org.apache.http.headers - http-outgoing-1 << Date: Mon, 16 Mar 2026 15:24:08 GMT
23:24:08.781 [main] DEBUG org.apache.http.headers - http-outgoing-1 << Connection: keep-alive
23:24:08.781 [main] DEBUG org.apache.http.headers - http-outgoing-1 << Keep-Alive: timeout=5
23:24:08.781 [main] DEBUG org.apache.http.impl.execchain.MainClientExec - Connection can be kept alive for 5000 MILLISECONDS
23:24:08.781 [main] DEBUG org.apache.http.impl.conn.PoolingHttpClientConnectionManager - Connection [id: 1][route: {}->http://localhost:3000] can be kept alive for 5.0 seconds
23:24:08.781 [main] DEBUG org.apache.http.impl.conn.DefaultManagedHttpClientConnection - http-outgoing-1: set socket timeout to 0
23:24:08.781 [main] DEBUG org.apache.http.impl.conn.PoolingHttpClientConnectionManager - Connection released: [id: 1][route: {}->http://localhost:3000][total available: 1; route allocated: 1 of 5; total allocated: 1 of 10]
23:24:08.782 [main] DEBUG org.apache.http.impl.conn.PoolingHttpClientConnectionManager - Connection manager is shutting down
23:24:08.782 [main] DEBUG org.apache.http.impl.conn.DefaultManagedHttpClientConnection - http-outgoing-1: Close connection
23:24:08.782 [main] DEBUG org.apache.http.impl.conn.PoolingHttpClientConnectionManager - Connection manager shut down
23:24:08.782 [main] DEBUG com.intuit.karate - response time in milliseconds: 2
2 < 200
2 < X-Powered-By: Express
2 < Access-Control-Allow-Origin: *
2 < Content-Type: application/json; charset=utf-8
2 < Content-Length: 26
2 < ETag: W/"1a-i0KbVIjnYMATZcf2ZX6d2KmG078"
2 < Date: Mon, 16 Mar 2026 15:24:08 GMT
2 < Connection: keep-alive
2 < Keep-Alive: timeout=5
{"message":"Cart cleared"}

23:24:08.783 [main] DEBUG com.jayway.jsonpath.internal.path.CompiledPath - Evaluating path: $
23:24:08.784 [main] DEBUG org.apache.http.client.protocol.RequestAddCookies - CookieSpec selected: karate
23:24:08.784 [main] DEBUG org.apache.http.client.protocol.RequestAuthCache - Auth cache not set in the context
23:24:08.784 [main] DEBUG com.intuit.karate - request:
3 > POST http://localhost:3000/cart/add
3 > Authorization: Bearer eyJhbGciOiJIUzI1NiIsInR5cCI6IkpXVCJ9.eyJzdWIiOiIxIiwiZW1haWwiOiJ0ZXN0QGV4YW1wbGUuY29tIiwiaWF0IjoxNzczNjc0NjQ4LCJleHAiOjE3NzM2NzgyNDh9.EjvvMBTejzmMhhtmCXS0xzbU_oqJIJ6HdmIUtcfWbEc
3 > Content-Type: application/json; charset=UTF-8
3 > Content-Length: 28
3 > Host: localhost:3000
3 > Connection: Keep-Alive
3 > User-Agent: Apache-HttpClient/4.5.14 (Java/21.0.10)
3 > Accept-Encoding: gzip,deflate
{"productId":1,"quantity":2}

23:24:08.784 [main] DEBUG org.apache.http.impl.conn.PoolingHttpClientConnectionManager - Connection request: [route: {}->http://localhost:3000][total available: 0; route allocated: 0 of 5; total allocated: 0 of 10]
23:24:08.784 [main] DEBUG org.apache.http.impl.conn.PoolingHttpClientConnectionManager - Connection leased: [id: 2][route: {}->http://localhost:3000][total available: 0; route allocated: 1 of 5; total allocated: 1 of 10]
23:24:08.784 [main] DEBUG org.apache.http.impl.execchain.MainClientExec - Opening connection {}->http://localhost:3000
23:24:08.784 [main] DEBUG org.apache.http.impl.conn.DefaultHttpClientConnectionOperator - Connecting to localhost/127.0.0.1:3000
23:24:08.784 [main] DEBUG org.apache.http.impl.conn.DefaultHttpClientConnectionOperator - Connection established 127.0.0.1:61377<->127.0.0.1:3000
23:24:08.784 [main] DEBUG org.apache.http.impl.conn.DefaultManagedHttpClientConnection - http-outgoing-2: set socket timeout to 30000
23:24:08.784 [main] DEBUG org.apache.http.impl.execchain.MainClientExec - Executing request POST /cart/add HTTP/1.1
23:24:08.784 [main] DEBUG org.apache.http.impl.execchain.MainClientExec - Proxy auth state: UNCHALLENGED
23:24:08.784 [main] DEBUG org.apache.http.headers - http-outgoing-2 >> POST /cart/add HTTP/1.1
23:24:08.784 [main] DEBUG org.apache.http.headers - http-outgoing-2 >> Authorization: Bearer eyJhbGciOiJIUzI1NiIsInR5cCI6IkpXVCJ9.eyJzdWIiOiIxIiwiZW1haWwiOiJ0ZXN0QGV4YW1wbGUuY29tIiwiaWF0IjoxNzczNjc0NjQ4LCJleHAiOjE3NzM2NzgyNDh9.EjvvMBTejzmMhhtmCXS0xzbU_oqJIJ6HdmIUtcfWbEc
23:24:08.784 [main] DEBUG org.apache.http.headers - http-outgoing-2 >> Content-Type: application/json; charset=UTF-8
23:24:08.784 [main] DEBUG org.apache.http.headers - http-outgoing-2 >> Content-Length: 28
23:24:08.784 [main] DEBUG org.apache.http.headers - http-outgoing-2 >> Host: localhost:3000
23:24:08.784 [main] DEBUG org.apache.http.headers - http-outgoing-2 >> Connection: Keep-Alive
23:24:08.784 [main] DEBUG org.apache.http.headers - http-outgoing-2 >> User-Agent: Apache-HttpClient/4.5.14 (Java/21.0.10)
23:24:08.784 [main] DEBUG org.apache.http.headers - http-outgoing-2 >> Accept-Encoding: gzip,deflate
23:24:08.784 [main] DEBUG org.apache.http.wire - http-outgoing-2 >> "POST /cart/add HTTP/1.1[\r][\n]"
23:24:08.784 [main] DEBUG org.apache.http.wire - http-outgoing-2 >> "Authorization: Bearer eyJhbGciOiJIUzI1NiIsInR5cCI6IkpXVCJ9.eyJzdWIiOiIxIiwiZW1haWwiOiJ0ZXN0QGV4YW1wbGUuY29tIiwiaWF0IjoxNzczNjc0NjQ4LCJleHAiOjE3NzM2NzgyNDh9.EjvvMBTejzmMhhtmCXS0xzbU_oqJIJ6HdmIUtcfWbEc[\r][\n]"
23:24:08.784 [main] DEBUG org.apache.http.wire - http-outgoing-2 >> "Content-Type: application/json; charset=UTF-8[\r][\n]"
23:24:08.784 [main] DEBUG org.apache.http.wire - http-outgoing-2 >> "Content-Length: 28[\r][\n]"
23:24:08.784 [main] DEBUG org.apache.http.wire - http-outgoing-2 >> "Host: localhost:3000[\r][\n]"
23:24:08.784 [main] DEBUG org.apache.http.wire - http-outgoing-2 >> "Connection: Keep-Alive[\r][\n]"
23:24:08.784 [main] DEBUG org.apache.http.wire - http-outgoing-2 >> "User-Agent: Apache-HttpClient/4.5.14 (Java/21.0.10)[\r][\n]"
23:24:08.784 [main] DEBUG org.apache.http.wire - http-outgoing-2 >> "Accept-Encoding: gzip,deflate[\r][\n]"
23:24:08.784 [main] DEBUG org.apache.http.wire - http-outgoing-2 >> "[\r][\n]"
23:24:08.784 [main] DEBUG org.apache.http.wire - http-outgoing-2 >> "{"productId":1,"quantity":2}"
23:24:08.785 [main] DEBUG org.apache.http.wire - http-outgoing-2 << "HTTP/1.1 201 Created[\r][\n]"
23:24:08.785 [main] DEBUG org.apache.http.wire - http-outgoing-2 << "X-Powered-By: Express[\r][\n]"
23:24:08.785 [main] DEBUG org.apache.http.wire - http-outgoing-2 << "Access-Control-Allow-Origin: *[\r][\n]"
23:24:08.785 [main] DEBUG org.apache.http.wire - http-outgoing-2 << "Content-Type: application/json; charset=utf-8[\r][\n]"
23:24:08.785 [main] DEBUG org.apache.http.wire - http-outgoing-2 << "Content-Length: 70[\r][\n]"
23:24:08.785 [main] DEBUG org.apache.http.wire - http-outgoing-2 << "ETag: W/"46-lmUkMrGTCH1jeOY0fDlxktBV/jc"[\r][\n]"
23:24:08.785 [main] DEBUG org.apache.http.wire - http-outgoing-2 << "Date: Mon, 16 Mar 2026 15:24:08 GMT[\r][\n]"
23:24:08.785 [main] DEBUG org.apache.http.wire - http-outgoing-2 << "Connection: keep-alive[\r][\n]"
23:24:08.785 [main] DEBUG org.apache.http.wire - http-outgoing-2 << "Keep-Alive: timeout=5[\r][\n]"
23:24:08.785 [main] DEBUG org.apache.http.wire - http-outgoing-2 << "[\r][\n]"
23:24:08.785 [main] DEBUG org.apache.http.wire - http-outgoing-2 << "{"message":"Item added to cart","cart":[{"productId":1,"quantity":2}]}"
23:24:08.785 [main] DEBUG org.apache.http.headers - http-outgoing-2 << HTTP/1.1 201 Created
23:24:08.785 [main] DEBUG org.apache.http.headers - http-outgoing-2 << X-Powered-By: Express
23:24:08.785 [main] DEBUG org.apache.http.headers - http-outgoing-2 << Access-Control-Allow-Origin: *
23:24:08.785 [main] DEBUG org.apache.http.headers - http-outgoing-2 << Content-Type: application/json; charset=utf-8
23:24:08.785 [main] DEBUG org.apache.http.headers - http-outgoing-2 << Content-Length: 70
23:24:08.785 [main] DEBUG org.apache.http.headers - http-outgoing-2 << ETag: W/"46-lmUkMrGTCH1jeOY0fDlxktBV/jc"
23:24:08.785 [main] DEBUG org.apache.http.headers - http-outgoing-2 << Date: Mon, 16 Mar 2026 15:24:08 GMT
23:24:08.785 [main] DEBUG org.apache.http.headers - http-outgoing-2 << Connection: keep-alive
23:24:08.785 [main] DEBUG org.apache.http.headers - http-outgoing-2 << Keep-Alive: timeout=5
23:24:08.785 [main] DEBUG org.apache.http.impl.execchain.MainClientExec - Connection can be kept alive for 5000 MILLISECONDS
23:24:08.785 [main] DEBUG org.apache.http.impl.conn.PoolingHttpClientConnectionManager - Connection [id: 2][route: {}->http://localhost:3000] can be kept alive for 5.0 seconds
23:24:08.785 [main] DEBUG org.apache.http.impl.conn.DefaultManagedHttpClientConnection - http-outgoing-2: set socket timeout to 0
23:24:08.785 [main] DEBUG org.apache.http.impl.conn.PoolingHttpClientConnectionManager - Connection released: [id: 2][route: {}->http://localhost:3000][total available: 1; route allocated: 1 of 5; total allocated: 1 of 10]
23:24:08.785 [main] DEBUG org.apache.http.impl.conn.PoolingHttpClientConnectionManager - Connection manager is shutting down
23:24:08.785 [main] DEBUG org.apache.http.impl.conn.DefaultManagedHttpClientConnection - http-outgoing-2: Close connection
23:24:08.785 [main] DEBUG org.apache.http.impl.conn.PoolingHttpClientConnectionManager - Connection manager shut down
23:24:08.786 [main] DEBUG com.intuit.karate - response time in milliseconds: 1
3 < 201
3 < X-Powered-By: Express
3 < Access-Control-Allow-Origin: *
3 < Content-Type: application/json; charset=utf-8
3 < Content-Length: 70
3 < ETag: W/"46-lmUkMrGTCH1jeOY0fDlxktBV/jc"
3 < Date: Mon, 16 Mar 2026 15:24:08 GMT
3 < Connection: keep-alive
3 < Keep-Alive: timeout=5
{"message":"Item added to cart","cart":[{"productId":1,"quantity":2}]}

23:24:08.787 [main] DEBUG org.apache.http.client.protocol.RequestAddCookies - CookieSpec selected: karate
23:24:08.787 [main] DEBUG org.apache.http.client.protocol.RequestAuthCache - Auth cache not set in the context
23:24:08.787 [main] DEBUG com.intuit.karate - request:
4 > POST http://localhost:3000/order/create
4 > Authorization: Bearer eyJhbGciOiJIUzI1NiIsInR5cCI6IkpXVCJ9.eyJzdWIiOiIxIiwiZW1haWwiOiJ0ZXN0QGV4YW1wbGUuY29tIiwiaWF0IjoxNzczNjc0NjQ4LCJleHAiOjE3NzM2NzgyNDh9.EjvvMBTejzmMhhtmCXS0xzbU_oqJIJ6HdmIUtcfWbEc
4 > Host: localhost:3000
4 > Connection: Keep-Alive
4 > User-Agent: Apache-HttpClient/4.5.14 (Java/21.0.10)
4 > Accept-Encoding: gzip,deflate


23:24:08.787 [main] DEBUG org.apache.http.impl.conn.PoolingHttpClientConnectionManager - Connection request: [route: {}->http://localhost:3000][total available: 0; route allocated: 0 of 5; total allocated: 0 of 10]
23:24:08.787 [main] DEBUG org.apache.http.impl.conn.PoolingHttpClientConnectionManager - Connection leased: [id: 3][route: {}->http://localhost:3000][total available: 0; route allocated: 1 of 5; total allocated: 1 of 10]
23:24:08.787 [main] DEBUG org.apache.http.impl.execchain.MainClientExec - Opening connection {}->http://localhost:3000
23:24:08.787 [main] DEBUG org.apache.http.impl.conn.DefaultHttpClientConnectionOperator - Connecting to localhost/127.0.0.1:3000
23:24:08.787 [main] DEBUG org.apache.http.impl.conn.DefaultHttpClientConnectionOperator - Connection established 127.0.0.1:61378<->127.0.0.1:3000
23:24:08.787 [main] DEBUG org.apache.http.impl.conn.DefaultManagedHttpClientConnection - http-outgoing-3: set socket timeout to 30000
23:24:08.787 [main] DEBUG org.apache.http.impl.execchain.MainClientExec - Executing request POST /order/create HTTP/1.1
23:24:08.787 [main] DEBUG org.apache.http.impl.execchain.MainClientExec - Proxy auth state: UNCHALLENGED
23:24:08.787 [main] DEBUG org.apache.http.headers - http-outgoing-3 >> POST /order/create HTTP/1.1
23:24:08.787 [main] DEBUG org.apache.http.headers - http-outgoing-3 >> Authorization: Bearer eyJhbGciOiJIUzI1NiIsInR5cCI6IkpXVCJ9.eyJzdWIiOiIxIiwiZW1haWwiOiJ0ZXN0QGV4YW1wbGUuY29tIiwiaWF0IjoxNzczNjc0NjQ4LCJleHAiOjE3NzM2NzgyNDh9.EjvvMBTejzmMhhtmCXS0xzbU_oqJIJ6HdmIUtcfWbEc
23:24:08.787 [main] DEBUG org.apache.http.headers - http-outgoing-3 >> Host: localhost:3000
23:24:08.787 [main] DEBUG org.apache.http.headers - http-outgoing-3 >> Connection: Keep-Alive
23:24:08.787 [main] DEBUG org.apache.http.headers - http-outgoing-3 >> User-Agent: Apache-HttpClient/4.5.14 (Java/21.0.10)
23:24:08.787 [main] DEBUG org.apache.http.headers - http-outgoing-3 >> Accept-Encoding: gzip,deflate
23:24:08.787 [main] DEBUG org.apache.http.wire - http-outgoing-3 >> "POST /order/create HTTP/1.1[\r][\n]"
23:24:08.787 [main] DEBUG org.apache.http.wire - http-outgoing-3 >> "Authorization: Bearer eyJhbGciOiJIUzI1NiIsInR5cCI6IkpXVCJ9.eyJzdWIiOiIxIiwiZW1haWwiOiJ0ZXN0QGV4YW1wbGUuY29tIiwiaWF0IjoxNzczNjc0NjQ4LCJleHAiOjE3NzM2NzgyNDh9.EjvvMBTejzmMhhtmCXS0xzbU_oqJIJ6HdmIUtcfWbEc[\r][\n]"
23:24:08.787 [main] DEBUG org.apache.http.wire - http-outgoing-3 >> "Host: localhost:3000[\r][\n]"
23:24:08.787 [main] DEBUG org.apache.http.wire - http-outgoing-3 >> "Connection: Keep-Alive[\r][\n]"
23:24:08.787 [main] DEBUG org.apache.http.wire - http-outgoing-3 >> "User-Agent: Apache-HttpClient/4.5.14 (Java/21.0.10)[\r][\n]"
23:24:08.787 [main] DEBUG org.apache.http.wire - http-outgoing-3 >> "Accept-Encoding: gzip,deflate[\r][\n]"
23:24:08.787 [main] DEBUG org.apache.http.wire - http-outgoing-3 >> "[\r][\n]"
23:24:08.788 [main] DEBUG org.apache.http.wire - http-outgoing-3 << "HTTP/1.1 201 Created[\r][\n]"
23:24:08.788 [main] DEBUG org.apache.http.wire - http-outgoing-3 << "X-Powered-By: Express[\r][\n]"
23:24:08.788 [main] DEBUG org.apache.http.wire - http-outgoing-3 << "Access-Control-Allow-Origin: *[\r][\n]"
23:24:08.788 [main] DEBUG org.apache.http.wire - http-outgoing-3 << "Content-Type: application/json; charset=utf-8[\r][\n]"
23:24:08.788 [main] DEBUG org.apache.http.wire - http-outgoing-3 << "Content-Length: 66[\r][\n]"
23:24:08.788 [main] DEBUG org.apache.http.wire - http-outgoing-3 << "ETag: W/"42-rWY0eaGIO6cOvFX8FFcABozD87o"[\r][\n]"
23:24:08.788 [main] DEBUG org.apache.http.wire - http-outgoing-3 << "Date: Mon, 16 Mar 2026 15:24:08 GMT[\r][\n]"
23:24:08.788 [main] DEBUG org.apache.http.wire - http-outgoing-3 << "Connection: keep-alive[\r][\n]"
23:24:08.788 [main] DEBUG org.apache.http.wire - http-outgoing-3 << "Keep-Alive: timeout=5[\r][\n]"
23:24:08.788 [main] DEBUG org.apache.http.wire - http-outgoing-3 << "[\r][\n]"
23:24:08.788 [main] DEBUG org.apache.http.wire - http-outgoing-3 << "{"message":"Order created","orderId":"1773674648788","total":2400}"
23:24:08.788 [main] DEBUG org.apache.http.headers - http-outgoing-3 << HTTP/1.1 201 Created
23:24:08.788 [main] DEBUG org.apache.http.headers - http-outgoing-3 << X-Powered-By: Express
23:24:08.788 [main] DEBUG org.apache.http.headers - http-outgoing-3 << Access-Control-Allow-Origin: *
23:24:08.788 [main] DEBUG org.apache.http.headers - http-outgoing-3 << Content-Type: application/json; charset=utf-8
23:24:08.788 [main] DEBUG org.apache.http.headers - http-outgoing-3 << Content-Length: 66
23:24:08.788 [main] DEBUG org.apache.http.headers - http-outgoing-3 << ETag: W/"42-rWY0eaGIO6cOvFX8FFcABozD87o"
23:24:08.788 [main] DEBUG org.apache.http.headers - http-outgoing-3 << Date: Mon, 16 Mar 2026 15:24:08 GMT
23:24:08.788 [main] DEBUG org.apache.http.headers - http-outgoing-3 << Connection: keep-alive
23:24:08.788 [main] DEBUG org.apache.http.headers - http-outgoing-3 << Keep-Alive: timeout=5
23:24:08.788 [main] DEBUG org.apache.http.impl.execchain.MainClientExec - Connection can be kept alive for 5000 MILLISECONDS
23:24:08.789 [main] DEBUG org.apache.http.impl.conn.PoolingHttpClientConnectionManager - Connection [id: 3][route: {}->http://localhost:3000] can be kept alive for 5.0 seconds
23:24:08.789 [main] DEBUG org.apache.http.impl.conn.DefaultManagedHttpClientConnection - http-outgoing-3: set socket timeout to 0
23:24:08.789 [main] DEBUG org.apache.http.impl.conn.PoolingHttpClientConnectionManager - Connection released: [id: 3][route: {}->http://localhost:3000][total available: 1; route allocated: 1 of 5; total allocated: 1 of 10]
23:24:08.789 [main] DEBUG org.apache.http.impl.conn.PoolingHttpClientConnectionManager - Connection manager is shutting down
23:24:08.789 [main] DEBUG org.apache.http.impl.conn.DefaultManagedHttpClientConnection - http-outgoing-3: Close connection
23:24:08.789 [main] DEBUG org.apache.http.impl.conn.PoolingHttpClientConnectionManager - Connection manager shut down
23:24:08.789 [main] DEBUG com.intuit.karate - response time in milliseconds: 2
4 < 201
4 < X-Powered-By: Express
4 < Access-Control-Allow-Origin: *
4 < Content-Type: application/json; charset=utf-8
4 < Content-Length: 66
4 < ETag: W/"42-rWY0eaGIO6cOvFX8FFcABozD87o"
4 < Date: Mon, 16 Mar 2026 15:24:08 GMT
4 < Connection: keep-alive
4 < Keep-Alive: timeout=5
{"message":"Order created","orderId":"1773674648788","total":2400}

23:24:08.792 [main] DEBUG com.jayway.jsonpath.internal.path.CompiledPath - Evaluating path: $['message']
23:24:08.794 [main] DEBUG com.jayway.jsonpath.internal.path.CompiledPath - Evaluating path: $['orderId']
23:24:08.795 [main] DEBUG com.jayway.jsonpath.internal.path.CompiledPath - Evaluating path: $['total']
]]></system-out>
  </testcase>
  <testcase name="[2:34] Fail to create order when cart is empty" classname="order/order-create" time="0.238">
    <system-out><![CDATA[23:24:08.802 [main] DEBUG com.jayway.jsonpath.internal.path.CompiledPath - Evaluating path: $
23:24:08.802 [main] DEBUG org.apache.http.client.protocol.RequestAddCookies - CookieSpec selected: karate
23:24:08.802 [main] DEBUG org.apache.http.client.protocol.RequestAuthCache - Auth cache not set in the context
23:24:08.802 [main] DEBUG com.intuit.karate - request:
1 > POST http://localhost:3000/auth/login
1 > Content-Type: application/json; charset=UTF-8
1 > Content-Length: 53
1 > Host: localhost:3000
1 > Connection: Keep-Alive
1 > User-Agent: Apache-HttpClient/4.5.14 (Java/21.0.10)
1 > Accept-Encoding: gzip,deflate
{"email":"test@example.com","password":"password123"}

23:24:08.802 [main] DEBUG org.apache.http.impl.conn.PoolingHttpClientConnectionManager - Connection request: [route: {}->http://localhost:3000][total available: 0; route allocated: 0 of 5; total allocated: 0 of 10]
23:24:08.803 [main] DEBUG org.apache.http.impl.conn.PoolingHttpClientConnectionManager - Connection leased: [id: 4][route: {}->http://localhost:3000][total available: 0; route allocated: 1 of 5; total allocated: 1 of 10]
23:24:08.803 [main] DEBUG org.apache.http.impl.execchain.MainClientExec - Opening connection {}->http://localhost:3000
23:24:08.803 [main] DEBUG org.apache.http.impl.conn.DefaultHttpClientConnectionOperator - Connecting to localhost/127.0.0.1:3000
23:24:08.803 [main] DEBUG org.apache.http.impl.conn.DefaultHttpClientConnectionOperator - Connection established 127.0.0.1:61379<->127.0.0.1:3000
23:24:08.803 [main] DEBUG org.apache.http.impl.conn.DefaultManagedHttpClientConnection - http-outgoing-4: set socket timeout to 30000
23:24:08.803 [main] DEBUG org.apache.http.impl.execchain.MainClientExec - Executing request POST /auth/login HTTP/1.1
23:24:08.803 [main] DEBUG org.apache.http.impl.execchain.MainClientExec - Target auth state: UNCHALLENGED
23:24:08.803 [main] DEBUG org.apache.http.impl.execchain.MainClientExec - Proxy auth state: UNCHALLENGED
23:24:08.803 [main] DEBUG org.apache.http.headers - http-outgoing-4 >> POST /auth/login HTTP/1.1
23:24:08.803 [main] DEBUG org.apache.http.headers - http-outgoing-4 >> Content-Type: application/json; charset=UTF-8
23:24:08.803 [main] DEBUG org.apache.http.headers - http-outgoing-4 >> Content-Length: 53
23:24:08.803 [main] DEBUG org.apache.http.headers - http-outgoing-4 >> Host: localhost:3000
23:24:08.803 [main] DEBUG org.apache.http.headers - http-outgoing-4 >> Connection: Keep-Alive
23:24:08.803 [main] DEBUG org.apache.http.headers - http-outgoing-4 >> User-Agent: Apache-HttpClient/4.5.14 (Java/21.0.10)
23:24:08.803 [main] DEBUG org.apache.http.headers - http-outgoing-4 >> Accept-Encoding: gzip,deflate
23:24:08.803 [main] DEBUG org.apache.http.wire - http-outgoing-4 >> "POST /auth/login HTTP/1.1[\r][\n]"
23:24:08.803 [main] DEBUG org.apache.http.wire - http-outgoing-4 >> "Content-Type: application/json; charset=UTF-8[\r][\n]"
23:24:08.803 [main] DEBUG org.apache.http.wire - http-outgoing-4 >> "Content-Length: 53[\r][\n]"
23:24:08.803 [main] DEBUG org.apache.http.wire - http-outgoing-4 >> "Host: localhost:3000[\r][\n]"
23:24:08.803 [main] DEBUG org.apache.http.wire - http-outgoing-4 >> "Connection: Keep-Alive[\r][\n]"
23:24:08.803 [main] DEBUG org.apache.http.wire - http-outgoing-4 >> "User-Agent: Apache-HttpClient/4.5.14 (Java/21.0.10)[\r][\n]"
23:24:08.803 [main] DEBUG org.apache.http.wire - http-outgoing-4 >> "Accept-Encoding: gzip,deflate[\r][\n]"
23:24:08.803 [main] DEBUG org.apache.http.wire - http-outgoing-4 >> "[\r][\n]"
23:24:08.804 [main] DEBUG org.apache.http.wire - http-outgoing-4 >> "{"email":"test@example.com","password":"password123"}"
23:24:08.804 [main] DEBUG org.apache.http.wire - http-outgoing-4 << "HTTP/1.1 200 OK[\r][\n]"
23:24:08.804 [main] DEBUG org.apache.http.wire - http-outgoing-4 << "X-Powered-By: Express[\r][\n]"
23:24:08.804 [main] DEBUG org.apache.http.wire - http-outgoing-4 << "Access-Control-Allow-Origin: *[\r][\n]"
23:24:08.804 [main] DEBUG org.apache.http.wire - http-outgoing-4 << "Content-Type: application/json; charset=utf-8[\r][\n]"
23:24:08.804 [main] DEBUG org.apache.http.wire - http-outgoing-4 << "Content-Length: 216[\r][\n]"
23:24:08.804 [main] DEBUG org.apache.http.wire - http-outgoing-4 << "ETag: W/"d8-CzUjo8CFAOnDNq5XIdsW/CPQHQU"[\r][\n]"
23:24:08.804 [main] DEBUG org.apache.http.wire - http-outgoing-4 << "Date: Mon, 16 Mar 2026 15:24:08 GMT[\r][\n]"
23:24:08.804 [main] DEBUG org.apache.http.wire - http-outgoing-4 << "Connection: keep-alive[\r][\n]"
23:24:08.804 [main] DEBUG org.apache.http.wire - http-outgoing-4 << "Keep-Alive: timeout=5[\r][\n]"
23:24:08.804 [main] DEBUG org.apache.http.wire - http-outgoing-4 << "[\r][\n]"
23:24:08.804 [main] DEBUG org.apache.http.wire - http-outgoing-4 << "{"accessToken":"eyJhbGciOiJIUzI1NiIsInR5cCI6IkpXVCJ9.eyJzdWIiOiIxIiwiZW1haWwiOiJ0ZXN0QGV4YW1wbGUuY29tIiwiaWF0IjoxNzczNjc0NjQ4LCJleHAiOjE3NzM2NzgyNDh9.EjvvMBTejzmMhhtmCXS0xzbU_oqJIJ6HdmIUtcfWbEc","tokenType":"Bearer"}"
23:24:08.804 [main] DEBUG org.apache.http.headers - http-outgoing-4 << HTTP/1.1 200 OK
23:24:08.804 [main] DEBUG org.apache.http.headers - http-outgoing-4 << X-Powered-By: Express
23:24:08.804 [main] DEBUG org.apache.http.headers - http-outgoing-4 << Access-Control-Allow-Origin: *
23:24:08.804 [main] DEBUG org.apache.http.headers - http-outgoing-4 << Content-Type: application/json; charset=utf-8
23:24:08.804 [main] DEBUG org.apache.http.headers - http-outgoing-4 << Content-Length: 216
23:24:08.804 [main] DEBUG org.apache.http.headers - http-outgoing-4 << ETag: W/"d8-CzUjo8CFAOnDNq5XIdsW/CPQHQU"
23:24:08.804 [main] DEBUG org.apache.http.headers - http-outgoing-4 << Date: Mon, 16 Mar 2026 15:24:08 GMT
23:24:08.804 [main] DEBUG org.apache.http.headers - http-outgoing-4 << Connection: keep-alive
23:24:08.804 [main] DEBUG org.apache.http.headers - http-outgoing-4 << Keep-Alive: timeout=5
23:24:08.804 [main] DEBUG org.apache.http.impl.execchain.MainClientExec - Connection can be kept alive for 5000 MILLISECONDS
23:24:08.804 [main] DEBUG org.apache.http.impl.conn.PoolingHttpClientConnectionManager - Connection [id: 4][route: {}->http://localhost:3000] can be kept alive for 5.0 seconds
23:24:08.804 [main] DEBUG org.apache.http.impl.conn.DefaultManagedHttpClientConnection - http-outgoing-4: set socket timeout to 0
23:24:08.805 [main] DEBUG org.apache.http.impl.conn.PoolingHttpClientConnectionManager - Connection released: [id: 4][route: {}->http://localhost:3000][total available: 1; route allocated: 1 of 5; total allocated: 1 of 10]
23:24:08.805 [main] DEBUG org.apache.http.impl.conn.PoolingHttpClientConnectionManager - Connection manager is shutting down
23:24:08.805 [main] DEBUG org.apache.http.impl.conn.DefaultManagedHttpClientConnection - http-outgoing-4: Close connection
23:24:08.805 [main] DEBUG org.apache.http.impl.conn.PoolingHttpClientConnectionManager - Connection manager shut down
23:24:08.805 [main] DEBUG com.intuit.karate - response time in milliseconds: 3
1 < 200
1 < X-Powered-By: Express
1 < Access-Control-Allow-Origin: *
1 < Content-Type: application/json; charset=utf-8
1 < Content-Length: 216
1 < ETag: W/"d8-CzUjo8CFAOnDNq5XIdsW/CPQHQU"
1 < Date: Mon, 16 Mar 2026 15:24:08 GMT
1 < Connection: keep-alive
1 < Keep-Alive: timeout=5
{"accessToken":"eyJhbGciOiJIUzI1NiIsInR5cCI6IkpXVCJ9.eyJzdWIiOiIxIiwiZW1haWwiOiJ0ZXN0QGV4YW1wbGUuY29tIiwiaWF0IjoxNzczNjc0NjQ4LCJleHAiOjE3NzM2NzgyNDh9.EjvvMBTejzmMhhtmCXS0xzbU_oqJIJ6HdmIUtcfWbEc","tokenType":"Bearer"}

23:24:08.806 [main] DEBUG org.apache.http.client.protocol.RequestAddCookies - CookieSpec selected: karate
23:24:08.806 [main] DEBUG org.apache.http.client.protocol.RequestAuthCache - Auth cache not set in the context
23:24:08.806 [main] DEBUG com.intuit.karate - request:
2 > POST http://localhost:3000/cart/clear
2 > Authorization: Bearer eyJhbGciOiJIUzI1NiIsInR5cCI6IkpXVCJ9.eyJzdWIiOiIxIiwiZW1haWwiOiJ0ZXN0QGV4YW1wbGUuY29tIiwiaWF0IjoxNzczNjc0NjQ4LCJleHAiOjE3NzM2NzgyNDh9.EjvvMBTejzmMhhtmCXS0xzbU_oqJIJ6HdmIUtcfWbEc
2 > Host: localhost:3000
2 > Connection: Keep-Alive
2 > User-Agent: Apache-HttpClient/4.5.14 (Java/21.0.10)
2 > Accept-Encoding: gzip,deflate


23:24:08.806 [main] DEBUG org.apache.http.impl.conn.PoolingHttpClientConnectionManager - Connection request: [route: {}->http://localhost:3000][total available: 0; route allocated: 0 of 5; total allocated: 0 of 10]
23:24:08.806 [main] DEBUG org.apache.http.impl.conn.PoolingHttpClientConnectionManager - Connection leased: [id: 5][route: {}->http://localhost:3000][total available: 0; route allocated: 1 of 5; total allocated: 1 of 10]
23:24:08.806 [main] DEBUG org.apache.http.impl.execchain.MainClientExec - Opening connection {}->http://localhost:3000
23:24:08.806 [main] DEBUG org.apache.http.impl.conn.DefaultHttpClientConnectionOperator - Connecting to localhost/127.0.0.1:3000
23:24:08.806 [main] DEBUG org.apache.http.impl.conn.DefaultHttpClientConnectionOperator - Connection established 127.0.0.1:61380<->127.0.0.1:3000
23:24:08.806 [main] DEBUG org.apache.http.impl.conn.DefaultManagedHttpClientConnection - http-outgoing-5: set socket timeout to 30000
23:24:08.806 [main] DEBUG org.apache.http.impl.execchain.MainClientExec - Executing request POST /cart/clear HTTP/1.1
23:24:08.806 [main] DEBUG org.apache.http.impl.execchain.MainClientExec - Proxy auth state: UNCHALLENGED
23:24:08.806 [main] DEBUG org.apache.http.headers - http-outgoing-5 >> POST /cart/clear HTTP/1.1
23:24:08.806 [main] DEBUG org.apache.http.headers - http-outgoing-5 >> Authorization: Bearer eyJhbGciOiJIUzI1NiIsInR5cCI6IkpXVCJ9.eyJzdWIiOiIxIiwiZW1haWwiOiJ0ZXN0QGV4YW1wbGUuY29tIiwiaWF0IjoxNzczNjc0NjQ4LCJleHAiOjE3NzM2NzgyNDh9.EjvvMBTejzmMhhtmCXS0xzbU_oqJIJ6HdmIUtcfWbEc
23:24:08.806 [main] DEBUG org.apache.http.headers - http-outgoing-5 >> Host: localhost:3000
23:24:08.806 [main] DEBUG org.apache.http.headers - http-outgoing-5 >> Connection: Keep-Alive
23:24:08.806 [main] DEBUG org.apache.http.headers - http-outgoing-5 >> User-Agent: Apache-HttpClient/4.5.14 (Java/21.0.10)
23:24:08.806 [main] DEBUG org.apache.http.headers - http-outgoing-5 >> Accept-Encoding: gzip,deflate
23:24:08.806 [main] DEBUG org.apache.http.wire - http-outgoing-5 >> "POST /cart/clear HTTP/1.1[\r][\n]"
23:24:08.806 [main] DEBUG org.apache.http.wire - http-outgoing-5 >> "Authorization: Bearer eyJhbGciOiJIUzI1NiIsInR5cCI6IkpXVCJ9.eyJzdWIiOiIxIiwiZW1haWwiOiJ0ZXN0QGV4YW1wbGUuY29tIiwiaWF0IjoxNzczNjc0NjQ4LCJleHAiOjE3NzM2NzgyNDh9.EjvvMBTejzmMhhtmCXS0xzbU_oqJIJ6HdmIUtcfWbEc[\r][\n]"
23:24:08.806 [main] DEBUG org.apache.http.wire - http-outgoing-5 >> "Host: localhost:3000[\r][\n]"
23:24:08.806 [main] DEBUG org.apache.http.wire - http-outgoing-5 >> "Connection: Keep-Alive[\r][\n]"
23:24:08.806 [main] DEBUG org.apache.http.wire - http-outgoing-5 >> "User-Agent: Apache-HttpClient/4.5.14 (Java/21.0.10)[\r][\n]"
23:24:08.806 [main] DEBUG org.apache.http.wire - http-outgoing-5 >> "Accept-Encoding: gzip,deflate[\r][\n]"
23:24:08.806 [main] DEBUG org.apache.http.wire - http-outgoing-5 >> "[\r][\n]"
23:24:08.807 [main] DEBUG org.apache.http.wire - http-outgoing-5 << "HTTP/1.1 200 OK[\r][\n]"
23:24:08.807 [main] DEBUG org.apache.http.wire - http-outgoing-5 << "X-Powered-By: Express[\r][\n]"
23:24:08.807 [main] DEBUG org.apache.http.wire - http-outgoing-5 << "Access-Control-Allow-Origin: *[\r][\n]"
23:24:08.807 [main] DEBUG org.apache.http.wire - http-outgoing-5 << "Content-Type: application/json; charset=utf-8[\r][\n]"
23:24:08.807 [main] DEBUG org.apache.http.wire - http-outgoing-5 << "Content-Length: 26[\r][\n]"
23:24:08.807 [main] DEBUG org.apache.http.wire - http-outgoing-5 << "ETag: W/"1a-i0KbVIjnYMATZcf2ZX6d2KmG078"[\r][\n]"
23:24:08.807 [main] DEBUG org.apache.http.wire - http-outgoing-5 << "Date: Mon, 16 Mar 2026 15:24:08 GMT[\r][\n]"
23:24:08.807 [main] DEBUG org.apache.http.wire - http-outgoing-5 << "Connection: keep-alive[\r][\n]"
23:24:08.807 [main] DEBUG org.apache.http.wire - http-outgoing-5 << "Keep-Alive: timeout=5[\r][\n]"
23:24:08.807 [main] DEBUG org.apache.http.wire - http-outgoing-5 << "[\r][\n]"
23:24:08.807 [main] DEBUG org.apache.http.wire - http-outgoing-5 << "{"message":"Cart cleared"}"
23:24:08.807 [main] DEBUG org.apache.http.headers - http-outgoing-5 << HTTP/1.1 200 OK
23:24:08.807 [main] DEBUG org.apache.http.headers - http-outgoing-5 << X-Powered-By: Express
23:24:08.807 [main] DEBUG org.apache.http.headers - http-outgoing-5 << Access-Control-Allow-Origin: *
23:24:08.807 [main] DEBUG org.apache.http.headers - http-outgoing-5 << Content-Type: application/json; charset=utf-8
23:24:08.807 [main] DEBUG org.apache.http.headers - http-outgoing-5 << Content-Length: 26
23:24:08.807 [main] DEBUG org.apache.http.headers - http-outgoing-5 << ETag: W/"1a-i0KbVIjnYMATZcf2ZX6d2KmG078"
23:24:08.807 [main] DEBUG org.apache.http.headers - http-outgoing-5 << Date: Mon, 16 Mar 2026 15:24:08 GMT
23:24:08.807 [main] DEBUG org.apache.http.headers - http-outgoing-5 << Connection: keep-alive
23:24:08.807 [main] DEBUG org.apache.http.headers - http-outgoing-5 << Keep-Alive: timeout=5
23:24:08.807 [main] DEBUG org.apache.http.impl.execchain.MainClientExec - Connection can be kept alive for 5000 MILLISECONDS
23:24:08.807 [main] DEBUG org.apache.http.impl.conn.PoolingHttpClientConnectionManager - Connection [id: 5][route: {}->http://localhost:3000] can be kept alive for 5.0 seconds
23:24:08.807 [main] DEBUG org.apache.http.impl.conn.DefaultManagedHttpClientConnection - http-outgoing-5: set socket timeout to 0
23:24:08.807 [main] DEBUG org.apache.http.impl.conn.PoolingHttpClientConnectionManager - Connection released: [id: 5][route: {}->http://localhost:3000][total available: 1; route allocated: 1 of 5; total allocated: 1 of 10]
23:24:08.807 [main] DEBUG org.apache.http.impl.conn.PoolingHttpClientConnectionManager - Connection manager is shutting down
23:24:08.807 [main] DEBUG org.apache.http.impl.conn.DefaultManagedHttpClientConnection - http-outgoing-5: Close connection
23:24:08.807 [main] DEBUG org.apache.http.impl.conn.PoolingHttpClientConnectionManager - Connection manager shut down
23:24:08.807 [main] DEBUG com.intuit.karate - response time in milliseconds: 1
2 < 200
2 < X-Powered-By: Express
2 < Access-Control-Allow-Origin: *
2 < Content-Type: application/json; charset=utf-8
2 < Content-Length: 26
2 < ETag: W/"1a-i0KbVIjnYMATZcf2ZX6d2KmG078"
2 < Date: Mon, 16 Mar 2026 15:24:08 GMT
2 < Connection: keep-alive
2 < Keep-Alive: timeout=5
{"message":"Cart cleared"}

23:24:08.808 [main] DEBUG org.apache.http.client.protocol.RequestAddCookies - CookieSpec selected: karate
23:24:08.808 [main] DEBUG org.apache.http.client.protocol.RequestAuthCache - Auth cache not set in the context
23:24:08.808 [main] DEBUG com.intuit.karate - request:
3 > POST http://localhost:3000/order/create
3 > Authorization: Bearer eyJhbGciOiJIUzI1NiIsInR5cCI6IkpXVCJ9.eyJzdWIiOiIxIiwiZW1haWwiOiJ0ZXN0QGV4YW1wbGUuY29tIiwiaWF0IjoxNzczNjc0NjQ4LCJleHAiOjE3NzM2NzgyNDh9.EjvvMBTejzmMhhtmCXS0xzbU_oqJIJ6HdmIUtcfWbEc
3 > Host: localhost:3000
3 > Connection: Keep-Alive
3 > User-Agent: Apache-HttpClient/4.5.14 (Java/21.0.10)
3 > Accept-Encoding: gzip,deflate


23:24:08.808 [main] DEBUG org.apache.http.impl.conn.PoolingHttpClientConnectionManager - Connection request: [route: {}->http://localhost:3000][total available: 0; route allocated: 0 of 5; total allocated: 0 of 10]
23:24:08.808 [main] DEBUG org.apache.http.impl.conn.PoolingHttpClientConnectionManager - Connection leased: [id: 6][route: {}->http://localhost:3000][total available: 0; route allocated: 1 of 5; total allocated: 1 of 10]
23:24:08.808 [main] DEBUG org.apache.http.impl.execchain.MainClientExec - Opening connection {}->http://localhost:3000
23:24:08.808 [main] DEBUG org.apache.http.impl.conn.DefaultHttpClientConnectionOperator - Connecting to localhost/127.0.0.1:3000
23:24:08.808 [main] DEBUG org.apache.http.impl.conn.DefaultHttpClientConnectionOperator - Connection established 127.0.0.1:61381<->127.0.0.1:3000
23:24:08.808 [main] DEBUG org.apache.http.impl.conn.DefaultManagedHttpClientConnection - http-outgoing-6: set socket timeout to 30000
23:24:08.808 [main] DEBUG org.apache.http.impl.execchain.MainClientExec - Executing request POST /order/create HTTP/1.1
23:24:08.808 [main] DEBUG org.apache.http.impl.execchain.MainClientExec - Proxy auth state: UNCHALLENGED
23:24:08.808 [main] DEBUG org.apache.http.headers - http-outgoing-6 >> POST /order/create HTTP/1.1
23:24:08.809 [main] DEBUG org.apache.http.headers - http-outgoing-6 >> Authorization: Bearer eyJhbGciOiJIUzI1NiIsInR5cCI6IkpXVCJ9.eyJzdWIiOiIxIiwiZW1haWwiOiJ0ZXN0QGV4YW1wbGUuY29tIiwiaWF0IjoxNzczNjc0NjQ4LCJleHAiOjE3NzM2NzgyNDh9.EjvvMBTejzmMhhtmCXS0xzbU_oqJIJ6HdmIUtcfWbEc
23:24:08.809 [main] DEBUG org.apache.http.headers - http-outgoing-6 >> Host: localhost:3000
23:24:08.809 [main] DEBUG org.apache.http.headers - http-outgoing-6 >> Connection: Keep-Alive
23:24:08.809 [main] DEBUG org.apache.http.headers - http-outgoing-6 >> User-Agent: Apache-HttpClient/4.5.14 (Java/21.0.10)
23:24:08.809 [main] DEBUG org.apache.http.headers - http-outgoing-6 >> Accept-Encoding: gzip,deflate
23:24:08.809 [main] DEBUG org.apache.http.wire - http-outgoing-6 >> "POST /order/create HTTP/1.1[\r][\n]"
23:24:08.809 [main] DEBUG org.apache.http.wire - http-outgoing-6 >> "Authorization: Bearer eyJhbGciOiJIUzI1NiIsInR5cCI6IkpXVCJ9.eyJzdWIiOiIxIiwiZW1haWwiOiJ0ZXN0QGV4YW1wbGUuY29tIiwiaWF0IjoxNzczNjc0NjQ4LCJleHAiOjE3NzM2NzgyNDh9.EjvvMBTejzmMhhtmCXS0xzbU_oqJIJ6HdmIUtcfWbEc[\r][\n]"
23:24:08.809 [main] DEBUG org.apache.http.wire - http-outgoing-6 >> "Host: localhost:3000[\r][\n]"
23:24:08.809 [main] DEBUG org.apache.http.wire - http-outgoing-6 >> "Connection: Keep-Alive[\r][\n]"
23:24:08.809 [main] DEBUG org.apache.http.wire - http-outgoing-6 >> "User-Agent: Apache-HttpClient/4.5.14 (Java/21.0.10)[\r][\n]"
23:24:08.809 [main] DEBUG org.apache.http.wire - http-outgoing-6 >> "Accept-Encoding: gzip,deflate[\r][\n]"
23:24:08.809 [main] DEBUG org.apache.http.wire - http-outgoing-6 >> "[\r][\n]"
23:24:08.809 [main] DEBUG org.apache.http.wire - http-outgoing-6 << "HTTP/1.1 400 Bad Request[\r][\n]"
23:24:08.809 [main] DEBUG org.apache.http.wire - http-outgoing-6 << "X-Powered-By: Express[\r][\n]"
23:24:08.809 [main] DEBUG org.apache.http.wire - http-outgoing-6 << "Access-Control-Allow-Origin: *[\r][\n]"
23:24:08.809 [main] DEBUG org.apache.http.wire - http-outgoing-6 << "Content-Type: application/json; charset=utf-8[\r][\n]"
23:24:08.809 [main] DEBUG org.apache.http.wire - http-outgoing-6 << "Content-Length: 25[\r][\n]"
23:24:08.809 [main] DEBUG org.apache.http.wire - http-outgoing-6 << "ETag: W/"19-P/vM9paoTjtGyT+tdk1GkJsIvUE"[\r][\n]"
23:24:08.809 [main] DEBUG org.apache.http.wire - http-outgoing-6 << "Date: Mon, 16 Mar 2026 15:24:08 GMT[\r][\n]"
23:24:08.809 [main] DEBUG org.apache.http.wire - http-outgoing-6 << "Connection: keep-alive[\r][\n]"
23:24:08.809 [main] DEBUG org.apache.http.wire - http-outgoing-6 << "Keep-Alive: timeout=5[\r][\n]"
23:24:08.809 [main] DEBUG org.apache.http.wire - http-outgoing-6 << "[\r][\n]"
23:24:08.809 [main] DEBUG org.apache.http.wire - http-outgoing-6 << "{"error":"Cart is empty"}"
23:24:08.809 [main] DEBUG org.apache.http.headers - http-outgoing-6 << HTTP/1.1 400 Bad Request
23:24:08.809 [main] DEBUG org.apache.http.headers - http-outgoing-6 << X-Powered-By: Express
23:24:08.809 [main] DEBUG org.apache.http.headers - http-outgoing-6 << Access-Control-Allow-Origin: *
23:24:08.809 [main] DEBUG org.apache.http.headers - http-outgoing-6 << Content-Type: application/json; charset=utf-8
23:24:08.809 [main] DEBUG org.apache.http.headers - http-outgoing-6 << Content-Length: 25
23:24:08.809 [main] DEBUG org.apache.http.headers - http-outgoing-6 << ETag: W/"19-P/vM9paoTjtGyT+tdk1GkJsIvUE"
23:24:08.809 [main] DEBUG org.apache.http.headers - http-outgoing-6 << Date: Mon, 16 Mar 2026 15:24:08 GMT
23:24:08.809 [main] DEBUG org.apache.http.headers - http-outgoing-6 << Connection: keep-alive
23:24:08.809 [main] DEBUG org.apache.http.headers - http-outgoing-6 << Keep-Alive: timeout=5
23:24:08.809 [main] DEBUG org.apache.http.impl.execchain.MainClientExec - Connection can be kept alive for 5000 MILLISECONDS
23:24:08.809 [main] DEBUG org.apache.http.impl.conn.PoolingHttpClientConnectionManager - Connection [id: 6][route: {}->http://localhost:3000] can be kept alive for 5.0 seconds
23:24:08.809 [main] DEBUG org.apache.http.impl.conn.DefaultManagedHttpClientConnection - http-outgoing-6: set socket timeout to 0
23:24:08.809 [main] DEBUG org.apache.http.impl.conn.PoolingHttpClientConnectionManager - Connection released: [id: 6][route: {}->http://localhost:3000][total available: 1; route allocated: 1 of 5; total allocated: 1 of 10]
23:24:08.809 [main] DEBUG org.apache.http.impl.conn.PoolingHttpClientConnectionManager - Connection manager is shutting down
23:24:08.809 [main] DEBUG org.apache.http.impl.conn.DefaultManagedHttpClientConnection - http-outgoing-6: Close connection
23:24:08.810 [main] DEBUG org.apache.http.impl.conn.PoolingHttpClientConnectionManager - Connection manager shut down
23:24:08.810 [main] DEBUG com.intuit.karate - response time in milliseconds: 1
3 < 400
3 < X-Powered-By: Express
3 < Access-Control-Allow-Origin: *
3 < Content-Type: application/json; charset=utf-8
3 < Content-Length: 25
3 < ETag: W/"19-P/vM9paoTjtGyT+tdk1GkJsIvUE"
3 < Date: Mon, 16 Mar 2026 15:24:08 GMT
3 < Connection: keep-alive
3 < Keep-Alive: timeout=5
{"error":"Cart is empty"}

23:24:08.810 [main] DEBUG com.jayway.jsonpath.internal.path.CompiledPath - Evaluating path: $
23:24:08.820 [main] DEBUG org.thymeleaf.TemplateEngine - [THYMELEAF] INITIALIZING TEMPLATE ENGINE
23:24:08.853 [main] DEBUG org.thymeleaf.TemplateEngine.CONFIG - Initializing Thymeleaf Template engine configuration...
[THYMELEAF] TEMPLATE ENGINE CONFIGURATION:
[THYMELEAF] * Thymeleaf version: 3.0.14.RELEASE (built 2021-12-08T00:45:29+0000)
[THYMELEAF] * Cache Manager implementation: org.thymeleaf.cache.StandardCacheManager
[THYMELEAF] * Template resolvers:
[THYMELEAF]     * [1] com.intuit.karate.template.ResourceHtmlTemplateResolver
[THYMELEAF] * Message resolvers:
[THYMELEAF]     * org.thymeleaf.messageresolver.StandardMessageResolver
[THYMELEAF] * Link builders:
[THYMELEAF]     * org.thymeleaf.linkbuilder.StandardLinkBuilder
[THYMELEAF] * Dialect [1 of 2]: Standard (com.intuit.karate.template.KarateStandardDialect)
[THYMELEAF]     * Prefix: "th"
[THYMELEAF]     * Processors for Template Mode: HTML
[THYMELEAF]         * Element Tag Processors by [matching element and attribute name] [precedence]:
[THYMELEAF]             * [* {th:include,data-th-include}] [100]: org.thymeleaf.standard.processor.StandardIncludeTagProcessor
[THYMELEAF]             * [* {th:insert,data-th-insert}] [100]: org.thymeleaf.standard.processor.StandardInsertTagProcessor
[THYMELEAF]             * [* {th:replace,data-th-replace}] [100]: org.thymeleaf.standard.processor.StandardReplaceTagProcessor
[THYMELEAF]             * [* {th:substituteby,data-th-substituteby}] [100]: org.thymeleaf.standard.processor.StandardSubstituteByTagProcessor
[THYMELEAF]             * [* {th:each,data-th-each}] [200]: com.intuit.karate.template.KarateEachTagProcessor
[THYMELEAF]             * [* {th:switch,data-th-switch}] [250]: org.thymeleaf.standard.processor.StandardSwitchTagProcessor
[THYMELEAF]             * [* {th:case,data-th-case}] [275]: org.thymeleaf.standard.processor.StandardCaseTagProcessor
[THYMELEAF]             * [* {th:if,data-th-if}] [300]: org.thymeleaf.standard.processor.StandardIfTagProcessor
[THYMELEAF]             * [* {th:unless,data-th-unless}] [400]: org.thymeleaf.standard.processor.StandardUnlessTagProcessor
[THYMELEAF]             * [* {th:object,data-th-object}] [500]: org.thymeleaf.standard.processor.StandardObjectTagProcessor
[THYMELEAF]             * [* {th:with,data-th-with}] [600]: com.intuit.karate.template.KarateWithTagProcessor
[THYMELEAF]             * [* {th:attr,data-th-attr}] [700]: com.intuit.karate.template.KarateAttributeTagProcessor.KarateAttrTagProcessor
[THYMELEAF]             * [* {th:attrappend,data-th-attrappend}] [900]: com.intuit.karate.template.KarateAttributeTagProcessor.KarateAttrappendTagProcessor
[THYMELEAF]             * [* {th:attrprepend,data-th-attrprepend}] [900]: com.intuit.karate.template.KarateAttributeTagProcessor.KarateAttrprependTagProcessor
[THYMELEAF]             * [* {th:alt-title,data-th-alt-title}] [990]: org.thymeleaf.standard.processor.StandardAltTitleTagProcessor
[THYMELEAF]             * [* {th:lang-xmllang,data-th-lang-xmllang}] [990]: org.thymeleaf.standard.processor.StandardLangXmlLangTagProcessor
[THYMELEAF]             * [* {th:action,data-th-action}] [1000]: org.thymeleaf.standard.processor.StandardActionTagProcessor
[THYMELEAF]             * [* {th:ismap,data-th-ismap}] [1000]: org.thymeleaf.standard.processor.StandardConditionalFixedValueTagProcessor
[THYMELEAF]             * [* {th:reversed,data-th-reversed}] [1000]: org.thymeleaf.standard.processor.StandardConditionalFixedValueTagProcessor
[THYMELEAF]             * [* {th:required,data-th-required}] [1000]: org.thymeleaf.standard.processor.StandardConditionalFixedValueTagProcessor
[THYMELEAF]             * [* {th:controls,data-th-controls}] [1000]: org.thymeleaf.standard.processor.StandardConditionalFixedValueTagProcessor
[THYMELEAF]             * [* {th:loop,data-th-loop}] [1000]: org.thymeleaf.standard.processor.StandardConditionalFixedValueTagProcessor
[THYMELEAF]             * [* {th:nowrap,data-th-nowrap}] [1000]: org.thymeleaf.standard.processor.StandardConditionalFixedValueTagProcessor
[THYMELEAF]             * [* {th:selected,data-th-selected}] [1000]: org.thymeleaf.standard.processor.StandardConditionalFixedValueTagProcessor
[THYMELEAF]             * [* {th:pubdate,data-th-pubdate}] [1000]: org.thymeleaf.standard.processor.StandardConditionalFixedValueTagProcessor
[THYMELEAF]             * [* {th:multiple,data-th-multiple}] [1000]: org.thymeleaf.standard.processor.StandardConditionalFixedValueTagProcessor
[THYMELEAF]             * [* {th:scoped,data-th-scoped}] [1000]: org.thymeleaf.standard.processor.StandardConditionalFixedValueTagProcessor
[THYMELEAF]             * [* {th:default,data-th-default}] [1000]: org.thymeleaf.standard.processor.StandardConditionalFixedValueTagProcessor
[THYMELEAF]             * [* {th:seamless,data-th-seamless}] [1000]: org.thymeleaf.standard.processor.StandardConditionalFixedValueTagProcessor
[THYMELEAF]             * [* {th:readonly,data-th-readonly}] [1000]: org.thymeleaf.standard.processor.StandardConditionalFixedValueTagProcessor
[THYMELEAF]             * [* {th:autofocus,data-th-autofocus}] [1000]: org.thymeleaf.standard.processor.StandardConditionalFixedValueTagProcessor
[THYMELEAF]             * [* {th:disabled,data-th-disabled}] [1000]: org.thymeleaf.standard.processor.StandardConditionalFixedValueTagProcessor
[THYMELEAF]             * [* {th:async,data-th-async}] [1000]: org.thymeleaf.standard.processor.StandardConditionalFixedValueTagProcessor
[THYMELEAF]             * [* {th:novalidate,data-th-novalidate}] [1000]: org.thymeleaf.standard.processor.StandardConditionalFixedValueTagProcessor
[THYMELEAF]             * [* {th:hidden,data-th-hidden}] [1000]: org.thymeleaf.standard.processor.StandardConditionalFixedValueTagProcessor
[THYMELEAF]             * [* {th:formnovalidate,data-th-formnovalidate}] [1000]: org.thymeleaf.standard.processor.StandardConditionalFixedValueTagProcessor
[THYMELEAF]             * [* {th:declare,data-th-declare}] [1000]: org.thymeleaf.standard.processor.StandardConditionalFixedValueTagProcessor
[THYMELEAF]             * [* {th:defer,data-th-defer}] [1000]: org.thymeleaf.standard.processor.StandardConditionalFixedValueTagProcessor
[THYMELEAF]             * [* {th:open,data-th-open}] [1000]: org.thymeleaf.standard.processor.StandardConditionalFixedValueTagProcessor
[THYMELEAF]             * [* {th:autoplay,data-th-autoplay}] [1000]: org.thymeleaf.standard.processor.StandardConditionalFixedValueTagProcessor
[THYMELEAF]             * [* {th:checked,data-th-checked}] [1000]: org.thymeleaf.standard.processor.StandardConditionalFixedValueTagProcessor
[THYMELEAF]             * [* {th:onfocus,data-th-onfocus}] [1000]: org.thymeleaf.standard.processor.StandardDOMEventAttributeTagProcessor
[THYMELEAF]             * [* {th:onratechange,data-th-onratechange}] [1000]: org.thymeleaf.standard.processor.StandardDOMEventAttributeTagProcessor
[THYMELEAF]             * [* {th:onoffline,data-th-onoffline}] [1000]: org.thymeleaf.standard.processor.StandardDOMEventAttributeTagProcessor
[THYMELEAF]             * [* {th:oninvalid,data-th-oninvalid}] [1000]: org.thymeleaf.standard.processor.StandardDOMEventAttributeTagProcessor
[THYMELEAF]             * [* {th:oncanplaythrough,data-th-oncanplaythrough}] [1000]: org.thymeleaf.standard.processor.StandardDOMEventAttributeTagProcessor
[THYMELEAF]             * [* {th:onsubmit,data-th-onsubmit}] [1000]: org.thymeleaf.standard.processor.StandardDOMEventAttributeTagProcessor
[THYMELEAF]             * [* {th:onunload,data-th-onunload}] [1000]: org.thymeleaf.standard.processor.StandardDOMEventAttributeTagProcessor
[THYMELEAF]             * [* {th:onloadstart,data-th-onloadstart}] [1000]: org.thymeleaf.standard.processor.StandardDOMEventAttributeTagProcessor
[THYMELEAF]             * [* {th:onprogress,data-th-onprogress}] [1000]: org.thymeleaf.standard.processor.StandardDOMEventAttributeTagProcessor
[THYMELEAF]             * [* {th:onkeydown,data-th-onkeydown}] [1000]: org.thymeleaf.standard.processor.StandardDOMEventAttributeTagProcessor
[THYMELEAF]             * [* {th:onblur,data-th-onblur}] [1000]: org.thymeleaf.standard.processor.StandardDOMEventAttributeTagProcessor
[THYMELEAF]             * [* {th:onshow,data-th-onshow}] [1000]: org.thymeleaf.standard.processor.StandardDOMEventAttributeTagProcessor
[THYMELEAF]             * [* {th:ondragleave,data-th-ondragleave}] [1000]: org.thymeleaf.standard.processor.StandardDOMEventAttributeTagProcessor
[THYMELEAF]             * [* {th:onpopstate,data-th-onpopstate}] [1000]: org.thymeleaf.standard.processor.StandardDOMEventAttributeTagProcessor
[THYMELEAF]             * [* {th:onformchange,data-th-onformchange}] [1000]: org.thymeleaf.standard.processor.StandardDOMEventAttributeTagProcessor
[THYMELEAF]             * [* {th:onseeking,data-th-onseeking}] [1000]: org.thymeleaf.standard.processor.StandardDOMEventAttributeTagProcessor
[THYMELEAF]             * [* {th:onabort,data-th-onabort}] [1000]: org.thymeleaf.standard.processor.StandardDOMEventAttributeTagProcessor
[THYMELEAF]             * [* {th:onkeypress,data-th-onkeypress}] [1000]: org.thymeleaf.standard.processor.StandardDOMEventAttributeTagProcessor
[THYMELEAF]             * [* {th:onsuspend,data-th-onsuspend}] [1000]: org.thymeleaf.standard.processor.StandardDOMEventAttributeTagProcessor
[THYMELEAF]             * [* {th:ononline,data-th-ononline}] [1000]: org.thymeleaf.standard.processor.StandardDOMEventAttributeTagProcessor
[THYMELEAF]             * [* {th:onafterprint,data-th-onafterprint}] [1000]: org.thymeleaf.standard.processor.StandardDOMEventAttributeTagProcessor
[THYMELEAF]             * [* {th:oncontextmenu,data-th-oncontextmenu}] [1000]: org.thymeleaf.standard.processor.StandardDOMEventAttributeTagProcessor
[THYMELEAF]             * [* {th:onload,data-th-onload}] [1000]: org.thymeleaf.standard.processor.StandardDOMEventAttributeTagProcessor
[THYMELEAF]             * [* {th:onplay,data-th-onplay}] [1000]: org.thymeleaf.standard.processor.StandardDOMEventAttributeTagProcessor
[THYMELEAF]             * [* {th:onloadedmetadata,data-th-onloadedmetadata}] [1000]: org.thymeleaf.standard.processor.StandardDOMEventAttributeTagProcessor
[THYMELEAF]             * [* {th:onreadystatechange,data-th-onreadystatechange}] [1000]: org.thymeleaf.standard.processor.StandardDOMEventAttributeTagProcessor
[THYMELEAF]             * [* {th:onundo,data-th-onundo}] [1000]: org.thymeleaf.standard.processor.StandardDOMEventAttributeTagProcessor
[THYMELEAF]             * [* {th:ondragstart,data-th-ondragstart}] [1000]: org.thymeleaf.standard.processor.StandardDOMEventAttributeTagProcessor
[THYMELEAF]             * [* {th:onmousewheel,data-th-onmousewheel}] [1000]: org.thymeleaf.standard.processor.StandardDOMEventAttributeTagProcessor
[THYMELEAF]             * [* {th:onloadeddata,data-th-onloadeddata}] [1000]: org.thymeleaf.standard.processor.StandardDOMEventAttributeTagProcessor
[THYMELEAF]             * [* {th:onstalled,data-th-onstalled}] [1000]: org.thymeleaf.standard.processor.StandardDOMEventAttributeTagProcessor
[THYMELEAF]             * [* {th:onmouseout,data-th-onmouseout}] [1000]: org.thymeleaf.standard.processor.StandardDOMEventAttributeTagProcessor
[THYMELEAF]             * [* {th:ondragend,data-th-ondragend}] [1000]: org.thymeleaf.standard.processor.StandardDOMEventAttributeTagProcessor
[THYMELEAF]             * [* {th:onclick,data-th-onclick}] [1000]: org.thymeleaf.standard.processor.StandardDOMEventAttributeTagProcessor
[THYMELEAF]             * [* {th:ontimeupdate,data-th-ontimeupdate}] [1000]: org.thymeleaf.standard.processor.StandardDOMEventAttributeTagProcessor
[THYMELEAF]             * [* {th:onscroll,data-th-onscroll}] [1000]: org.thymeleaf.standard.processor.StandardDOMEventAttributeTagProcessor
[THYMELEAF]             * [* {th:onkeyup,data-th-onkeyup}] [1000]: org.thymeleaf.standard.processor.StandardDOMEventAttributeTagProcessor
[THYMELEAF]             * [* {th:onstorage,data-th-onstorage}] [1000]: org.thymeleaf.standard.processor.StandardDOMEventAttributeTagProcessor
[THYMELEAF]             * [* {th:oncanplay,data-th-oncanplay}] [1000]: org.thymeleaf.standard.processor.StandardDOMEventAttributeTagProcessor
[THYMELEAF]             * [* {th:onvolumechange,data-th-onvolumechange}] [1000]: org.thymeleaf.standard.processor.StandardDOMEventAttributeTagProcessor
[THYMELEAF]             * [* {th:onhashchange,data-th-onhashchange}] [1000]: org.thymeleaf.standard.processor.StandardDOMEventAttributeTagProcessor
[THYMELEAF]             * [* {th:onemptied,data-th-onemptied}] [1000]: org.thymeleaf.standard.processor.StandardDOMEventAttributeTagProcessor
[THYMELEAF]             * [* {th:ondblclick,data-th-ondblclick}] [1000]: org.thymeleaf.standard.processor.StandardDOMEventAttributeTagProcessor
[THYMELEAF]             * [* {th:onpause,data-th-onpause}] [1000]: org.thymeleaf.standard.processor.StandardDOMEventAttributeTagProcessor
[THYMELEAF]             * [* {th:onchange,data-th-onchange}] [1000]: org.thymeleaf.standard.processor.StandardDOMEventAttributeTagProcessor
[THYMELEAF]             * [* {th:ondrag,data-th-ondrag}] [1000]: org.thymeleaf.standard.processor.StandardDOMEventAttributeTagProcessor
[THYMELEAF]             * [* {th:ondurationchange,data-th-ondurationchange}] [1000]: org.thymeleaf.standard.processor.StandardDOMEventAttributeTagProcessor
[THYMELEAF]             * [* {th:onplaying,data-th-onplaying}] [1000]: org.thymeleaf.standard.processor.StandardDOMEventAttributeTagProcessor
[THYMELEAF]             * [* {th:onseeked,data-th-onseeked}] [1000]: org.thymeleaf.standard.processor.StandardDOMEventAttributeTagProcessor
[THYMELEAF]             * [* {th:ondragenter,data-th-ondragenter}] [1000]: org.thymeleaf.standard.processor.StandardDOMEventAttributeTagProcessor
[THYMELEAF]             * [* {th:oninput,data-th-oninput}] [1000]: org.thymeleaf.standard.processor.StandardDOMEventAttributeTagProcessor
[THYMELEAF]             * [* {th:onerror,data-th-onerror}] [1000]: org.thymeleaf.standard.processor.StandardDOMEventAttributeTagProcessor
[THYMELEAF]             * [* {th:onmouseover,data-th-onmouseover}] [1000]: org.thymeleaf.standard.processor.StandardDOMEventAttributeTagProcessor
[THYMELEAF]             * [* {th:onbeforeunload,data-th-onbeforeunload}] [1000]: org.thymeleaf.standard.processor.StandardDOMEventAttributeTagProcessor
[THYMELEAF]             * [* {th:onbeforeprint,data-th-onbeforeprint}] [1000]: org.thymeleaf.standard.processor.StandardDOMEventAttributeTagProcessor
[THYMELEAF]             * [* {th:onended,data-th-onended}] [1000]: org.thymeleaf.standard.processor.StandardDOMEventAttributeTagProcessor
[THYMELEAF]             * [* {th:onforminput,data-th-onforminput}] [1000]: org.thymeleaf.standard.processor.StandardDOMEventAttributeTagProcessor
[THYMELEAF]             * [* {th:ondragover,data-th-ondragover}] [1000]: org.thymeleaf.standard.processor.StandardDOMEventAttributeTagProcessor
[THYMELEAF]             * [* {th:onmouseup,data-th-onmouseup}] [1000]: org.thymeleaf.standard.processor.StandardDOMEventAttributeTagProcessor
[THYMELEAF]             * [* {th:onmousemove,data-th-onmousemove}] [1000]: org.thymeleaf.standard.processor.StandardDOMEventAttributeTagProcessor
[THYMELEAF]             * [* {th:ondrop,data-th-ondrop}] [1000]: org.thymeleaf.standard.processor.StandardDOMEventAttributeTagProcessor
[THYMELEAF]             * [* {th:onmessage,data-th-onmessage}] [1000]: org.thymeleaf.standard.processor.StandardDOMEventAttributeTagProcessor
[THYMELEAF]             * [* {th:onredo,data-th-onredo}] [1000]: org.thymeleaf.standard.processor.StandardDOMEventAttributeTagProcessor
[THYMELEAF]             * [* {th:onwaiting,data-th-onwaiting}] [1000]: org.thymeleaf.standard.processor.StandardDOMEventAttributeTagProcessor
[THYMELEAF]             * [* {th:onreset,data-th-onreset}] [1000]: org.thymeleaf.standard.processor.StandardDOMEventAttributeTagProcessor
[THYMELEAF]             * [* {th:onmousedown,data-th-onmousedown}] [1000]: org.thymeleaf.standard.processor.StandardDOMEventAttributeTagProcessor
[THYMELEAF]             * [* {th:onresize,data-th-onresize}] [1000]: org.thymeleaf.standard.processor.StandardDOMEventAttributeTagProcessor
[THYMELEAF]             * [* {th:onselect,data-th-onselect}] [1000]: org.thymeleaf.standard.processor.StandardDOMEventAttributeTagProcessor
[THYMELEAF]             * [* {th:href,data-th-href}] [1000]: org.thymeleaf.standard.processor.StandardHrefTagProcessor
[THYMELEAF]             * [* {th:inline,data-th-inline}] [1000]: org.thymeleaf.standard.processor.StandardInlineHTMLTagProcessor
[THYMELEAF]             * [* {th:method,data-th-method}] [1000]: org.thymeleaf.standard.processor.StandardMethodTagProcessor
[THYMELEAF]             * [* {th:name,data-th-name}] [1000]: org.thymeleaf.standard.processor.StandardNonRemovableAttributeTagProcessor
[THYMELEAF]             * [* {th:type,data-th-type}] [1000]: org.thymeleaf.standard.processor.StandardNonRemovableAttributeTagProcessor
[THYMELEAF]             * [* {th:usemap,data-th-usemap}] [1000]: org.thymeleaf.standard.processor.StandardRemovableAttributeTagProcessor
[THYMELEAF]             * [* {th:longdesc,data-th-longdesc}] [1000]: org.thymeleaf.standard.processor.StandardRemovableAttributeTagProcessor
[THYMELEAF]             * [* {th:axis,data-th-axis}] [1000]: org.thymeleaf.standard.processor.StandardRemovableAttributeTagProcessor
[THYMELEAF]             * [* {th:size,data-th-size}] [1000]: org.thymeleaf.standard.processor.StandardRemovableAttributeTagProcessor
[THYMELEAF]             * [* {th:bgcolor,data-th-bgcolor}] [1000]: org.thymeleaf.standard.processor.StandardRemovableAttributeTagProcessor
[THYMELEAF]             * [* {th:formaction,data-th-formaction}] [1000]: org.thymeleaf.standard.processor.StandardRemovableAttributeTagProcessor
[THYMELEAF]             * [* {th:marginwidth,data-th-marginwidth}] [1000]: org.thymeleaf.standard.processor.StandardRemovableAttributeTagProcessor
[THYMELEAF]             * [* {th:rules,data-th-rules}] [1000]: org.thymeleaf.standard.processor.StandardRemovableAttributeTagProcessor
[THYMELEAF]             * [* {th:span,data-th-span}] [1000]: org.thymeleaf.standard.processor.StandardRemovableAttributeTagProcessor
[THYMELEAF]             * [* {th:keytype,data-th-keytype}] [1000]: org.thymeleaf.standard.processor.StandardRemovableAttributeTagProcessor
[THYMELEAF]             * [* {th:rev,data-th-rev}] [1000]: org.thymeleaf.standard.processor.StandardRemovableAttributeTagProcessor
[THYMELEAF]             * [* {th:cellspacing,data-th-cellspacing}] [1000]: org.thymeleaf.standard.processor.StandardRemovableAttributeTagProcessor
[THYMELEAF]             * [* {th:align,data-th-align}] [1000]: org.thymeleaf.standard.processor.StandardRemovableAttributeTagProcessor
[THYMELEAF]             * [* {th:low,data-th-low}] [1000]: org.thymeleaf.standard.processor.StandardRemovableAttributeTagProcessor
[THYMELEAF]             * [* {th:poster,data-th-poster}] [1000]: org.thymeleaf.standard.processor.StandardRemovableAttributeTagProcessor
[THYMELEAF]             * [* {th:cite,data-th-cite}] [1000]: org.thymeleaf.standard.processor.StandardRemovableAttributeTagProcessor
[THYMELEAF]             * [* {th:datetime,data-th-datetime}] [1000]: org.thymeleaf.standard.processor.StandardRemovableAttributeTagProcessor
[THYMELEAF]             * [* {th:vspace,data-th-vspace}] [1000]: org.thymeleaf.standard.processor.StandardRemovableAttributeTagProcessor
[THYMELEAF]             * [* {th:formmethod,data-th-formmethod}] [1000]: org.thymeleaf.standard.processor.StandardRemovableAttributeTagProcessor
[THYMELEAF]             * [* {th:dropzone,data-th-dropzone}] [1000]: org.thymeleaf.standard.processor.StandardRemovableAttributeTagProcessor
[THYMELEAF]             * [* {th:charset,data-th-charset}] [1000]: org.thymeleaf.standard.processor.StandardRemovableAttributeTagProcessor
[THYMELEAF]             * [* {th:contextmenu,data-th-contextmenu}] [1000]: org.thymeleaf.standard.processor.StandardRemovableAttributeTagProcessor
[THYMELEAF]             * [* {th:id,data-th-id}] [1000]: org.thymeleaf.standard.processor.StandardRemovableAttributeTagProcessor
[THYMELEAF]             * [* {th:http-equiv,data-th-http-equiv}] [1000]: org.thymeleaf.standard.processor.StandardRemovableAttributeTagProcessor
[THYMELEAF]             * [* {th:hreflang,data-th-hreflang}] [1000]: org.thymeleaf.standard.processor.StandardRemovableAttributeTagProcessor
[THYMELEAF]             * [* {th:start,data-th-start}] [1000]: org.thymeleaf.standard.processor.StandardRemovableAttributeTagProcessor
[THYMELEAF]             * [* {th:class,data-th-class}] [1000]: org.thymeleaf.standard.processor.StandardRemovableAttributeTagProcessor
[THYMELEAF]             * [* {th:wrap,data-th-wrap}] [1000]: org.thymeleaf.standard.processor.StandardRemovableAttributeTagProcessor
[THYMELEAF]             * [* {th:optimum,data-th-optimum}] [1000]: org.thymeleaf.standard.processor.StandardRemovableAttributeTagProcessor
[THYMELEAF]             * [* {th:codebase,data-th-codebase}] [1000]: org.thymeleaf.standard.processor.StandardRemovableAttributeTagProcessor
[THYMELEAF]             * [* {th:accesskey,data-th-accesskey}] [1000]: org.thymeleaf.standard.processor.StandardRemovableAttributeTagProcessor
[THYMELEAF]             * [* {th:formtarget,data-th-formtarget}] [1000]: org.thymeleaf.standard.processor.StandardRemovableAttributeTagProcessor
[THYMELEAF]             * [* {th:step,data-th-step}] [1000]: org.thymeleaf.standard.processor.StandardRemovableAttributeTagProcessor
[THYMELEAF]             * [* {th:cols,data-th-cols}] [1000]: org.thymeleaf.standard.processor.StandardRemovableAttributeTagProcessor
[THYMELEAF]             * [* {th:for,data-th-for}] [1000]: org.thymeleaf.standard.processor.StandardRemovableAttributeTagProcessor
[THYMELEAF]             * [* {th:frameborder,data-th-frameborder}] [1000]: org.thymeleaf.standard.processor.StandardRemovableAttributeTagProcessor
[THYMELEAF]             * [* {th:contenteditable,data-th-contenteditable}] [1000]: org.thymeleaf.standard.processor.StandardRemovableAttributeTagProcessor
[THYMELEAF]             * [* {th:sizes,data-th-sizes}] [1000]: org.thymeleaf.standard.processor.StandardRemovableAttributeTagProcessor
[THYMELEAF]             * [* {th:valuetype,data-th-valuetype}] [1000]: org.thymeleaf.standard.processor.StandardRemovableAttributeTagProcessor
[THYMELEAF]             * [* {th:background,data-th-background}] [1000]: org.thymeleaf.standard.processor.StandardRemovableAttributeTagProcessor
[THYMELEAF]             * [* {th:rowspan,data-th-rowspan}] [1000]: org.thymeleaf.standard.processor.StandardRemovableAttributeTagProcessor
[THYMELEAF]             * [* {th:label,data-th-label}] [1000]: org.thymeleaf.standard.processor.StandardRemovableAttributeTagProcessor
[THYMELEAF]             * [* {th:srclang,data-th-srclang}] [1000]: org.thymeleaf.standard.processor.StandardRemovableAttributeTagProcessor
[THYMELEAF]             * [* {th:kind,data-th-kind}] [1000]: org.thymeleaf.standard.processor.StandardRemovableAttributeTagProcessor
[THYMELEAF]             * [* {th:audio,data-th-audio}] [1000]: org.thymeleaf.standard.processor.StandardRemovableAttributeTagProcessor
[THYMELEAF]             * [* {th:classid,data-th-classid}] [1000]: org.thymeleaf.standard.processor.StandardRemovableAttributeTagProcessor
[THYMELEAF]             * [* {th:scheme,data-th-scheme}] [1000]: org.thymeleaf.standard.processor.StandardRemovableAttributeTagProcessor
[THYMELEAF]             * [* {th:placeholder,data-th-placeholder}] [1000]: org.thymeleaf.standard.processor.StandardRemovableAttributeTagProcessor
[THYMELEAF]             * [* {th:abbr,data-th-abbr}] [1000]: org.thymeleaf.standard.processor.StandardRemovableAttributeTagProcessor
[THYMELEAF]             * [* {th:alt,data-th-alt}] [1000]: org.thymeleaf.standard.processor.StandardRemovableAttributeTagProcessor
[THYMELEAF]             * [* {th:high,data-th-high}] [1000]: org.thymeleaf.standard.processor.StandardRemovableAttributeTagProcessor
[THYMELEAF]             * [* {th:enctype,data-th-enctype}] [1000]: org.thymeleaf.standard.processor.StandardRemovableAttributeTagProcessor
[THYMELEAF]             * [* {th:rows,data-th-rows}] [1000]: org.thymeleaf.standard.processor.StandardRemovableAttributeTagProcessor
[THYMELEAF]             * [* {th:preload,data-th-preload}] [1000]: org.thymeleaf.standard.processor.StandardRemovableAttributeTagProcessor
[THYMELEAF]             * [* {th:height,data-th-height}] [1000]: org.thymeleaf.standard.processor.StandardRemovableAttributeTagProcessor
[THYMELEAF]             * [* {th:autocomplete,data-th-autocomplete}] [1000]: org.thymeleaf.standard.processor.StandardRemovableAttributeTagProcessor
[THYMELEAF]             * [* {th:border,data-th-border}] [1000]: org.thymeleaf.standard.processor.StandardRemovableAttributeTagProcessor
[THYMELEAF]             * [* {th:scope,data-th-scope}] [1000]: org.thymeleaf.standard.processor.StandardRemovableAttributeTagProcessor
[THYMELEAF]             * [* {th:radiogroup,data-th-radiogroup}] [1000]: org.thymeleaf.standard.processor.StandardRemovableAttributeTagProcessor
[THYMELEAF]             * [* {th:accept,data-th-accept}] [1000]: org.thymeleaf.standard.processor.StandardRemovableAttributeTagProcessor
[THYMELEAF]             * [* {th:min,data-th-min}] [1000]: org.thymeleaf.standard.processor.StandardRemovableAttributeTagProcessor
[THYMELEAF]             * [* {th:scrolling,data-th-scrolling}] [1000]: org.thymeleaf.standard.processor.StandardRemovableAttributeTagProcessor
[...]
[THYMELEAF]             * [* {th:abbr,data-th-abbr}] [1000]: org.thymeleaf.standard.processor.StandardRemovableAttributeTagProcessor
[THYMELEAF]             * [* {th:tabindex,data-th-tabindex}] [1000]: org.thymeleaf.standard.processor.StandardRemovableAttributeTagProcessor
[THYMELEAF]             * [* {th:high,data-th-high}] [1000]: org.thymeleaf.standard.processor.StandardRemovableAttributeTagProcessor
[THYMELEAF]             * [* {th:formtarget,data-th-formtarget}] [1000]: org.thymeleaf.standard.processor.StandardRemovableAttributeTagProcessor
[THYMELEAF]             * [* {th:axis,data-th-axis}] [1000]: org.thymeleaf.standard.processor.StandardRemovableAttributeTagProcessor
[THYMELEAF]             * [* {th:sizes,data-th-sizes}] [1000]: org.thymeleaf.standard.processor.StandardRemovableAttributeTagProcessor
[THYMELEAF]             * [* {th:usemap,data-th-usemap}] [1000]: org.thymeleaf.standard.processor.StandardRemovableAttributeTagProcessor
[THYMELEAF]             * [* {th:step,data-th-step}] [1000]: org.thymeleaf.standard.processor.StandardRemovableAttributeTagProcessor
[THYMELEAF]             * [* {th:scheme,data-th-scheme}] [1000]: org.thymeleaf.standard.processor.StandardRemovableAttributeTagProcessor
[THYMELEAF]             * [* {th:min,data-th-min}] [1000]: org.thymeleaf.standard.processor.StandardRemovableAttributeTagProcessor
[THYMELEAF]             * [* {th:rowspan,data-th-rowspan}] [1000]: org.thymeleaf.standard.processor.StandardRemovableAttributeTagProcessor
[THYMELEAF]             * [* {th:dir,data-th-dir}] [1000]: org.thymeleaf.standard.processor.StandardRemovableAttributeTagProcessor
[THYMELEAF]             * [* {th:valuetype,data-th-valuetype}] [1000]: org.thymeleaf.standard.processor.StandardRemovableAttributeTagProcessor
[THYMELEAF]             * [* {th:form,data-th-form}] [1000]: org.thymeleaf.standard.processor.StandardRemovableAttributeTagProcessor
[THYMELEAF]             * [* {th:style,data-th-style}] [1000]: org.thymeleaf.standard.processor.StandardRemovableAttributeTagProcessor
[THYMELEAF]             * [* {th:datetime,data-th-datetime}] [1000]: org.thymeleaf.standard.processor.StandardRemovableAttributeTagProcessor
[THYMELEAF]             * [* {th:contextmenu,data-th-contextmenu}] [1000]: org.thymeleaf.standard.processor.StandardRemovableAttributeTagProcessor
[THYMELEAF]             * [* {th:pattern,data-th-pattern}] [1000]: org.thymeleaf.standard.processor.StandardRemovableAttributeTagProcessor
[THYMELEAF]             * [* {th:size,data-th-size}] [1000]: org.thymeleaf.standard.processor.StandardRemovableAttributeTagProcessor
[THYMELEAF]             * [* {th:id,data-th-id}] [1000]: org.thymeleaf.standard.processor.StandardRemovableAttributeTagProcessor
[THYMELEAF]             * [* {th:enctype,data-th-enctype}] [1000]: org.thymeleaf.standard.processor.StandardRemovableAttributeTagProcessor
[THYMELEAF]             * [* {th:wrap,data-th-wrap}] [1000]: org.thymeleaf.standard.processor.StandardRemovableAttributeTagProcessor
[THYMELEAF]             * [* {th:spellcheck,data-th-spellcheck}] [1000]: org.thymeleaf.standard.processor.StandardRemovableAttributeTagProcessor
[THYMELEAF]             * [* {th:longdesc,data-th-longdesc}] [1000]: org.thymeleaf.standard.processor.StandardRemovableAttributeTagProcessor
[THYMELEAF]             * [* {th:accept,data-th-accept}] [1000]: org.thymeleaf.standard.processor.StandardRemovableAttributeTagProcessor
[THYMELEAF]             * [* {th:standby,data-th-standby}] [1000]: org.thymeleaf.standard.processor.StandardRemovableAttributeTagProcessor
[THYMELEAF]             * [* {th:max,data-th-max}] [1000]: org.thymeleaf.standard.processor.StandardRemovableAttributeTagProcessor
[THYMELEAF]             * [* {th:scope,data-th-scope}] [1000]: org.thymeleaf.standard.processor.StandardRemovableAttributeTagProcessor
[THYMELEAF]             * [* {th:summary,data-th-summary}] [1000]: org.thymeleaf.standard.processor.StandardRemovableAttributeTagProcessor
[THYMELEAF]             * [* {th:autocomplete,data-th-autocomplete}] [1000]: org.thymeleaf.standard.processor.StandardRemovableAttributeTagProcessor
[THYMELEAF]             * [* {th:kind,data-th-kind}] [1000]: org.thymeleaf.standard.processor.StandardRemovableAttributeTagProcessor
[THYMELEAF]             * [* {th:rules,data-th-rules}] [1000]: org.thymeleaf.standard.processor.StandardRemovableAttributeTagProcessor
[THYMELEAF]             * [* {th:marginwidth,data-th-marginwidth}] [1000]: org.thymeleaf.standard.processor.StandardRemovableAttributeTagProcessor
[THYMELEAF]             * [* {th:scrolling,data-th-scrolling}] [1000]: org.thymeleaf.standard.processor.StandardRemovableAttributeTagProcessor
[THYMELEAF]             * [* {th:hspace,data-th-hspace}] [1000]: org.thymeleaf.standard.processor.StandardRemovableAttributeTagProcessor
[THYMELEAF]             * [* {th:archive,data-th-archive}] [1000]: org.thymeleaf.standard.processor.StandardRemovableAttributeTagProcessor
[THYMELEAF]             * [* {th:http-equiv,data-th-http-equiv}] [1000]: org.thymeleaf.standard.processor.StandardRemovableAttributeTagProcessor
[THYMELEAF]             * [* {th:formmethod,data-th-formmethod}] [1000]: org.thymeleaf.standard.processor.StandardRemovableAttributeTagProcessor
[THYMELEAF]             * [* {th:src,data-th-src}] [1000]: org.thymeleaf.standard.processor.StandardSrcTagProcessor
[THYMELEAF]             * [* {th:value,data-th-value}] [1000]: org.thymeleaf.standard.processor.StandardValueTagProcessor
[THYMELEAF]             * [* {th:xmlbase,data-th-xmlbase}] [1000]: org.thymeleaf.standard.processor.StandardXmlBaseTagProcessor
[THYMELEAF]             * [* {th:xmllang,data-th-xmllang}] [1000]: org.thymeleaf.standard.processor.StandardXmlLangTagProcessor
[THYMELEAF]             * [* {xmlns:th}] [1000]: org.thymeleaf.standard.processor.StandardXmlNsTagProcessor
[THYMELEAF]             * [* {th:xmlspace,data-th-xmlspace}] [1000]: org.thymeleaf.standard.processor.StandardXmlSpaceTagProcessor
[THYMELEAF]             * [* {th:classappend,data-th-classappend}] [1100]: org.thymeleaf.standard.processor.StandardClassappendTagProcessor
[THYMELEAF]             * [* {th:styleappend,data-th-styleappend}] [1100]: org.thymeleaf.standard.processor.StandardStyleappendTagProcessor
[THYMELEAF]             * [* {th:text,data-th-text}] [1300]: org.thymeleaf.standard.processor.StandardTextTagProcessor
[THYMELEAF]             * [* {th:utext,data-th-utext}] [1400]: org.thymeleaf.standard.processor.StandardUtextTagProcessor
[THYMELEAF]             * [* {th:fragment,data-th-fragment}] [1500]: org.thymeleaf.standard.processor.StandardFragmentTagProcessor
[THYMELEAF]             * [* {th:assert,data-th-assert}] [1550]: org.thymeleaf.standard.processor.StandardAssertTagProcessor
[THYMELEAF]             * [* {th:remove,data-th-remove}] [1600]: org.thymeleaf.standard.processor.StandardRemoveTagProcessor
[THYMELEAF]             * [* {th:ref,data-th-ref}] [10000]: org.thymeleaf.standard.processor.StandardRefAttributeTagProcessor
[THYMELEAF]             * [{th:block,th-block} *] [100000]: org.thymeleaf.standard.processor.StandardBlockTagProcessor
[THYMELEAF]             * [* th:*] [2147483647]: org.thymeleaf.standard.processor.StandardDefaultAttributesTagProcessor
[THYMELEAF]         * Text Processors by [precedence]:
[THYMELEAF]             * [1000]: org.thymeleaf.standard.processor.StandardInliningTextProcessor
[THYMELEAF]         * DOCTYPE Processors by [precedence]:
[THYMELEAF]             * [1000]: org.thymeleaf.standard.processor.StandardTranslationDocTypeProcessor
[THYMELEAF]         * CDATA Section Processors by [precedence]:
[THYMELEAF]             * [1000]: org.thymeleaf.standard.processor.StandardInliningCDATASectionProcessor
[THYMELEAF]         * Comment Processors by [precedence]:
[THYMELEAF]             * [1000]: org.thymeleaf.standard.processor.StandardInliningCommentProcessor
[THYMELEAF]             * [1100]: org.thymeleaf.standard.processor.StandardConditionalCommentProcessor
[THYMELEAF]     * Processors for Template Mode: XML
[THYMELEAF]         * Element Tag Processors by [matching element and attribute name] [precedence]:
[THYMELEAF]             * [* {th:include}] [100]: org.thymeleaf.standard.processor.StandardIncludeTagProcessor
[THYMELEAF]             * [* {th:insert}] [100]: org.thymeleaf.standard.processor.StandardInsertTagProcessor
[THYMELEAF]             * [* {th:replace}] [100]: org.thymeleaf.standard.processor.StandardReplaceTagProcessor
[THYMELEAF]             * [* {th:substituteby}] [100]: org.thymeleaf.standard.processor.StandardSubstituteByTagProcessor
[THYMELEAF]             * [* {th:each}] [200]: com.intuit.karate.template.KarateEachTagProcessor
[THYMELEAF]             * [* {th:switch}] [250]: org.thymeleaf.standard.processor.StandardSwitchTagProcessor
[THYMELEAF]             * [* {th:case}] [275]: org.thymeleaf.standard.processor.StandardCaseTagProcessor
[THYMELEAF]             * [* {th:if}] [300]: org.thymeleaf.standard.processor.StandardIfTagProcessor
[THYMELEAF]             * [* {th:unless}] [400]: org.thymeleaf.standard.processor.StandardUnlessTagProcessor
[THYMELEAF]             * [* {th:object}] [500]: org.thymeleaf.standard.processor.StandardObjectTagProcessor
[THYMELEAF]             * [* {th:with}] [600]: com.intuit.karate.template.KarateWithTagProcessor
[THYMELEAF]             * [* {th:attr}] [700]: com.intuit.karate.template.KarateAttributeTagProcessor.KarateAttrTagProcessor
[THYMELEAF]             * [* {th:attrappend}] [900]: com.intuit.karate.template.KarateAttributeTagProcessor.KarateAttrappendTagProcessor
[THYMELEAF]             * [* {th:attrprepend}] [900]: com.intuit.karate.template.KarateAttributeTagProcessor.KarateAttrprependTagProcessor
[THYMELEAF]             * [* {th:inline}] [1000]: org.thymeleaf.standard.processor.StandardInlineXMLTagProcessor
[THYMELEAF]             * [* {xmlns:th}] [1000]: org.thymeleaf.standard.processor.StandardXmlNsTagProcessor
[THYMELEAF]             * [* {th:text}] [1300]: org.thymeleaf.standard.processor.StandardTextTagProcessor
[THYMELEAF]             * [* {th:utext}] [1400]: org.thymeleaf.standard.processor.StandardUtextTagProcessor
[THYMELEAF]             * [* {th:fragment}] [1500]: org.thymeleaf.standard.processor.StandardFragmentTagProcessor
[THYMELEAF]             * [* {th:assert}] [1550]: org.thymeleaf.standard.processor.StandardAssertTagProcessor
[THYMELEAF]             * [* {th:remove}] [1600]: org.thymeleaf.standard.processor.StandardRemoveTagProcessor
[THYMELEAF]             * [* {th:ref}] [10000]: org.thymeleaf.standard.processor.StandardRefAttributeTagProcessor
[THYMELEAF]             * [{th:block} *] [100000]: org.thymeleaf.standard.processor.StandardBlockTagProcessor
[THYMELEAF]             * [* th:*] [2147483647]: org.thymeleaf.standard.processor.StandardDefaultAttributesTagProcessor
[THYMELEAF]         * Text Processors by [precedence]:
[THYMELEAF]             * [1000]: org.thymeleaf.standard.processor.StandardInliningTextProcessor
[THYMELEAF]         * CDATA Section Processors by [precedence]:
[THYMELEAF]             * [1000]: org.thymeleaf.standard.processor.StandardInliningCDATASectionProcessor
[THYMELEAF]         * Comment Processors by [precedence]:
[THYMELEAF]             * [1000]: org.thymeleaf.standard.processor.StandardInliningCommentProcessor
[THYMELEAF]     * Processors for Template Mode: TEXT
[THYMELEAF]         * Element Tag Processors by [matching element and attribute name] [precedence]:
[THYMELEAF]             * [* {th:insert}] [100]: org.thymeleaf.standard.processor.StandardInsertTagProcessor
[THYMELEAF]             * [* {th:replace}] [100]: org.thymeleaf.standard.processor.StandardReplaceTagProcessor
[THYMELEAF]             * [* {th:each}] [200]: com.intuit.karate.template.KarateEachTagProcessor
[THYMELEAF]             * [* {th:switch}] [250]: org.thymeleaf.standard.processor.StandardSwitchTagProcessor
[THYMELEAF]             * [* {th:case}] [275]: org.thymeleaf.standard.processor.StandardCaseTagProcessor
[THYMELEAF]             * [* {th:if}] [300]: org.thymeleaf.standard.processor.StandardIfTagProcessor
[THYMELEAF]             * [* {th:unless}] [400]: org.thymeleaf.standard.processor.StandardUnlessTagProcessor
[THYMELEAF]             * [* {th:object}] [500]: org.thymeleaf.standard.processor.StandardObjectTagProcessor
[THYMELEAF]             * [* {th:with}] [600]: com.intuit.karate.template.KarateWithTagProcessor
[THYMELEAF]             * [* {th:inline}] [1000]: org.thymeleaf.standard.processor.StandardInlineTextualTagProcessor
[THYMELEAF]             * [* {th:text}] [1300]: org.thymeleaf.standard.processor.StandardTextTagProcessor
[THYMELEAF]             * [* {th:utext}] [1400]: org.thymeleaf.standard.processor.StandardUtextTagProcessor
[THYMELEAF]             * [* {th:assert}] [1550]: org.thymeleaf.standard.processor.StandardAssertTagProcessor
[THYMELEAF]             * [* {th:remove}] [1600]: org.thymeleaf.standard.processor.StandardRemoveTagProcessor
[THYMELEAF]             * [* 100000] [org.thymeleaf.standard.processor.StandardBlockTagProcessor]: {}
[THYMELEAF]             * [{th:block} *] [100000]: org.thymeleaf.standard.processor.StandardBlockTagProcessor
[THYMELEAF]         * Text Processors by [precedence]:
[THYMELEAF]             * [1000]: org.thymeleaf.standard.processor.StandardInliningTextProcessor
[THYMELEAF]     * Processors for Template Mode: JAVASCRIPT
[THYMELEAF]         * Element Tag Processors by [matching element and attribute name] [precedence]:
[THYMELEAF]             * [* {th:insert}] [100]: org.thymeleaf.standard.processor.StandardInsertTagProcessor
[THYMELEAF]             * [* {th:replace}] [100]: org.thymeleaf.standard.processor.StandardReplaceTagProcessor
[THYMELEAF]             * [* {th:each}] [200]: com.intuit.karate.template.KarateEachTagProcessor
[THYMELEAF]             * [* {th:switch}] [250]: org.thymeleaf.standard.processor.StandardSwitchTagProcessor
[THYMELEAF]             * [* {th:case}] [275]: org.thymeleaf.standard.processor.StandardCaseTagProcessor
[THYMELEAF]             * [* {th:if}] [300]: org.thymeleaf.standard.processor.StandardIfTagProcessor
[THYMELEAF]             * [* {th:unless}] [400]: org.thymeleaf.standard.processor.StandardUnlessTagProcessor
[THYMELEAF]             * [* {th:object}] [500]: org.thymeleaf.standard.processor.StandardObjectTagProcessor
[THYMELEAF]             * [* {th:with}] [600]: com.intuit.karate.template.KarateWithTagProcessor
[THYMELEAF]             * [* {th:inline}] [1000]: org.thymeleaf.standard.processor.StandardInlineTextualTagProcessor
[THYMELEAF]             * [* {th:text}] [1300]: org.thymeleaf.standard.processor.StandardTextTagProcessor
[THYMELEAF]             * [* {th:utext}] [1400]: org.thymeleaf.standard.processor.StandardUtextTagProcessor
[THYMELEAF]             * [* {th:assert}] [1550]: org.thymeleaf.standard.processor.StandardAssertTagProcessor
[THYMELEAF]             * [* {th:remove}] [1600]: org.thymeleaf.standard.processor.StandardRemoveTagProcessor
[THYMELEAF]             * [{th:block} *] [100000]: org.thymeleaf.standard.processor.StandardBlockTagProcessor
[THYMELEAF]             * [* 100000] [org.thymeleaf.standard.processor.StandardBlockTagProcessor]: {}
[THYMELEAF]         * Text Processors by [precedence]:
[THYMELEAF]             * [1000]: org.thymeleaf.standard.processor.StandardInliningTextProcessor
[THYMELEAF]     * Processors for Template Mode: CSS
[THYMELEAF]         * Element Tag Processors by [matching element and attribute name] [precedence]:
[THYMELEAF]             * [* {th:insert}] [100]: org.thymeleaf.standard.processor.StandardInsertTagProcessor
[THYMELEAF]             * [* {th:replace}] [100]: org.thymeleaf.standard.processor.StandardReplaceTagProcessor
[THYMELEAF]             * [* {th:each}] [200]: com.intuit.karate.template.KarateEachTagProcessor
[THYMELEAF]             * [* {th:switch}] [250]: org.thymeleaf.standard.processor.StandardSwitchTagProcessor
[THYMELEAF]             * [* {th:case}] [275]: org.thymeleaf.standard.processor.StandardCaseTagProcessor
[THYMELEAF]             * [* {th:if}] [300]: org.thymeleaf.standard.processor.StandardIfTagProcessor
[THYMELEAF]             * [* {th:unless}] [400]: org.thymeleaf.standard.processor.StandardUnlessTagProcessor
[THYMELEAF]             * [* {th:object}] [500]: org.thymeleaf.standard.processor.StandardObjectTagProcessor
[THYMELEAF]             * [* {th:with}] [600]: com.intuit.karate.template.KarateWithTagProcessor
[THYMELEAF]             * [* {th:inline}] [1000]: org.thymeleaf.standard.processor.StandardInlineTextualTagProcessor
[THYMELEAF]             * [* {th:text}] [1300]: org.thymeleaf.standard.processor.StandardTextTagProcessor
[THYMELEAF]             * [* {th:utext}] [1400]: org.thymeleaf.standard.processor.StandardUtextTagProcessor
[THYMELEAF]             * [* {th:assert}] [1550]: org.thymeleaf.standard.processor.StandardAssertTagProcessor
[THYMELEAF]             * [* {th:remove}] [1600]: org.thymeleaf.standard.processor.StandardRemoveTagProcessor
[THYMELEAF]             * [{th:block} *] [100000]: org.thymeleaf.standard.processor.StandardBlockTagProcessor
[THYMELEAF]             * [* 100000] [org.thymeleaf.standard.processor.StandardBlockTagProcessor]: {}
[THYMELEAF]         * Text Processors by [precedence]:
[THYMELEAF]             * [1000]: org.thymeleaf.standard.processor.StandardInliningTextProcessor
[THYMELEAF]     * Expression Objects:
[THYMELEAF]         * #ctx
[THYMELEAF]         * #root
[THYMELEAF]         * #vars
[THYMELEAF]         * #object
[THYMELEAF]         * #locale
[THYMELEAF]         * #request
[THYMELEAF]         * #response
[THYMELEAF]         * #session
[THYMELEAF]         * #servletContext
[THYMELEAF]         * #conversions
[THYMELEAF]         * #uris
[THYMELEAF]         * #calendars
[THYMELEAF]         * #dates
[THYMELEAF]         * #bools
[THYMELEAF]         * #numbers
[THYMELEAF]         * #objects
[THYMELEAF]         * #strings
[THYMELEAF]         * #arrays
[THYMELEAF]         * #lists
[THYMELEAF]         * #sets
[THYMELEAF]         * #maps
[THYMELEAF]         * #aggregates
[THYMELEAF]         * #messages
[THYMELEAF]         * #ids
[THYMELEAF]         * #execInfo
[THYMELEAF]         * #httpServletRequest
[THYMELEAF]         * #httpSession
[THYMELEAF]     * Execution Attributes:
[THYMELEAF]         * "StandardExpressionParser": com.intuit.karate.template.KarateStandardDialect@fcd0e8d
[THYMELEAF]         * "StandardJavaScriptSerializer": org.thymeleaf.standard.serializer.StandardJavaScriptSerializer@69d2e517
[THYMELEAF]         * "StandardCSSSerializer": org.thymeleaf.standard.serializer.StandardCSSSerializer@1f9a7684
[THYMELEAF]         * "StandardVariableExpressionEvaluator": com.intuit.karate.template.KarateStandardDialect@fcd0e8d
[THYMELEAF]         * "StandardConversionService": org.thymeleaf.standard.expression.StandardConversionService@3b30eec5
[THYMELEAF] * Dialect [2 of 2]: karate (com.intuit.karate.template.KarateScriptDialect)
[THYMELEAF]     * Prefix: "ka"
[THYMELEAF]     * Processors for Template Mode: HTML
[THYMELEAF]         * Element Tag Processors by [matching element and attribute name] [precedence]:
[THYMELEAF]             * [* {src}] [1000]: com.intuit.karate.template.KaScriptAttrProcessor
[THYMELEAF]         * Element Model Processors by [matching element and attribute name] [precedence]:
[THYMELEAF]             * [{script} {ka:scope,data-ka-scope}] [1000]: com.intuit.karate.template.KaScriptElemProcessor
[THYMELEAF]             * [* {ka:set,data-ka-set}] [1000]: com.intuit.karate.template.KaSetElemProcessor
[THYMELEAF] TEMPLATE ENGINE CONFIGURED OK
23:24:09.028 [main] DEBUG org.thymeleaf.TemplateEngine - [THYMELEAF] TEMPLATE ENGINE INITIALIZED

HTML report: (paste into browser to view) | Karate version: 1.4.0
file:///Users/monikatalekar/Documents/automation-testing/test-automation/api-tests/karate/target/karate-reports/karate-summary.html
===================================================================

]]></system-out>
  </testcase>
</testsuite>