<?xml version="1.0" encoding="UTF-8"?>
<testsuite xmlns:xsi="http://www.w3.org/2001/XMLSchema-instance" xsi:noNamespaceSchemaLocation="https://maven.apache.org/surefire/maven-surefire-plugin/xsd/surefire-test-report-3.0.xsd" version="3.0" name="cart.CartAddRunner" time="0.067" tests="3" errors="0" skipped="0" failures="0">
  <properties>
[...]
</properties>
  <testcase name="[1:17] Add valid item to cart" classname="cart/cart-add" time="0.009">
    <system-out><![CDATA[23:24:09.256 [main] DEBUG com.intuit.karate.Suite - [config] karate-config.js
23:24:09.259 [main] DEBUG com.jayway.jsonpath.internal.path.CompiledPath - Evaluating path: $
23:24:09.259 [main] DEBUG org.apache.http.client.protocol.RequestAddCookies - CookieSpec selected: karate
23:24:09.259 [main] DEBUG org.apache.http.client.protocol.RequestAuthCache - Auth cache not set in the context
23:24:09.259 [main] DEBUG com.intuit.karate - request:
1 > POST http://localhost:3000/auth/login
1 > Content-Type: application/json; charset=UTF-8
1 > Content-Length: 53
1 > Host: localhost:3000
1 > Connection: Keep-Alive
1 > User-Agent: Apache-HttpClient/4.5.14 (Java/21.0.10)
1 > Accept-Encoding: gzip,deflate
{"email":"test@example.com","password":"password123"}

23:24:09.259 [main] DEBUG org.apache.http.impl.conn.PoolingHttpClientConnectionManager - Connection request: [route: {}->http://localhost:3000][total available: 0; route allocated: 0 of 5; total allocated: 0 of 10]
23:24:09.259 [main] DEBUG org.apache.http.impl.conn.PoolingHttpClientConnectionManager - Connection leased: [id: 23][route: {}->http://localhost:3000][total available: 0; route allocated: 1 of 5; total allocated: 1 of 10]
23:24:09.259 [main] DEBUG org.apache.http.impl.execchain.MainClientExec - Opening connection {}->http://localhost:3000
23:24:09.259 [main] DEBUG org.apache.http.impl.conn.DefaultHttpClientConnectionOperator - Connecting to localhost/127.0.0.1:3000
23:24:09.260 [main] DEBUG org.apache.http.impl.conn.DefaultHttpClientConnectionOperator - Connection established 127.0.0.1:61401<->127.0.0.1:3000
23:24:09.260 [main] DEBUG org.apache.http.impl.conn.DefaultManagedHttpClientConnection - http-outgoing-23: set socket timeout to 30000
23:24:09.260 [main] DEBUG org.apache.http.impl.execchain.MainClientExec - Executing request POST /auth/login HTTP/1.1
23:24:09.260 [main] DEBUG org.apache.http.impl.execchain.MainClientExec - Target auth state: UNCHALLENGED
23:24:09.260 [main] DEBUG org.apache.http.impl.execchain.MainClientExec - Proxy auth state: UNCHALLENGED
23:24:09.260 [main] DEBUG org.apache.http.headers - http-outgoing-23 >> POST /auth/login HTTP/1.1
23:24:09.260 [main] DEBUG org.apache.http.headers - http-outgoing-23 >> Content-Type: application/json; charset=UTF-8
23:24:09.260 [main] DEBUG org.apache.http.headers - http-outgoing-23 >> Content-Length: 53
23:24:09.260 [main] DEBUG org.apache.http.headers - http-outgoing-23 >> Host: localhost:3000
23:24:09.260 [main] DEBUG org.apache.http.headers - http-outgoing-23 >> Connection: Keep-Alive
23:24:09.260 [main] DEBUG org.apache.http.headers - http-outgoing-23 >> User-Agent: Apache-HttpClient/4.5.14 (Java/21.0.10)
23:24:09.260 [main] DEBUG org.apache.http.headers - http-outgoing-23 >> Accept-Encoding: gzip,deflate
23:24:09.260 [main] DEBUG org.apache.http.wire - http-outgoing-23 >> "POST /auth/login HTTP/1.1[\r][\n]"
23:24:09.260 [main] DEBUG org.apache.http.wire - http-outgoing-23 >> "Content-Type: application/json; charset=UTF-8[\r][\n]"
23:24:09.260 [main] DEBUG org.apache.http.wire - http-outgoing-23 >> "Content-Length: 53[\r][\n]"
23:24:09.260 [main] DEBUG org.apache.http.wire - http-outgoing-23 >> "Host: localhost:3000[\r][\n]"
23:24:09.260 [main] DEBUG org.apache.http.wire - http-outgoing-23 >> "Connection: Keep-Alive[\r][\n]"
23:24:09.260 [main] DEBUG org.apache.http.wire - http-outgoing-23 >> "User-Agent: Apache-HttpClient/4.5.14 (Java/21.0.10)[\r][\n]"
23:24:09.260 [main] DEBUG org.apache.http.wire - http-outgoing-23 >> "Accept-Encoding: gzip,deflate[\r][\n]"
23:24:09.260 [main] DEBUG org.apache.http.wire - http-outgoing-23 >> "[\r][\n]"
23:24:09.260 [main] DEBUG org.apache.http.wire - http-outgoing-23 >> "{"email":"test@example.com","password":"password123"}"
23:24:09.261 [main] DEBUG org.apache.http.wire - http-outgoing-23 << "HTTP/1.1 200 OK[\r][\n]"
23:24:09.261 [main] DEBUG org.apache.http.wire - http-outgoing-23 << "X-Powered-By: Express[\r][\n]"
23:24:09.261 [main] DEBUG org.apache.http.wire - http-outgoing-23 << "Access-Control-Allow-Origin: *[\r][\n]"
23:24:09.261 [main] DEBUG org.apache.http.wire - http-outgoing-23 << "Content-Type: application/json; charset=utf-8[\r][\n]"
23:24:09.261 [main] DEBUG org.apache.http.wire - http-outgoing-23 << "Content-Length: 216[\r][\n]"
23:24:09.261 [main] DEBUG org.apache.http.wire - http-outgoing-23 << "ETag: W/"d8-Ogit555RgaYnl8+bGg5cy2Zi/jk"[\r][\n]"
23:24:09.261 [main] DEBUG org.apache.http.wire - http-outgoing-23 << "Date: Mon, 16 Mar 2026 15:24:09 GMT[\r][\n]"
23:24:09.261 [main] DEBUG org.apache.http.wire - http-outgoing-23 << "Connection: keep-alive[\r][\n]"
23:24:09.261 [main] DEBUG org.apache.http.wire - http-outgoing-23 << "Keep-Alive: timeout=5[\r][\n]"
23:24:09.261 [main] DEBUG org.apache.http.wire - http-outgoing-23 << "[\r][\n]"
23:24:09.261 [main] DEBUG org.apache.http.wire - http-outgoing-23 << "{"accessToken":"eyJhbGciOiJIUzI1NiIsInR5cCI6IkpXVCJ9.eyJzdWIiOiIxIiwiZW1haWwiOiJ0ZXN0QGV4YW1wbGUuY29tIiwiaWF0IjoxNzczNjc0NjQ5LCJleHAiOjE3NzM2NzgyNDl9.wwP469CVcVOF051eLLaP7YPwtAh0pp0OJYTAvI7Sz7o","tokenType":"Bearer"}"
23:24:09.261 [main] DEBUG org.apache.http.headers - http-outgoing-23 << HTTP/1.1 200 OK
23:24:09.261 [main] DEBUG org.apache.http.headers - http-outgoing-23 << X-Powered-By: Express
23:24:09.261 [main] DEBUG org.apache.http.headers - http-outgoing-23 << Access-Control-Allow-Origin: *
23:24:09.261 [main] DEBUG org.apache.http.headers - http-outgoing-23 << Content-Type: application/json; charset=utf-8
23:24:09.261 [main] DEBUG org.apache.http.headers - http-outgoing-23 << Content-Length: 216
23:24:09.261 [main] DEBUG org.apache.http.headers - http-outgoing-23 << ETag: W/"d8-Ogit555RgaYnl8+bGg5cy2Zi/jk"
23:24:09.261 [main] DEBUG org.apache.http.headers - http-outgoing-23 << Date: Mon, 16 Mar 2026 15:24:09 GMT
23:24:09.261 [main] DEBUG org.apache.http.headers - http-outgoing-23 << Connection: keep-alive
23:24:09.261 [main] DEBUG org.apache.http.headers - http-outgoing-23 << Keep-Alive: timeout=5
23:24:09.261 [main] DEBUG org.apache.http.impl.execchain.MainClientExec - Connection can be kept alive for 5000 MILLISECONDS
23:24:09.261 [main] DEBUG org.apache.http.impl.conn.PoolingHttpClientConnectionManager - Connection [id: 23][route: {}->http://localhost:3000] can be kept alive for 5.0 seconds
23:24:09.261 [main] DEBUG org.apache.http.impl.conn.DefaultManagedHttpClientConnection - http-outgoing-23: set socket timeout to 0
23:24:09.261 [main] DEBUG org.apache.http.impl.conn.PoolingHttpClientConnectionManager - Connection released: [id: 23][route: {}->http://localhost:3000][total available: 1; route allocated: 1 of 5; total allocated: 1 of 10]
23:24:09.261 [main] DEBUG org.apache.http.impl.conn.PoolingHttpClientConnectionManager - Connection manager is shutting down
23:24:09.261 [main] DEBUG org.apache.http.impl.conn.DefaultManagedHttpClientConnection - http-outgoing-23: Close connection
23:24:09.261 [main] DEBUG org.apache.http.impl.conn.PoolingHttpClientConnectionManager - Connection manager shut down
23:24:09.261 [main] DEBUG com.intuit.karate - response time in milliseconds: 2
1 < 200
1 < X-Powered-By: Express
1 < Access-Control-Allow-Origin: *
1 < Content-Type: application/json; charset=utf-8
1 < Content-Length: 216
1 < ETag: W/"d8-Ogit555RgaYnl8+bGg5cy2Zi/jk"
1 < Date: Mon, 16 Mar 2026 15:24:09 GMT
1 < Connection: keep-alive
1 < Keep-Alive: timeout=5
{"accessToken":"eyJhbGciOiJIUzI1NiIsInR5cCI6IkpXVCJ9.eyJzdWIiOiIxIiwiZW1haWwiOiJ0ZXN0QGV4YW1wbGUuY29tIiwiaWF0IjoxNzczNjc0NjQ5LCJleHAiOjE3NzM2NzgyNDl9.wwP469CVcVOF051eLLaP7YPwtAh0pp0OJYTAvI7Sz7o","tokenType":"Bearer"}

23:24:09.262 [main] DEBUG org.apache.http.client.protocol.RequestAddCookies - CookieSpec selected: karate
23:24:09.262 [main] DEBUG org.apache.http.client.protocol.RequestAuthCache - Auth cache not set in the context
23:24:09.262 [main] DEBUG com.intuit.karate - request:
2 > POST http://localhost:3000/cart/clear
2 > Authorization: Bearer eyJhbGciOiJIUzI1NiIsInR5cCI6IkpXVCJ9.eyJzdWIiOiIxIiwiZW1haWwiOiJ0ZXN0QGV4YW1wbGUuY29tIiwiaWF0IjoxNzczNjc0NjQ5LCJleHAiOjE3NzM2NzgyNDl9.wwP469CVcVOF051eLLaP7YPwtAh0pp0OJYTAvI7Sz7o
2 > Host: localhost:3000
2 > Connection: Keep-Alive
2 > User-Agent: Apache-HttpClient/4.5.14 (Java/21.0.10)
2 > Accept-Encoding: gzip,deflate


23:24:09.262 [main] DEBUG org.apache.http.impl.conn.PoolingHttpClientConnectionManager - Connection request: [route: {}->http://localhost:3000][total available: 0; route allocated: 0 of 5; total allocated: 0 of 10]
23:24:09.262 [main] DEBUG org.apache.http.impl.conn.PoolingHttpClientConnectionManager - Connection leased: [id: 24][route: {}->http://localhost:3000][total available: 0; route allocated: 1 of 5; total allocated: 1 of 10]
23:24:09.262 [main] DEBUG org.apache.http.impl.execchain.MainClientExec - Opening connection {}->http://localhost:3000
23:24:09.262 [main] DEBUG org.apache.http.impl.conn.DefaultHttpClientConnectionOperator - Connecting to localhost/127.0.0.1:3000
23:24:09.263 [main] DEBUG org.apache.http.impl.conn.DefaultHttpClientConnectionOperator - Connection established 127.0.0.1:61402<->127.0.0.1:3000
23:24:09.263 [main] DEBUG org.apache.http.impl.conn.DefaultManagedHttpClientConnection - http-outgoing-24: set socket timeout to 30000
23:24:09.263 [main] DEBUG org.apache.http.impl.execchain.MainClientExec - Executing request POST /cart/clear HTTP/1.1
23:24:09.263 [main] DEBUG org.apache.http.impl.execchain.MainClientExec - Proxy auth state: UNCHALLENGED
23:24:09.263 [main] DEBUG org.apache.http.headers - http-outgoing-24 >> POST /cart/clear HTTP/1.1
23:24:09.263 [main] DEBUG org.apache.http.headers - http-outgoing-24 >> Authorization: Bearer eyJhbGciOiJIUzI1NiIsInR5cCI6IkpXVCJ9.eyJzdWIiOiIxIiwiZW1haWwiOiJ0ZXN0QGV4YW1wbGUuY29tIiwiaWF0IjoxNzczNjc0NjQ5LCJleHAiOjE3NzM2NzgyNDl9.wwP469CVcVOF051eLLaP7YPwtAh0pp0OJYTAvI7Sz7o
23:24:09.263 [main] DEBUG org.apache.http.headers - http-outgoing-24 >> Host: localhost:3000
23:24:09.263 [main] DEBUG org.apache.http.headers - http-outgoing-24 >> Connection: Keep-Alive
23:24:09.263 [main] DEBUG org.apache.http.headers - http-outgoing-24 >> User-Agent: Apache-HttpClient/4.5.14 (Java/21.0.10)
23:24:09.263 [main] DEBUG org.apache.http.headers - http-outgoing-24 >> Accept-Encoding: gzip,deflate
23:24:09.263 [main] DEBUG org.apache.http.wire - http-outgoing-24 >> "POST /cart/clear HTTP/1.1[\r][\n]"
23:24:09.263 [main] DEBUG org.apache.http.wire - http-outgoing-24 >> "Authorization: Bearer eyJhbGciOiJIUzI1NiIsInR5cCI6IkpXVCJ9.eyJzdWIiOiIxIiwiZW1haWwiOiJ0ZXN0QGV4YW1wbGUuY29tIiwiaWF0IjoxNzczNjc0NjQ5LCJleHAiOjE3NzM2NzgyNDl9.wwP469CVcVOF051eLLaP7YPwtAh0pp0OJYTAvI7Sz7o[\r][\n]"
23:24:09.263 [main] DEBUG org.apache.http.wire - http-outgoing-24 >> "Host: localhost:3000[\r][\n]"
23:24:09.263 [main] DEBUG org.apache.http.wire - http-outgoing-24 >> "Connection: Keep-Alive[\r][\n]"
23:24:09.263 [main] DEBUG org.apache.http.wire - http-outgoing-24 >> "User-Agent: Apache-HttpClient/4.5.14 (Java/21.0.10)[\r][\n]"
23:24:09.263 [main] DEBUG org.apache.http.wire - http-outgoing-24 >> "Accept-Encoding: gzip,deflate[\r][\n]"
23:24:09.263 [main] DEBUG org.apache.http.wire - http-outgoing-24 >> "[\r][\n]"
23:24:09.263 [main] DEBUG org.apache.http.wire - http-outgoing-24 << "HTTP/1.1 200 OK[\r][\n]"
23:24:09.263 [main] DEBUG org.apache.http.wire - http-outgoing-24 << "X-Powered-By: Express[\r][\n]"
23:24:09.263 [main] DEBUG org.apache.http.wire - http-outgoing-24 << "Access-Control-Allow-Origin: *[\r][\n]"
23:24:09.263 [main] DEBUG org.apache.http.wire - http-outgoing-24 << "Content-Type: application/json; charset=utf-8[\r][\n]"
23:24:09.263 [main] DEBUG org.apache.http.wire - http-outgoing-24 << "Content-Length: 26[\r][\n]"
23:24:09.263 [main] DEBUG org.apache.http.wire - http-outgoing-24 << "ETag: W/"1a-i0KbVIjnYMATZcf2ZX6d2KmG078"[\r][\n]"
23:24:09.263 [main] DEBUG org.apache.http.wire - http-outgoing-24 << "Date: Mon, 16 Mar 2026 15:24:09 GMT[\r][\n]"
23:24:09.263 [main] DEBUG org.apache.http.wire - http-outgoing-24 << "Connection: keep-alive[\r][\n]"
23:24:09.263 [main] DEBUG org.apache.http.wire - http-outgoing-24 << "Keep-Alive: timeout=5[\r][\n]"
23:24:09.263 [main] DEBUG org.apache.http.wire - http-outgoing-24 << "[\r][\n]"
23:24:09.263 [main] DEBUG org.apache.http.wire - http-outgoing-24 << "{"message":"Cart cleared"}"
23:24:09.263 [main] DEBUG org.apache.http.headers - http-outgoing-24 << HTTP/1.1 200 OK
23:24:09.263 [main] DEBUG org.apache.http.headers - http-outgoing-24 << X-Powered-By: Express
23:24:09.263 [main] DEBUG org.apache.http.headers - http-outgoing-24 << Access-Control-Allow-Origin: *
23:24:09.263 [main] DEBUG org.apache.http.headers - http-outgoing-24 << Content-Type: application/json; charset=utf-8
23:24:09.263 [main] DEBUG org.apache.http.headers - http-outgoing-24 << Content-Length: 26
23:24:09.263 [main] DEBUG org.apache.http.headers - http-outgoing-24 << ETag: W/"1a-i0KbVIjnYMATZcf2ZX6d2KmG078"
23:24:09.263 [main] DEBUG org.apache.http.headers - http-outgoing-24 << Date: Mon, 16 Mar 2026 15:24:09 GMT
23:24:09.263 [main] DEBUG org.apache.http.headers - http-outgoing-24 << Connection: keep-alive
23:24:09.263 [main] DEBUG org.apache.http.headers - http-outgoing-24 << Keep-Alive: timeout=5
23:24:09.263 [main] DEBUG org.apache.http.impl.execchain.MainClientExec - Connection can be kept alive for 5000 MILLISECONDS
23:24:09.263 [main] DEBUG org.apache.http.impl.conn.PoolingHttpClientConnectionManager - Connection [id: 24][route: {}->http://localhost:3000] can be kept alive for 5.0 seconds
23:24:09.263 [main] DEBUG org.apache.http.impl.conn.DefaultManagedHttpClientConnection - http-outgoing-24: set socket timeout to 0
23:24:09.263 [main] DEBUG org.apache.http.impl.conn.PoolingHttpClientConnectionManager - Connection released: [id: 24][route: {}->http://localhost:3000][total available: 1; route allocated: 1 of 5; total allocated: 1 of 10]
23:24:09.263 [main] DEBUG org.apache.http.impl.conn.PoolingHttpClientConnectionManager - Connection manager is shutting down
23:24:09.263 [main] DEBUG org.apache.http.impl.conn.DefaultManagedHttpClientConnection - http-outgoing-24: Close connection
23:24:09.263 [main] DEBUG org.apache.http.impl.conn.PoolingHttpClientConnectionManager - Connection manager shut down
23:24:09.263 [main] DEBUG com.intuit.karate - response time in milliseconds: 1
2 < 200
2 < X-Powered-By: Express
2 < Access-Control-Allow-Origin: *
2 < Content-Type: application/json; charset=utf-8
2 < Content-Length: 26
2 < ETag: W/"1a-i0KbVIjnYMATZcf2ZX6d2KmG078"
2 < Date: Mon, 16 Mar 2026 15:24:09 GMT
2 < Connection: keep-alive
2 < Keep-Alive: timeout=5
{"message":"Cart cleared"}

23:24:09.264 [main] DEBUG com.jayway.jsonpath.internal.path.CompiledPath - Evaluating path: $
23:24:09.264 [main] DEBUG org.apache.http.client.protocol.RequestAddCookies - CookieSpec selected: karate
23:24:09.264 [main] DEBUG org.apache.http.client.protocol.RequestAuthCache - Auth cache not set in the context
23:24:09.264 [main] DEBUG com.intuit.karate - request:
3 > POST http://localhost:3000/cart/add
3 > Authorization: Bearer eyJhbGciOiJIUzI1NiIsInR5cCI6IkpXVCJ9.eyJzdWIiOiIxIiwiZW1haWwiOiJ0ZXN0QGV4YW1wbGUuY29tIiwiaWF0IjoxNzczNjc0NjQ5LCJleHAiOjE3NzM2NzgyNDl9.wwP469CVcVOF051eLLaP7YPwtAh0pp0OJYTAvI7Sz7o
3 > Content-Type: application/json; charset=UTF-8
3 > Content-Length: 28
3 > Host: localhost:3000
3 > Connection: Keep-Alive
3 > User-Agent: Apache-HttpClient/4.5.14 (Java/21.0.10)
3 > Accept-Encoding: gzip,deflate
{"productId":1,"quantity":2}

23:24:09.264 [main] DEBUG org.apache.http.impl.conn.PoolingHttpClientConnectionManager - Connection request: [route: {}->http://localhost:3000][total available: 0; route allocated: 0 of 5; total allocated: 0 of 10]
23:24:09.264 [main] DEBUG org.apache.http.impl.conn.PoolingHttpClientConnectionManager - Connection leased: [id: 25][route: {}->http://localhost:3000][total available: 0; route allocated: 1 of 5; total allocated: 1 of 10]
23:24:09.264 [main] DEBUG org.apache.http.impl.execchain.MainClientExec - Opening connection {}->http://localhost:3000
23:24:09.264 [main] DEBUG org.apache.http.impl.conn.DefaultHttpClientConnectionOperator - Connecting to localhost/127.0.0.1:3000
23:24:09.264 [main] DEBUG org.apache.http.impl.conn.DefaultHttpClientConnectionOperator - Connection established 127.0.0.1:61403<->127.0.0.1:3000
23:24:09.264 [main] DEBUG org.apache.http.impl.conn.DefaultManagedHttpClientConnection - http-outgoing-25: set socket timeout to 30000
23:24:09.264 [main] DEBUG org.apache.http.impl.execchain.MainClientExec - Executing request POST /cart/add HTTP/1.1
23:24:09.264 [main] DEBUG org.apache.http.impl.execchain.MainClientExec - Proxy auth state: UNCHALLENGED
23:24:09.264 [main] DEBUG org.apache.http.headers - http-outgoing-25 >> POST /cart/add HTTP/1.1
23:24:09.264 [main] DEBUG org.apache.http.headers - http-outgoing-25 >> Authorization: Bearer eyJhbGciOiJIUzI1NiIsInR5cCI6IkpXVCJ9.eyJzdWIiOiIxIiwiZW1haWwiOiJ0ZXN0QGV4YW1wbGUuY29tIiwiaWF0IjoxNzczNjc0NjQ5LCJleHAiOjE3NzM2NzgyNDl9.wwP469CVcVOF051eLLaP7YPwtAh0pp0OJYTAvI7Sz7o
23:24:09.264 [main] DEBUG org.apache.http.headers - http-outgoing-25 >> Content-Type: application/json; charset=UTF-8
23:24:09.264 [main] DEBUG org.apache.http.headers - http-outgoing-25 >> Content-Length: 28
23:24:09.264 [main] DEBUG org.apache.http.headers - http-outgoing-25 >> Host: localhost:3000
23:24:09.264 [main] DEBUG org.apache.http.headers - http-outgoing-25 >> Connection: Keep-Alive
23:24:09.264 [main] DEBUG org.apache.http.headers - http-outgoing-25 >> User-Agent: Apache-HttpClient/4.5.14 (Java/21.0.10)
23:24:09.264 [main] DEBUG org.apache.http.headers - http-outgoing-25 >> Accept-Encoding: gzip,deflate
23:24:09.264 [main] DEBUG org.apache.http.wire - http-outgoing-25 >> "POST /cart/add HTTP/1.1[\r][\n]"
23:24:09.264 [main] DEBUG org.apache.http.wire - http-outgoing-25 >> "Authorization: Bearer eyJhbGciOiJIUzI1NiIsInR5cCI6IkpXVCJ9.eyJzdWIiOiIxIiwiZW1haWwiOiJ0ZXN0QGV4YW1wbGUuY29tIiwiaWF0IjoxNzczNjc0NjQ5LCJleHAiOjE3NzM2NzgyNDl9.wwP469CVcVOF051eLLaP7YPwtAh0pp0OJYTAvI7Sz7o[\r][\n]"
23:24:09.264 [main] DEBUG org.apache.http.wire - http-outgoing-25 >> "Content-Type: application/json; charset=UTF-8[\r][\n]"
23:24:09.264 [main] DEBUG org.apache.http.wire - http-outgoing-25 >> "Content-Length: 28[\r][\n]"
23:24:09.264 [main] DEBUG org.apache.http.wire - http-outgoing-25 >> "Host: localhost:3000[\r][\n]"
23:24:09.264 [main] DEBUG org.apache.http.wire - http-outgoing-25 >> "Connection: Keep-Alive[\r][\n]"
23:24:09.264 [main] DEBUG org.apache.http.wire - http-outgoing-25 >> "User-Agent: Apache-HttpClient/4.5.14 (Java/21.0.10)[\r][\n]"
23:24:09.264 [main] DEBUG org.apache.http.wire - http-outgoing-25 >> "Accept-Encoding: gzip,deflate[\r][\n]"
23:24:09.264 [main] DEBUG org.apache.http.wire - http-outgoing-25 >> "[\r][\n]"
23:24:09.264 [main] DEBUG org.apache.http.wire - http-outgoing-25 >> "{"productId":1,"quantity":2}"
23:24:09.265 [main] DEBUG org.apache.http.wire - http-outgoing-25 << "HTTP/1.1 201 Created[\r][\n]"
23:24:09.265 [main] DEBUG org.apache.http.wire - http-outgoing-25 << "X-Powered-By: Express[\r][\n]"
23:24:09.265 [main] DEBUG org.apache.http.wire - http-outgoing-25 << "Access-Control-Allow-Origin: *[\r][\n]"
23:24:09.265 [main] DEBUG org.apache.http.wire - http-outgoing-25 << "Content-Type: application/json; charset=utf-8[\r][\n]"
23:24:09.265 [main] DEBUG org.apache.http.wire - http-outgoing-25 << "Content-Length: 70[\r][\n]"
23:24:09.265 [main] DEBUG org.apache.http.wire - http-outgoing-25 << "ETag: W/"46-lmUkMrGTCH1jeOY0fDlxktBV/jc"[\r][\n]"
23:24:09.265 [main] DEBUG org.apache.http.wire - http-outgoing-25 << "Date: Mon, 16 Mar 2026 15:24:09 GMT[\r][\n]"
23:24:09.265 [main] DEBUG org.apache.http.wire - http-outgoing-25 << "Connection: keep-alive[\r][\n]"
23:24:09.265 [main] DEBUG org.apache.http.wire - http-outgoing-25 << "Keep-Alive: timeout=5[\r][\n]"
23:24:09.265 [main] DEBUG org.apache.http.wire - http-outgoing-25 << "[\r][\n]"
23:24:09.265 [main] DEBUG org.apache.http.wire - http-outgoing-25 << "{"message":"Item added to cart","cart":[{"productId":1,"quantity":2}]}"
23:24:09.265 [main] DEBUG org.apache.http.headers - http-outgoing-25 << HTTP/1.1 201 Created
23:24:09.265 [main] DEBUG org.apache.http.headers - http-outgoing-25 << X-Powered-By: Express
23:24:09.265 [main] DEBUG org.apache.http.headers - http-outgoing-25 << Access-Control-Allow-Origin: *
23:24:09.265 [main] DEBUG org.apache.http.headers - http-outgoing-25 << Content-Type: application/json; charset=utf-8
23:24:09.265 [main] DEBUG org.apache.http.headers - http-outgoing-25 << Content-Length: 70
23:24:09.265 [main] DEBUG org.apache.http.headers - http-outgoing-25 << ETag: W/"46-lmUkMrGTCH1jeOY0fDlxktBV/jc"
23:24:09.265 [main] DEBUG org.apache.http.headers - http-outgoing-25 << Date: Mon, 16 Mar 2026 15:24:09 GMT
23:24:09.265 [main] DEBUG org.apache.http.headers - http-outgoing-25 << Connection: keep-alive
23:24:09.265 [main] DEBUG org.apache.http.headers - http-outgoing-25 << Keep-Alive: timeout=5
23:24:09.265 [main] DEBUG org.apache.http.impl.execchain.MainClientExec - Connection can be kept alive for 5000 MILLISECONDS
23:24:09.265 [main] DEBUG org.apache.http.impl.conn.PoolingHttpClientConnectionManager - Connection [id: 25][route: {}->http://localhost:3000] can be kept alive for 5.0 seconds
23:24:09.265 [main] DEBUG org.apache.http.impl.conn.DefaultManagedHttpClientConnection - http-outgoing-25: set socket timeout to 0
23:24:09.265 [main] DEBUG org.apache.http.impl.conn.PoolingHttpClientConnectionManager - Connection released: [id: 25][route: {}->http://localhost:3000][total available: 1; route allocated: 1 of 5; total allocated: 1 of 10]
23:24:09.265 [main] DEBUG org.apache.http.impl.conn.PoolingHttpClientConnectionManager - Connection manager is shutting down
23:24:09.265 [main] DEBUG org.apache.http.impl.conn.DefaultManagedHttpClientConnection - http-outgoing-25: Close connection
23:24:09.265 [main] DEBUG org.apache.http.impl.conn.PoolingHttpClientConnectionManager - Connection manager shut down
23:24:09.265 [main] DEBUG com.intuit.karate - response time in milliseconds: 1
3 < 201
3 < X-Powered-By: Express
3 < Access-Control-Allow-Origin: *
3 < Content-Type: application/json; charset=utf-8
3 < Content-Length: 70
3 < ETag: W/"46-lmUkMrGTCH1jeOY0fDlxktBV/jc"
3 < Date: Mon, 16 Mar 2026 15:24:09 GMT
3 < Connection: keep-alive
3 < Keep-Alive: timeout=5
{"message":"Item added to cart","cart":[{"productId":1,"quantity":2}]}

23:24:09.265 [main] DEBUG com.jayway.jsonpath.internal.path.CompiledPath - Evaluating path: $
]]></system-out>
  </testcase>
  <testcase name="[2:33] Add with invalid productId" classname="cart/cart-add" time="0.007">
    <system-out><![CDATA[23:24:09.267 [main] DEBUG com.jayway.jsonpath.internal.path.CompiledPath - Evaluating path: $
23:24:09.268 [main] DEBUG org.apache.http.client.protocol.RequestAddCookies - CookieSpec selected: karate
23:24:09.268 [main] DEBUG org.apache.http.client.protocol.RequestAuthCache - Auth cache not set in the context
23:24:09.268 [main] DEBUG com.intuit.karate - request:
1 > POST http://localhost:3000/auth/login
1 > Content-Type: application/json; charset=UTF-8
1 > Content-Length: 53
1 > Host: localhost:3000
1 > Connection: Keep-Alive
1 > User-Agent: Apache-HttpClient/4.5.14 (Java/21.0.10)
1 > Accept-Encoding: gzip,deflate
{"email":"test@example.com","password":"password123"}

23:24:09.268 [main] DEBUG org.apache.http.impl.conn.PoolingHttpClientConnectionManager - Connection request: [route: {}->http://localhost:3000][total available: 0; route allocated: 0 of 5; total allocated: 0 of 10]
23:24:09.268 [main] DEBUG org.apache.http.impl.conn.PoolingHttpClientConnectionManager - Connection leased: [id: 26][route: {}->http://localhost:3000][total available: 0; route allocated: 1 of 5; total allocated: 1 of 10]
23:24:09.268 [main] DEBUG org.apache.http.impl.execchain.MainClientExec - Opening connection {}->http://localhost:3000
23:24:09.268 [main] DEBUG org.apache.http.impl.conn.DefaultHttpClientConnectionOperator - Connecting to localhost/127.0.0.1:3000
23:24:09.268 [main] DEBUG org.apache.http.impl.conn.DefaultHttpClientConnectionOperator - Connection established 127.0.0.1:61404<->127.0.0.1:3000
23:24:09.268 [main] DEBUG org.apache.http.impl.conn.DefaultManagedHttpClientConnection - http-outgoing-26: set socket timeout to 30000
23:24:09.268 [main] DEBUG org.apache.http.impl.execchain.MainClientExec - Executing request POST /auth/login HTTP/1.1
23:24:09.268 [main] DEBUG org.apache.http.impl.execchain.MainClientExec - Target auth state: UNCHALLENGED
23:24:09.268 [main] DEBUG org.apache.http.impl.execchain.MainClientExec - Proxy auth state: UNCHALLENGED
23:24:09.268 [main] DEBUG org.apache.http.headers - http-outgoing-26 >> POST /auth/login HTTP/1.1
23:24:09.268 [main] DEBUG org.apache.http.headers - http-outgoing-26 >> Content-Type: application/json; charset=UTF-8
23:24:09.268 [main] DEBUG org.apache.http.headers - http-outgoing-26 >> Content-Length: 53
23:24:09.268 [main] DEBUG org.apache.http.headers - http-outgoing-26 >> Host: localhost:3000
23:24:09.268 [main] DEBUG org.apache.http.headers - http-outgoing-26 >> Connection: Keep-Alive
23:24:09.268 [main] DEBUG org.apache.http.headers - http-outgoing-26 >> User-Agent: Apache-HttpClient/4.5.14 (Java/21.0.10)
23:24:09.268 [main] DEBUG org.apache.http.headers - http-outgoing-26 >> Accept-Encoding: gzip,deflate
23:24:09.268 [main] DEBUG org.apache.http.wire - http-outgoing-26 >> "POST /auth/login HTTP/1.1[\r][\n]"
23:24:09.268 [main] DEBUG org.apache.http.wire - http-outgoing-26 >> "Content-Type: application/json; charset=UTF-8[\r][\n]"
23:24:09.268 [main] DEBUG org.apache.http.wire - http-outgoing-26 >> "Content-Length: 53[\r][\n]"
23:24:09.268 [main] DEBUG org.apache.http.wire - http-outgoing-26 >> "Host: localhost:3000[\r][\n]"
23:24:09.268 [main] DEBUG org.apache.http.wire - http-outgoing-26 >> "Connection: Keep-Alive[\r][\n]"
23:24:09.268 [main] DEBUG org.apache.http.wire - http-outgoing-26 >> "User-Agent: Apache-HttpClient/4.5.14 (Java/21.0.10)[\r][\n]"
23:24:09.268 [main] DEBUG org.apache.http.wire - http-outgoing-26 >> "Accept-Encoding: gzip,deflate[\r][\n]"
23:24:09.268 [main] DEBUG org.apache.http.wire - http-outgoing-26 >> "[\r][\n]"
23:24:09.268 [main] DEBUG org.apache.http.wire - http-outgoing-26 >> "{"email":"test@example.com","password":"password123"}"
23:24:09.269 [main] DEBUG org.apache.http.wire - http-outgoing-26 << "HTTP/1.1 200 OK[\r][\n]"
23:24:09.269 [main] DEBUG org.apache.http.wire - http-outgoing-26 << "X-Powered-By: Express[\r][\n]"
23:24:09.269 [main] DEBUG org.apache.http.wire - http-outgoing-26 << "Access-Control-Allow-Origin: *[\r][\n]"
23:24:09.269 [main] DEBUG org.apache.http.wire - http-outgoing-26 << "Content-Type: application/json; charset=utf-8[\r][\n]"
23:24:09.269 [main] DEBUG org.apache.http.wire - http-outgoing-26 << "Content-Length: 216[\r][\n]"
23:24:09.269 [main] DEBUG org.apache.http.wire - http-outgoing-26 << "ETag: W/"d8-Ogit555RgaYnl8+bGg5cy2Zi/jk"[\r][\n]"
23:24:09.269 [main] DEBUG org.apache.http.wire - http-outgoing-26 << "Date: Mon, 16 Mar 2026 15:24:09 GMT[\r][\n]"
23:24:09.269 [main] DEBUG org.apache.http.wire - http-outgoing-26 << "Connection: keep-alive[\r][\n]"
23:24:09.269 [main] DEBUG org.apache.http.wire - http-outgoing-26 << "Keep-Alive: timeout=5[\r][\n]"
23:24:09.269 [main] DEBUG org.apache.http.wire - http-outgoing-26 << "[\r][\n]"
23:24:09.269 [main] DEBUG org.apache.http.wire - http-outgoing-26 << "{"accessToken":"eyJhbGciOiJIUzI1NiIsInR5cCI6IkpXVCJ9.eyJzdWIiOiIxIiwiZW1haWwiOiJ0ZXN0QGV4YW1wbGUuY29tIiwiaWF0IjoxNzczNjc0NjQ5LCJleHAiOjE3NzM2NzgyNDl9.wwP469CVcVOF051eLLaP7YPwtAh0pp0OJYTAvI7Sz7o","tokenType":"Bearer"}"
23:24:09.269 [main] DEBUG org.apache.http.headers - http-outgoing-26 << HTTP/1.1 200 OK
23:24:09.269 [main] DEBUG org.apache.http.headers - http-outgoing-26 << X-Powered-By: Express
23:24:09.269 [main] DEBUG org.apache.http.headers - http-outgoing-26 << Access-Control-Allow-Origin: *
23:24:09.269 [main] DEBUG org.apache.http.headers - http-outgoing-26 << Content-Type: application/json; charset=utf-8
23:24:09.269 [main] DEBUG org.apache.http.headers - http-outgoing-26 << Content-Length: 216
23:24:09.269 [main] DEBUG org.apache.http.headers - http-outgoing-26 << ETag: W/"d8-Ogit555RgaYnl8+bGg5cy2Zi/jk"
23:24:09.269 [main] DEBUG org.apache.http.headers - http-outgoing-26 << Date: Mon, 16 Mar 2026 15:24:09 GMT
23:24:09.269 [main] DEBUG org.apache.http.headers - http-outgoing-26 << Connection: keep-alive
23:24:09.269 [main] DEBUG org.apache.http.headers - http-outgoing-26 << Keep-Alive: timeout=5
23:24:09.269 [main] DEBUG org.apache.http.impl.execchain.MainClientExec - Connection can be kept alive for 5000 MILLISECONDS
23:24:09.269 [main] DEBUG org.apache.http.impl.conn.PoolingHttpClientConnectionManager - Connection [id: 26][route: {}->http://localhost:3000] can be kept alive for 5.0 seconds
23:24:09.269 [main] DEBUG org.apache.http.impl.conn.DefaultManagedHttpClientConnection - http-outgoing-26: set socket timeout to 0
23:24:09.269 [main] DEBUG org.apache.http.impl.conn.PoolingHttpClientConnectionManager - Connection released: [id: 26][route: {}->http://localhost:3000][total available: 1; route allocated: 1 of 5; total allocated: 1 of 10]
23:24:09.269 [main] DEBUG org.apache.http.impl.conn.PoolingHttpClientConnectionManager - Connection manager is shutting down
23:24:09.269 [main] DEBUG org.apache.http.impl.conn.DefaultManagedHttpClientConnection - http-outgoing-26: Close connection
23:24:09.269 [main] DEBUG org.apache.http.impl.conn.PoolingHttpClientConnectionManager - Connection manager shut down
23:24:09.269 [main] DEBUG com.intuit.karate - response time in milliseconds: 1
1 < 200
1 < X-Powered-By: Express
1 < Access-Control-Allow-Origin: *
1 < Content-Type: application/json; charset=utf-8
1 < Content-Length: 216
1 < ETag: W/"d8-Ogit555RgaYnl8+bGg5cy2Zi/jk"
1 < Date: Mon, 16 Mar 2026 15:24:09 GMT
1 < Connection: keep-alive
1 < Keep-Alive: timeout=5
{"accessToken":"eyJhbGciOiJIUzI1NiIsInR5cCI6IkpXVCJ9.eyJzdWIiOiIxIiwiZW1haWwiOiJ0ZXN0QGV4YW1wbGUuY29tIiwiaWF0IjoxNzczNjc0NjQ5LCJleHAiOjE3NzM2NzgyNDl9.wwP469CVcVOF051eLLaP7YPwtAh0pp0OJYTAvI7Sz7o","tokenType":"Bearer"}

23:24:09.270 [main] DEBUG org.apache.http.client.protocol.RequestAddCookies - CookieSpec selected: karate
23:24:09.270 [main] DEBUG org.apache.http.client.protocol.RequestAuthCache - Auth cache not set in the context
23:24:09.270 [main] DEBUG com.intuit.karate - request:
2 > POST http://localhost:3000/cart/clear
2 > Authorization: Bearer eyJhbGciOiJIUzI1NiIsInR5cCI6IkpXVCJ9.eyJzdWIiOiIxIiwiZW1haWwiOiJ0ZXN0QGV4YW1wbGUuY29tIiwiaWF0IjoxNzczNjc0NjQ5LCJleHAiOjE3NzM2NzgyNDl9.wwP469CVcVOF051eLLaP7YPwtAh0pp0OJYTAvI7Sz7o
2 > Host: localhost:3000
2 > Connection: Keep-Alive
2 > User-Agent: Apache-HttpClient/4.5.14 (Java/21.0.10)
2 > Accept-Encoding: gzip,deflate


23:24:09.270 [main] DEBUG org.apache.http.impl.conn.PoolingHttpClientConnectionManager - Connection request: [route: {}->http://localhost:3000][total available: 0; route allocated: 0 of 5; total allocated: 0 of 10]
23:24:09.270 [main] DEBUG org.apache.http.impl.conn.PoolingHttpClientConnectionManager - Connection leased: [id: 27][route: {}->http://localhost:3000][total available: 0; route allocated: 1 of 5; total allocated: 1 of 10]
23:24:09.270 [main] DEBUG org.apache.http.impl.execchain.MainClientExec - Opening connection {}->http://localhost:3000
23:24:09.270 [main] DEBUG org.apache.http.impl.conn.DefaultHttpClientConnectionOperator - Connecting to localhost/127.0.0.1:3000
23:24:09.270 [main] DEBUG org.apache.http.impl.conn.DefaultHttpClientConnectionOperator - Connection established 127.0.0.1:61405<->127.0.0.1:3000
23:24:09.270 [main] DEBUG org.apache.http.impl.conn.DefaultManagedHttpClientConnection - http-outgoing-27: set socket timeout to 30000
23:24:09.270 [main] DEBUG org.apache.http.impl.execchain.MainClientExec - Executing request POST /cart/clear HTTP/1.1
23:24:09.270 [main] DEBUG org.apache.http.impl.execchain.MainClientExec - Proxy auth state: UNCHALLENGED
23:24:09.270 [main] DEBUG org.apache.http.headers - http-outgoing-27 >> POST /cart/clear HTTP/1.1
23:24:09.270 [main] DEBUG org.apache.http.headers - http-outgoing-27 >> Authorization: Bearer eyJhbGciOiJIUzI1NiIsInR5cCI6IkpXVCJ9.eyJzdWIiOiIxIiwiZW1haWwiOiJ0ZXN0QGV4YW1wbGUuY29tIiwiaWF0IjoxNzczNjc0NjQ5LCJleHAiOjE3NzM2NzgyNDl9.wwP469CVcVOF051eLLaP7YPwtAh0pp0OJYTAvI7Sz7o
23:24:09.270 [main] DEBUG org.apache.http.headers - http-outgoing-27 >> Host: localhost:3000
23:24:09.270 [main] DEBUG org.apache.http.headers - http-outgoing-27 >> Connection: Keep-Alive
23:24:09.270 [main] DEBUG org.apache.http.headers - http-outgoing-27 >> User-Agent: Apache-HttpClient/4.5.14 (Java/21.0.10)
23:24:09.270 [main] DEBUG org.apache.http.headers - http-outgoing-27 >> Accept-Encoding: gzip,deflate
23:24:09.270 [main] DEBUG org.apache.http.wire - http-outgoing-27 >> "POST /cart/clear HTTP/1.1[\r][\n]"
23:24:09.270 [main] DEBUG org.apache.http.wire - http-outgoing-27 >> "Authorization: Bearer eyJhbGciOiJIUzI1NiIsInR5cCI6IkpXVCJ9.eyJzdWIiOiIxIiwiZW1haWwiOiJ0ZXN0QGV4YW1wbGUuY29tIiwiaWF0IjoxNzczNjc0NjQ5LCJleHAiOjE3NzM2NzgyNDl9.wwP469CVcVOF051eLLaP7YPwtAh0pp0OJYTAvI7Sz7o[\r][\n]"
23:24:09.270 [main] DEBUG org.apache.http.wire - http-outgoing-27 >> "Host: localhost:3000[\r][\n]"
23:24:09.270 [main] DEBUG org.apache.http.wire - http-outgoing-27 >> "Connection: Keep-Alive[\r][\n]"
23:24:09.270 [main] DEBUG org.apache.http.wire - http-outgoing-27 >> "User-Agent: Apache-HttpClient/4.5.14 (Java/21.0.10)[\r][\n]"
23:24:09.270 [main] DEBUG org.apache.http.wire - http-outgoing-27 >> "Accept-Encoding: gzip,deflate[\r][\n]"
23:24:09.270 [main] DEBUG org.apache.http.wire - http-outgoing-27 >> "[\r][\n]"
23:24:09.270 [main] DEBUG org.apache.http.wire - http-outgoing-27 << "HTTP/1.1 200 OK[\r][\n]"
23:24:09.270 [main] DEBUG org.apache.http.wire - http-outgoing-27 << "X-Powered-By: Express[\r][\n]"
23:24:09.270 [main] DEBUG org.apache.http.wire - http-outgoing-27 << "Access-Control-Allow-Origin: *[\r][\n]"
23:24:09.270 [main] DEBUG org.apache.http.wire - http-outgoing-27 << "Content-Type: application/json; charset=utf-8[\r][\n]"
23:24:09.270 [main] DEBUG org.apache.http.wire - http-outgoing-27 << "Content-Length: 26[\r][\n]"
23:24:09.270 [main] DEBUG org.apache.http.wire - http-outgoing-27 << "ETag: W/"1a-i0KbVIjnYMATZcf2ZX6d2KmG078"[\r][\n]"
23:24:09.270 [main] DEBUG org.apache.http.wire - http-outgoing-27 << "Date: Mon, 16 Mar 2026 15:24:09 GMT[\r][\n]"
23:24:09.270 [main] DEBUG org.apache.http.wire - http-outgoing-27 << "Connection: keep-alive[\r][\n]"
23:24:09.270 [main] DEBUG org.apache.http.wire - http-outgoing-27 << "Keep-Alive: timeout=5[\r][\n]"
23:24:09.270 [main] DEBUG org.apache.http.wire - http-outgoing-27 << "[\r][\n]"
23:24:09.270 [main] DEBUG org.apache.http.wire - http-outgoing-27 << "{"message":"Cart cleared"}"
23:24:09.270 [main] DEBUG org.apache.http.headers - http-outgoing-27 << HTTP/1.1 200 OK
23:24:09.270 [main] DEBUG org.apache.http.headers - http-outgoing-27 << X-Powered-By: Express
23:24:09.270 [main] DEBUG org.apache.http.headers - http-outgoing-27 << Access-Control-Allow-Origin: *
23:24:09.270 [main] DEBUG org.apache.http.headers - http-outgoing-27 << Content-Type: application/json; charset=utf-8
23:24:09.270 [main] DEBUG org.apache.http.headers - http-outgoing-27 << Content-Length: 26
23:24:09.270 [main] DEBUG org.apache.http.headers - http-outgoing-27 << ETag: W/"1a-i0KbVIjnYMATZcf2ZX6d2KmG078"
23:24:09.270 [main] DEBUG org.apache.http.headers - http-outgoing-27 << Date: Mon, 16 Mar 2026 15:24:09 GMT
23:24:09.270 [main] DEBUG org.apache.http.headers - http-outgoing-27 << Connection: keep-alive
23:24:09.270 [main] DEBUG org.apache.http.headers - http-outgoing-27 << Keep-Alive: timeout=5
23:24:09.270 [main] DEBUG org.apache.http.impl.execchain.MainClientExec - Connection can be kept alive for 5000 MILLISECONDS
23:24:09.270 [main] DEBUG org.apache.http.impl.conn.PoolingHttpClientConnectionManager - Connection [id: 27][route: {}->http://localhost:3000] can be kept alive for 5.0 seconds
23:24:09.270 [main] DEBUG org.apache.http.impl.conn.DefaultManagedHttpClientConnection - http-outgoing-27: set socket timeout to 0
23:24:09.270 [main] DEBUG org.apache.http.impl.conn.PoolingHttpClientConnectionManager - Connection released: [id: 27][route: {}->http://localhost:3000][total available: 1; route allocated: 1 of 5; total allocated: 1 of 10]
23:24:09.270 [main] DEBUG org.apache.http.impl.conn.PoolingHttpClientConnectionManager - Connection manager is shutting down
23:24:09.270 [main] DEBUG org.apache.http.impl.conn.DefaultManagedHttpClientConnection - http-outgoing-27: Close connection
23:24:09.270 [main] DEBUG org.apache.http.impl.conn.PoolingHttpClientConnectionManager - Connection manager shut down
23:24:09.270 [main] DEBUG com.intuit.karate - response time in milliseconds: 0
2 < 200
2 < X-Powered-By: Express
2 < Access-Control-Allow-Origin: *
2 < Content-Type: application/json; charset=utf-8
2 < Content-Length: 26
2 < ETag: W/"1a-i0KbVIjnYMATZcf2ZX6d2KmG078"
2 < Date: Mon, 16 Mar 2026 15:24:09 GMT
2 < Connection: keep-alive
2 < Keep-Alive: timeout=5
{"message":"Cart cleared"}

23:24:09.271 [main] DEBUG com.jayway.jsonpath.internal.path.CompiledPath - Evaluating path: $
23:24:09.271 [main] DEBUG org.apache.http.client.protocol.RequestAddCookies - CookieSpec selected: karate
23:24:09.271 [main] DEBUG org.apache.http.client.protocol.RequestAuthCache - Auth cache not set in the context
23:24:09.271 [main] DEBUG com.intuit.karate - request:
3 > POST http://localhost:3000/cart/add
3 > Authorization: Bearer eyJhbGciOiJIUzI1NiIsInR5cCI6IkpXVCJ9.eyJzdWIiOiIxIiwiZW1haWwiOiJ0ZXN0QGV4YW1wbGUuY29tIiwiaWF0IjoxNzczNjc0NjQ5LCJleHAiOjE3NzM2NzgyNDl9.wwP469CVcVOF051eLLaP7YPwtAh0pp0OJYTAvI7Sz7o
3 > Content-Type: application/json; charset=UTF-8
3 > Content-Length: 30
3 > Host: localhost:3000
3 > Connection: Keep-Alive
3 > User-Agent: Apache-HttpClient/4.5.14 (Java/21.0.10)
3 > Accept-Encoding: gzip,deflate
{"productId":999,"quantity":1}

23:24:09.271 [main] DEBUG org.apache.http.impl.conn.PoolingHttpClientConnectionManager - Connection request: [route: {}->http://localhost:3000][total available: 0; route allocated: 0 of 5; total allocated: 0 of 10]
23:24:09.271 [main] DEBUG org.apache.http.impl.conn.PoolingHttpClientConnectionManager - Connection leased: [id: 28][route: {}->http://localhost:3000][total available: 0; route allocated: 1 of 5; total allocated: 1 of 10]
23:24:09.271 [main] DEBUG org.apache.http.impl.execchain.MainClientExec - Opening connection {}->http://localhost:3000
23:24:09.271 [main] DEBUG org.apache.http.impl.conn.DefaultHttpClientConnectionOperator - Connecting to localhost/127.0.0.1:3000
23:24:09.271 [main] DEBUG org.apache.http.impl.conn.DefaultHttpClientConnectionOperator - Connection established 127.0.0.1:61406<->127.0.0.1:3000
23:24:09.271 [main] DEBUG org.apache.http.impl.conn.DefaultManagedHttpClientConnection - http-outgoing-28: set socket timeout to 30000
23:24:09.271 [main] DEBUG org.apache.http.impl.execchain.MainClientExec - Executing request POST /cart/add HTTP/1.1
23:24:09.271 [main] DEBUG org.apache.http.impl.execchain.MainClientExec - Proxy auth state: UNCHALLENGED
23:24:09.271 [main] DEBUG org.apache.http.headers - http-outgoing-28 >> POST /cart/add HTTP/1.1
23:24:09.271 [main] DEBUG org.apache.http.headers - http-outgoing-28 >> Authorization: Bearer eyJhbGciOiJIUzI1NiIsInR5cCI6IkpXVCJ9.eyJzdWIiOiIxIiwiZW1haWwiOiJ0ZXN0QGV4YW1wbGUuY29tIiwiaWF0IjoxNzczNjc0NjQ5LCJleHAiOjE3NzM2NzgyNDl9.wwP469CVcVOF051eLLaP7YPwtAh0pp0OJYTAvI7Sz7o
23:24:09.271 [main] DEBUG org.apache.http.headers - http-outgoing-28 >> Content-Type: application/json; charset=UTF-8
23:24:09.271 [main] DEBUG org.apache.http.headers - http-outgoing-28 >> Content-Length: 30
23:24:09.271 [main] DEBUG org.apache.http.headers - http-outgoing-28 >> Host: localhost:3000
23:24:09.271 [main] DEBUG org.apache.http.headers - http-outgoing-28 >> Connection: Keep-Alive
23:24:09.271 [main] DEBUG org.apache.http.headers - http-outgoing-28 >> User-Agent: Apache-HttpClient/4.5.14 (Java/21.0.10)
23:24:09.271 [main] DEBUG org.apache.http.headers - http-outgoing-28 >> Accept-Encoding: gzip,deflate
23:24:09.271 [main] DEBUG org.apache.http.wire - http-outgoing-28 >> "POST /cart/add HTTP/1.1[\r][\n]"
23:24:09.271 [main] DEBUG org.apache.http.wire - http-outgoing-28 >> "Authorization: Bearer eyJhbGciOiJIUzI1NiIsInR5cCI6IkpXVCJ9.eyJzdWIiOiIxIiwiZW1haWwiOiJ0ZXN0QGV4YW1wbGUuY29tIiwiaWF0IjoxNzczNjc0NjQ5LCJleHAiOjE3NzM2NzgyNDl9.wwP469CVcVOF051eLLaP7YPwtAh0pp0OJYTAvI7Sz7o[\r][\n]"
23:24:09.271 [main] DEBUG org.apache.http.wire - http-outgoing-28 >> "Content-Type: application/json; charset=UTF-8[\r][\n]"
23:24:09.271 [main] DEBUG org.apache.http.wire - http-outgoing-28 >> "Content-Length: 30[\r][\n]"
23:24:09.271 [main] DEBUG org.apache.http.wire - http-outgoing-28 >> "Host: localhost:3000[\r][\n]"
23:24:09.271 [main] DEBUG org.apache.http.wire - http-outgoing-28 >> "Connection: Keep-Alive[\r][\n]"
23:24:09.271 [main] DEBUG org.apache.http.wire - http-outgoing-28 >> "User-Agent: Apache-HttpClient/4.5.14 (Java/21.0.10)[\r][\n]"
23:24:09.271 [main] DEBUG org.apache.http.wire - http-outgoing-28 >> "Accept-Encoding: gzip,deflate[\r][\n]"
23:24:09.271 [main] DEBUG org.apache.http.wire - http-outgoing-28 >> "[\r][\n]"
23:24:09.271 [main] DEBUG org.apache.http.wire - http-outgoing-28 >> "{"productId":999,"quantity":1}"
23:24:09.272 [main] DEBUG org.apache.http.wire - http-outgoing-28 << "HTTP/1.1 400 Bad Request[\r][\n]"
23:24:09.272 [main] DEBUG org.apache.http.wire - http-outgoing-28 << "X-Powered-By: Express[\r][\n]"
23:24:09.272 [main] DEBUG org.apache.http.wire - http-outgoing-28 << "Access-Control-Allow-Origin: *[\r][\n]"
23:24:09.272 [main] DEBUG org.apache.http.wire - http-outgoing-28 << "Content-Type: application/json; charset=utf-8[\r][\n]"
23:24:09.272 [main] DEBUG org.apache.http.wire - http-outgoing-28 << "Content-Length: 29[\r][\n]"
23:24:09.272 [main] DEBUG org.apache.http.wire - http-outgoing-28 << "ETag: W/"1d-IHpbFjgXCZfREhR9Mq/X4SIMLLw"[\r][\n]"
23:24:09.272 [main] DEBUG org.apache.http.wire - http-outgoing-28 << "Date: Mon, 16 Mar 2026 15:24:09 GMT[\r][\n]"
23:24:09.272 [main] DEBUG org.apache.http.wire - http-outgoing-28 << "Connection: keep-alive[\r][\n]"
23:24:09.272 [main] DEBUG org.apache.http.wire - http-outgoing-28 << "Keep-Alive: timeout=5[\r][\n]"
23:24:09.272 [main] DEBUG org.apache.http.wire - http-outgoing-28 << "[\r][\n]"
23:24:09.272 [main] DEBUG org.apache.http.wire - http-outgoing-28 << "{"error":"Invalid productId"}"
23:24:09.272 [main] DEBUG org.apache.http.headers - http-outgoing-28 << HTTP/1.1 400 Bad Request
23:24:09.272 [main] DEBUG org.apache.http.headers - http-outgoing-28 << X-Powered-By: Express
23:24:09.272 [main] DEBUG org.apache.http.headers - http-outgoing-28 << Access-Control-Allow-Origin: *
23:24:09.272 [main] DEBUG org.apache.http.headers - http-outgoing-28 << Content-Type: application/json; charset=utf-8
23:24:09.272 [main] DEBUG org.apache.http.headers - http-outgoing-28 << Content-Length: 29
23:24:09.272 [main] DEBUG org.apache.http.headers - http-outgoing-28 << ETag: W/"1d-IHpbFjgXCZfREhR9Mq/X4SIMLLw"
23:24:09.272 [main] DEBUG org.apache.http.headers - http-outgoing-28 << Date: Mon, 16 Mar 2026 15:24:09 GMT
23:24:09.272 [main] DEBUG org.apache.http.headers - http-outgoing-28 << Connection: keep-alive
23:24:09.272 [main] DEBUG org.apache.http.headers - http-outgoing-28 << Keep-Alive: timeout=5
23:24:09.272 [main] DEBUG org.apache.http.impl.execchain.MainClientExec - Connection can be kept alive for 5000 MILLISECONDS
23:24:09.272 [main] DEBUG org.apache.http.impl.conn.PoolingHttpClientConnectionManager - Connection [id: 28][route: {}->http://localhost:3000] can be kept alive for 5.0 seconds
23:24:09.272 [main] DEBUG org.apache.http.impl.conn.DefaultManagedHttpClientConnection - http-outgoing-28: set socket timeout to 0
23:24:09.272 [main] DEBUG org.apache.http.impl.conn.PoolingHttpClientConnectionManager - Connection released: [id: 28][route: {}->http://localhost:3000][total available: 1; route allocated: 1 of 5; total allocated: 1 of 10]
23:24:09.272 [main] DEBUG org.apache.http.impl.conn.PoolingHttpClientConnectionManager - Connection manager is shutting down
23:24:09.272 [main] DEBUG org.apache.http.impl.conn.DefaultManagedHttpClientConnection - http-outgoing-28: Close connection
23:24:09.272 [main] DEBUG org.apache.http.impl.conn.PoolingHttpClientConnectionManager - Connection manager shut down
23:24:09.272 [main] DEBUG com.intuit.karate - response time in milliseconds: 1
3 < 400
3 < X-Powered-By: Express
3 < Access-Control-Allow-Origin: *
3 < Content-Type: application/json; charset=utf-8
3 < Content-Length: 29
3 < ETag: W/"1d-IHpbFjgXCZfREhR9Mq/X4SIMLLw"
3 < Date: Mon, 16 Mar 2026 15:24:09 GMT
3 < Connection: keep-alive
3 < Keep-Alive: timeout=5
{"error":"Invalid productId"}

23:24:09.272 [main] DEBUG com.jayway.jsonpath.internal.path.CompiledPath - Evaluating path: $
]]></system-out>
  </testcase>
  <testcase name="[3:41] Add with invalid quantity" classname="cart/cart-add" time="0.048">
    <system-out><![CDATA[23:24:09.274 [main] DEBUG com.jayway.jsonpath.internal.path.CompiledPath - Evaluating path: $
23:24:09.274 [main] DEBUG org.apache.http.client.protocol.RequestAddCookies - CookieSpec selected: karate
23:24:09.274 [main] DEBUG org.apache.http.client.protocol.RequestAuthCache - Auth cache not set in the context
23:24:09.274 [main] DEBUG com.intuit.karate - request:
1 > POST http://localhost:3000/auth/login
1 > Content-Type: application/json; charset=UTF-8
1 > Content-Length: 53
1 > Host: localhost:3000
1 > Connection: Keep-Alive
1 > User-Agent: Apache-HttpClient/4.5.14 (Java/21.0.10)
1 > Accept-Encoding: gzip,deflate
{"email":"test@example.com","password":"password123"}

23:24:09.274 [main] DEBUG org.apache.http.impl.conn.PoolingHttpClientConnectionManager - Connection request: [route: {}->http://localhost:3000][total available: 0; route allocated: 0 of 5; total allocated: 0 of 10]
23:24:09.275 [main] DEBUG org.apache.http.impl.conn.PoolingHttpClientConnectionManager - Connection leased: [id: 29][route: {}->http://localhost:3000][total available: 0; route allocated: 1 of 5; total allocated: 1 of 10]
23:24:09.275 [main] DEBUG org.apache.http.impl.execchain.MainClientExec - Opening connection {}->http://localhost:3000
23:24:09.275 [main] DEBUG org.apache.http.impl.conn.DefaultHttpClientConnectionOperator - Connecting to localhost/127.0.0.1:3000
23:24:09.275 [main] DEBUG org.apache.http.impl.conn.DefaultHttpClientConnectionOperator - Connection established 127.0.0.1:61407<->127.0.0.1:3000
23:24:09.275 [main] DEBUG org.apache.http.impl.conn.DefaultManagedHttpClientConnection - http-outgoing-29: set socket timeout to 30000
23:24:09.275 [main] DEBUG org.apache.http.impl.execchain.MainClientExec - Executing request POST /auth/login HTTP/1.1
23:24:09.275 [main] DEBUG org.apache.http.impl.execchain.MainClientExec - Target auth state: UNCHALLENGED
23:24:09.275 [main] DEBUG org.apache.http.impl.execchain.MainClientExec - Proxy auth state: UNCHALLENGED
23:24:09.275 [main] DEBUG org.apache.http.headers - http-outgoing-29 >> POST /auth/login HTTP/1.1
23:24:09.275 [main] DEBUG org.apache.http.headers - http-outgoing-29 >> Content-Type: application/json; charset=UTF-8
23:24:09.275 [main] DEBUG org.apache.http.headers - http-outgoing-29 >> Content-Length: 53
23:24:09.275 [main] DEBUG org.apache.http.headers - http-outgoing-29 >> Host: localhost:3000
23:24:09.275 [main] DEBUG org.apache.http.headers - http-outgoing-29 >> Connection: Keep-Alive
23:24:09.275 [main] DEBUG org.apache.http.headers - http-outgoing-29 >> User-Agent: Apache-HttpClient/4.5.14 (Java/21.0.10)
23:24:09.275 [main] DEBUG org.apache.http.headers - http-outgoing-29 >> Accept-Encoding: gzip,deflate
23:24:09.275 [main] DEBUG org.apache.http.wire - http-outgoing-29 >> "POST /auth/login HTTP/1.1[\r][\n]"
23:24:09.275 [main] DEBUG org.apache.http.wire - http-outgoing-29 >> "Content-Type: application/json; charset=UTF-8[\r][\n]"
23:24:09.275 [main] DEBUG org.apache.http.wire - http-outgoing-29 >> "Content-Length: 53[\r][\n]"
23:24:09.275 [main] DEBUG org.apache.http.wire - http-outgoing-29 >> "Host: localhost:3000[\r][\n]"
23:24:09.275 [main] DEBUG org.apache.http.wire - http-outgoing-29 >> "Connection: Keep-Alive[\r][\n]"
23:24:09.275 [main] DEBUG org.apache.http.wire - http-outgoing-29 >> "User-Agent: Apache-HttpClient/4.5.14 (Java/21.0.10)[\r][\n]"
23:24:09.275 [main] DEBUG org.apache.http.wire - http-outgoing-29 >> "Accept-Encoding: gzip,deflate[\r][\n]"
23:24:09.275 [main] DEBUG org.apache.http.wire - http-outgoing-29 >> "[\r][\n]"
23:24:09.275 [main] DEBUG org.apache.http.wire - http-outgoing-29 >> "{"email":"test@example.com","password":"password123"}"
23:24:09.275 [main] DEBUG org.apache.http.wire - http-outgoing-29 << "HTTP/1.1 200 OK[\r][\n]"
23:24:09.275 [main] DEBUG org.apache.http.wire - http-outgoing-29 << "X-Powered-By: Express[\r][\n]"
23:24:09.275 [main] DEBUG org.apache.http.wire - http-outgoing-29 << "Access-Control-Allow-Origin: *[\r][\n]"
23:24:09.275 [main] DEBUG org.apache.http.wire - http-outgoing-29 << "Content-Type: application/json; charset=utf-8[\r][\n]"
23:24:09.275 [main] DEBUG org.apache.http.wire - http-outgoing-29 << "Content-Length: 216[\r][\n]"
23:24:09.275 [main] DEBUG org.apache.http.wire - http-outgoing-29 << "ETag: W/"d8-Ogit555RgaYnl8+bGg5cy2Zi/jk"[\r][\n]"
23:24:09.276 [main] DEBUG org.apache.http.wire - http-outgoing-29 << "Date: Mon, 16 Mar 2026 15:24:09 GMT[\r][\n]"
23:24:09.276 [main] DEBUG org.apache.http.wire - http-outgoing-29 << "Connection: keep-alive[\r][\n]"
23:24:09.276 [main] DEBUG org.apache.http.wire - http-outgoing-29 << "Keep-Alive: timeout=5[\r][\n]"
23:24:09.276 [main] DEBUG org.apache.http.wire - http-outgoing-29 << "[\r][\n]"
23:24:09.276 [main] DEBUG org.apache.http.wire - http-outgoing-29 << "{"accessToken":"eyJhbGciOiJIUzI1NiIsInR5cCI6IkpXVCJ9.eyJzdWIiOiIxIiwiZW1haWwiOiJ0ZXN0QGV4YW1wbGUuY29tIiwiaWF0IjoxNzczNjc0NjQ5LCJleHAiOjE3NzM2NzgyNDl9.wwP469CVcVOF051eLLaP7YPwtAh0pp0OJYTAvI7Sz7o","tokenType":"Bearer"}"
23:24:09.276 [main] DEBUG org.apache.http.headers - http-outgoing-29 << HTTP/1.1 200 OK
23:24:09.276 [main] DEBUG org.apache.http.headers - http-outgoing-29 << X-Powered-By: Express
23:24:09.276 [main] DEBUG org.apache.http.headers - http-outgoing-29 << Access-Control-Allow-Origin: *
23:24:09.276 [main] DEBUG org.apache.http.headers - http-outgoing-29 << Content-Type: application/json; charset=utf-8
23:24:09.276 [main] DEBUG org.apache.http.headers - http-outgoing-29 << Content-Length: 216
23:24:09.276 [main] DEBUG org.apache.http.headers - http-outgoing-29 << ETag: W/"d8-Ogit555RgaYnl8+bGg5cy2Zi/jk"
23:24:09.276 [main] DEBUG org.apache.http.headers - http-outgoing-29 << Date: Mon, 16 Mar 2026 15:24:09 GMT
23:24:09.276 [main] DEBUG org.apache.http.headers - http-outgoing-29 << Connection: keep-alive
23:24:09.276 [main] DEBUG org.apache.http.headers - http-outgoing-29 << Keep-Alive: timeout=5
23:24:09.276 [main] DEBUG org.apache.http.impl.execchain.MainClientExec - Connection can be kept alive for 5000 MILLISECONDS
23:24:09.276 [main] DEBUG org.apache.http.impl.conn.PoolingHttpClientConnectionManager - Connection [id: 29][route: {}->http://localhost:3000] can be kept alive for 5.0 seconds
23:24:09.276 [main] DEBUG org.apache.http.impl.conn.DefaultManagedHttpClientConnection - http-outgoing-29: set socket timeout to 0
23:24:09.276 [main] DEBUG org.apache.http.impl.conn.PoolingHttpClientConnectionManager - Connection released: [id: 29][route: {}->http://localhost:3000][total available: 1; route allocated: 1 of 5; total allocated: 1 of 10]
23:24:09.276 [main] DEBUG org.apache.http.impl.conn.PoolingHttpClientConnectionManager - Connection manager is shutting down
23:24:09.276 [main] DEBUG org.apache.http.impl.conn.DefaultManagedHttpClientConnection - http-outgoing-29: Close connection
23:24:09.276 [main] DEBUG org.apache.http.impl.conn.PoolingHttpClientConnectionManager - Connection manager shut down
23:24:09.276 [main] DEBUG com.intuit.karate - response time in milliseconds: 2
1 < 200
1 < X-Powered-By: Express
1 < Access-Control-Allow-Origin: *
1 < Content-Type: application/json; charset=utf-8
1 < Content-Length: 216
1 < ETag: W/"d8-Ogit555RgaYnl8+bGg5cy2Zi/jk"
1 < Date: Mon, 16 Mar 2026 15:24:09 GMT
1 < Connection: keep-alive
1 < Keep-Alive: timeout=5
{"accessToken":"eyJhbGciOiJIUzI1NiIsInR5cCI6IkpXVCJ9.eyJzdWIiOiIxIiwiZW1haWwiOiJ0ZXN0QGV4YW1wbGUuY29tIiwiaWF0IjoxNzczNjc0NjQ5LCJleHAiOjE3NzM2NzgyNDl9.wwP469CVcVOF051eLLaP7YPwtAh0pp0OJYTAvI7Sz7o","tokenType":"Bearer"}

23:24:09.277 [main] DEBUG org.apache.http.client.protocol.RequestAddCookies - CookieSpec selected: karate
23:24:09.277 [main] DEBUG org.apache.http.client.protocol.RequestAuthCache - Auth cache not set in the context
23:24:09.277 [main] DEBUG com.intuit.karate - request:
2 > POST http://localhost:3000/cart/clear
2 > Authorization: Bearer eyJhbGciOiJIUzI1NiIsInR5cCI6IkpXVCJ9.eyJzdWIiOiIxIiwiZW1haWwiOiJ0ZXN0QGV4YW1wbGUuY29tIiwiaWF0IjoxNzczNjc0NjQ5LCJleHAiOjE3NzM2NzgyNDl9.wwP469CVcVOF051eLLaP7YPwtAh0pp0OJYTAvI7Sz7o
2 > Host: localhost:3000
2 > Connection: Keep-Alive
2 > User-Agent: Apache-HttpClient/4.5.14 (Java/21.0.10)
2 > Accept-Encoding: gzip,deflate


23:24:09.277 [main] DEBUG org.apache.http.impl.conn.PoolingHttpClientConnectionManager - Connection request: [route: {}->http://localhost:3000][total available: 0; route allocated: 0 of 5; total allocated: 0 of 10]
23:24:09.277 [main] DEBUG org.apache.http.impl.conn.PoolingHttpClientConnectionManager - Connection leased: [id: 30][route: {}->http://localhost:3000][total available: 0; route allocated: 1 of 5; total allocated: 1 of 10]
23:24:09.277 [main] DEBUG org.apache.http.impl.execchain.MainClientExec - Opening connection {}->http://localhost:3000
23:24:09.277 [main] DEBUG org.apache.http.impl.conn.DefaultHttpClientConnectionOperator - Connecting to localhost/127.0.0.1:3000
23:24:09.277 [main] DEBUG org.apache.http.impl.conn.DefaultHttpClientConnectionOperator - Connection established 127.0.0.1:61408<->127.0.0.1:3000
23:24:09.277 [main] DEBUG org.apache.http.impl.conn.DefaultManagedHttpClientConnection - http-outgoing-30: set socket timeout to 30000
23:24:09.277 [main] DEBUG org.apache.http.impl.execchain.MainClientExec - Executing request POST /cart/clear HTTP/1.1
23:24:09.277 [main] DEBUG org.apache.http.impl.execchain.MainClientExec - Proxy auth state: UNCHALLENGED
23:24:09.277 [main] DEBUG org.apache.http.headers - http-outgoing-30 >> POST /cart/clear HTTP/1.1
23:24:09.277 [main] DEBUG org.apache.http.headers - http-outgoing-30 >> Authorization: Bearer eyJhbGciOiJIUzI1NiIsInR5cCI6IkpXVCJ9.eyJzdWIiOiIxIiwiZW1haWwiOiJ0ZXN0QGV4YW1wbGUuY29tIiwiaWF0IjoxNzczNjc0NjQ5LCJleHAiOjE3NzM2NzgyNDl9.wwP469CVcVOF051eLLaP7YPwtAh0pp0OJYTAvI7Sz7o
23:24:09.277 [main] DEBUG org.apache.http.headers - http-outgoing-30 >> Host: localhost:3000
23:24:09.277 [main] DEBUG org.apache.http.headers - http-outgoing-30 >> Connection: Keep-Alive
23:24:09.277 [main] DEBUG org.apache.http.headers - http-outgoing-30 >> User-Agent: Apache-HttpClient/4.5.14 (Java/21.0.10)
23:24:09.277 [main] DEBUG org.apache.http.headers - http-outgoing-30 >> Accept-Encoding: gzip,deflate
23:24:09.277 [main] DEBUG org.apache.http.wire - http-outgoing-30 >> "POST /cart/clear HTTP/1.1[\r][\n]"
23:24:09.277 [main] DEBUG org.apache.http.wire - http-outgoing-30 >> "Authorization: Bearer eyJhbGciOiJIUzI1NiIsInR5cCI6IkpXVCJ9.eyJzdWIiOiIxIiwiZW1haWwiOiJ0ZXN0QGV4YW1wbGUuY29tIiwiaWF0IjoxNzczNjc0NjQ5LCJleHAiOjE3NzM2NzgyNDl9.wwP469CVcVOF051eLLaP7YPwtAh0pp0OJYTAvI7Sz7o[\r][\n]"
23:24:09.277 [main] DEBUG org.apache.http.wire - http-outgoing-30 >> "Host: localhost:3000[\r][\n]"
23:24:09.277 [main] DEBUG org.apache.http.wire - http-outgoing-30 >> "Connection: Keep-Alive[\r][\n]"
23:24:09.277 [main] DEBUG org.apache.http.wire - http-outgoing-30 >> "User-Agent: Apache-HttpClient/4.5.14 (Java/21.0.10)[\r][\n]"
23:24:09.277 [main] DEBUG org.apache.http.wire - http-outgoing-30 >> "Accept-Encoding: gzip,deflate[\r][\n]"
23:24:09.277 [main] DEBUG org.apache.http.wire - http-outgoing-30 >> "[\r][\n]"
23:24:09.277 [main] DEBUG org.apache.http.wire - http-outgoing-30 << "HTTP/1.1 200 OK[\r][\n]"
23:24:09.277 [main] DEBUG org.apache.http.wire - http-outgoing-30 << "X-Powered-By: Express[\r][\n]"
23:24:09.277 [main] DEBUG org.apache.http.wire - http-outgoing-30 << "Access-Control-Allow-Origin: *[\r][\n]"
23:24:09.277 [main] DEBUG org.apache.http.wire - http-outgoing-30 << "Content-Type: application/json; charset=utf-8[\r][\n]"
23:24:09.277 [main] DEBUG org.apache.http.wire - http-outgoing-30 << "Content-Length: 26[\r][\n]"
23:24:09.277 [main] DEBUG org.apache.http.wire - http-outgoing-30 << "ETag: W/"1a-i0KbVIjnYMATZcf2ZX6d2KmG078"[\r][\n]"
23:24:09.277 [main] DEBUG org.apache.http.wire - http-outgoing-30 << "Date: Mon, 16 Mar 2026 15:24:09 GMT[\r][\n]"
23:24:09.277 [main] DEBUG org.apache.http.wire - http-outgoing-30 << "Connection: keep-alive[\r][\n]"
23:24:09.277 [main] DEBUG org.apache.http.wire - http-outgoing-30 << "Keep-Alive: timeout=5[\r][\n]"
23:24:09.277 [main] DEBUG org.apache.http.wire - http-outgoing-30 << "[\r][\n]"
23:24:09.277 [main] DEBUG org.apache.http.wire - http-outgoing-30 << "{"message":"Cart cleared"}"
23:24:09.277 [main] DEBUG org.apache.http.headers - http-outgoing-30 << HTTP/1.1 200 OK
23:24:09.277 [main] DEBUG org.apache.http.headers - http-outgoing-30 << X-Powered-By: Express
23:24:09.277 [main] DEBUG org.apache.http.headers - http-outgoing-30 << Access-Control-Allow-Origin: *
23:24:09.277 [main] DEBUG org.apache.http.headers - http-outgoing-30 << Content-Type: application/json; charset=utf-8
23:24:09.277 [main] DEBUG org.apache.http.headers - http-outgoing-30 << Content-Length: 26
23:24:09.277 [main] DEBUG org.apache.http.headers - http-outgoing-30 << ETag: W/"1a-i0KbVIjnYMATZcf2ZX6d2KmG078"
23:24:09.277 [main] DEBUG org.apache.http.headers - http-outgoing-30 << Date: Mon, 16 Mar 2026 15:24:09 GMT
23:24:09.277 [main] DEBUG org.apache.http.headers - http-outgoing-30 << Connection: keep-alive
23:24:09.277 [main] DEBUG org.apache.http.headers - http-outgoing-30 << Keep-Alive: timeout=5
23:24:09.278 [main] DEBUG org.apache.http.impl.execchain.MainClientExec - Connection can be kept alive for 5000 MILLISECONDS
23:24:09.278 [main] DEBUG org.apache.http.impl.conn.PoolingHttpClientConnectionManager - Connection [id: 30][route: {}->http://localhost:3000] can be kept alive for 5.0 seconds
23:24:09.278 [main] DEBUG org.apache.http.impl.conn.DefaultManagedHttpClientConnection - http-outgoing-30: set socket timeout to 0
23:24:09.278 [main] DEBUG org.apache.http.impl.conn.PoolingHttpClientConnectionManager - Connection released: [id: 30][route: {}->http://localhost:3000][total available: 1; route allocated: 1 of 5; total allocated: 1 of 10]
23:24:09.278 [main] DEBUG org.apache.http.impl.conn.PoolingHttpClientConnectionManager - Connection manager is shutting down
23:24:09.278 [main] DEBUG org.apache.http.impl.conn.DefaultManagedHttpClientConnection - http-outgoing-30: Close connection
23:24:09.278 [main] DEBUG org.apache.http.impl.conn.PoolingHttpClientConnectionManager - Connection manager shut down
23:24:09.278 [main] DEBUG com.intuit.karate - response time in milliseconds: 1
2 < 200
2 < X-Powered-By: Express
2 < Access-Control-Allow-Origin: *
2 < Content-Type: application/json; charset=utf-8
2 < Content-Length: 26
2 < ETag: W/"1a-i0KbVIjnYMATZcf2ZX6d2KmG078"
2 < Date: Mon, 16 Mar 2026 15:24:09 GMT
2 < Connection: keep-alive
2 < Keep-Alive: timeout=5
{"message":"Cart cleared"}

23:24:09.278 [main] DEBUG com.jayway.jsonpath.internal.path.CompiledPath - Evaluating path: $
23:24:09.278 [main] DEBUG org.apache.http.client.protocol.RequestAddCookies - CookieSpec selected: karate
23:24:09.278 [main] DEBUG org.apache.http.client.protocol.RequestAuthCache - Auth cache not set in the context
23:24:09.278 [main] DEBUG com.intuit.karate - request:
3 > POST http://localhost:3000/cart/add
3 > Authorization: Bearer eyJhbGciOiJIUzI1NiIsInR5cCI6IkpXVCJ9.eyJzdWIiOiIxIiwiZW1haWwiOiJ0ZXN0QGV4YW1wbGUuY29tIiwiaWF0IjoxNzczNjc0NjQ5LCJleHAiOjE3NzM2NzgyNDl9.wwP469CVcVOF051eLLaP7YPwtAh0pp0OJYTAvI7Sz7o
3 > Content-Type: application/json; charset=UTF-8
3 > Content-Length: 28
3 > Host: localhost:3000
3 > Connection: Keep-Alive
3 > User-Agent: Apache-HttpClient/4.5.14 (Java/21.0.10)
3 > Accept-Encoding: gzip,deflate
{"productId":1,"quantity":0}

23:24:09.278 [main] DEBUG org.apache.http.impl.conn.PoolingHttpClientConnectionManager - Connection request: [route: {}->http://localhost:3000][total available: 0; route allocated: 0 of 5; total allocated: 0 of 10]
23:24:09.278 [main] DEBUG org.apache.http.impl.conn.PoolingHttpClientConnectionManager - Connection leased: [id: 31][route: {}->http://localhost:3000][total available: 0; route allocated: 1 of 5; total allocated: 1 of 10]
23:24:09.278 [main] DEBUG org.apache.http.impl.execchain.MainClientExec - Opening connection {}->http://localhost:3000
23:24:09.278 [main] DEBUG org.apache.http.impl.conn.DefaultHttpClientConnectionOperator - Connecting to localhost/127.0.0.1:3000
23:24:09.278 [main] DEBUG org.apache.http.impl.conn.DefaultHttpClientConnectionOperator - Connection established 127.0.0.1:61409<->127.0.0.1:3000
23:24:09.278 [main] DEBUG org.apache.http.impl.conn.DefaultManagedHttpClientConnection - http-outgoing-31: set socket timeout to 30000
23:24:09.278 [main] DEBUG org.apache.http.impl.execchain.MainClientExec - Executing request POST /cart/add HTTP/1.1
23:24:09.278 [main] DEBUG org.apache.http.impl.execchain.MainClientExec - Proxy auth state: UNCHALLENGED
23:24:09.278 [main] DEBUG org.apache.http.headers - http-outgoing-31 >> POST /cart/add HTTP/1.1
23:24:09.278 [main] DEBUG org.apache.http.headers - http-outgoing-31 >> Authorization: Bearer eyJhbGciOiJIUzI1NiIsInR5cCI6IkpXVCJ9.eyJzdWIiOiIxIiwiZW1haWwiOiJ0ZXN0QGV4YW1wbGUuY29tIiwiaWF0IjoxNzczNjc0NjQ5LCJleHAiOjE3NzM2NzgyNDl9.wwP469CVcVOF051eLLaP7YPwtAh0pp0OJYTAvI7Sz7o
23:24:09.278 [main] DEBUG org.apache.http.headers - http-outgoing-31 >> Content-Type: application/json; charset=UTF-8
23:24:09.278 [main] DEBUG org.apache.http.headers - http-outgoing-31 >> Content-Length: 28
23:24:09.279 [main] DEBUG org.apache.http.headers - http-outgoing-31 >> Host: localhost:3000
23:24:09.279 [main] DEBUG org.apache.http.headers - http-outgoing-31 >> Connection: Keep-Alive
23:24:09.279 [main] DEBUG org.apache.http.headers - http-outgoing-31 >> User-Agent: Apache-HttpClient/4.5.14 (Java/21.0.10)
23:24:09.279 [main] DEBUG org.apache.http.headers - http-outgoing-31 >> Accept-Encoding: gzip,deflate
23:24:09.279 [main] DEBUG org.apache.http.wire - http-outgoing-31 >> "POST /cart/add HTTP/1.1[\r][\n]"
23:24:09.279 [main] DEBUG org.apache.http.wire - http-outgoing-31 >> "Authorization: Bearer eyJhbGciOiJIUzI1NiIsInR5cCI6IkpXVCJ9.eyJzdWIiOiIxIiwiZW1haWwiOiJ0ZXN0QGV4YW1wbGUuY29tIiwiaWF0IjoxNzczNjc0NjQ5LCJleHAiOjE3NzM2NzgyNDl9.wwP469CVcVOF051eLLaP7YPwtAh0pp0OJYTAvI7Sz7o[\r][\n]"
23:24:09.279 [main] DEBUG org.apache.http.wire - http-outgoing-31 >> "Content-Type: application/json; charset=UTF-8[\r][\n]"
23:24:09.279 [main] DEBUG org.apache.http.wire - http-outgoing-31 >> "Content-Length: 28[\r][\n]"
23:24:09.279 [main] DEBUG org.apache.http.wire - http-outgoing-31 >> "Host: localhost:3000[\r][\n]"
23:24:09.279 [main] DEBUG org.apache.http.wire - http-outgoing-31 >> "Connection: Keep-Alive[\r][\n]"
23:24:09.279 [main] DEBUG org.apache.http.wire - http-outgoing-31 >> "User-Agent: Apache-HttpClient/4.5.14 (Java/21.0.10)[\r][\n]"
23:24:09.279 [main] DEBUG org.apache.http.wire - http-outgoing-31 >> "Accept-Encoding: gzip,deflate[\r][\n]"
23:24:09.279 [main] DEBUG org.apache.http.wire - http-outgoing-31 >> "[\r][\n]"
23:24:09.279 [main] DEBUG org.apache.http.wire - http-outgoing-31 >> "{"productId":1,"quantity":0}"
23:24:09.279 [main] DEBUG org.apache.http.wire - http-outgoing-31 << "HTTP/1.1 400 Bad Request[\r][\n]"
23:24:09.279 [main] DEBUG org.apache.http.wire - http-outgoing-31 << "X-Powered-By: Express[\r][\n]"
23:24:09.279 [main] DEBUG org.apache.http.wire - http-outgoing-31 << "Access-Control-Allow-Origin: *[\r][\n]"
23:24:09.279 [main] DEBUG org.apache.http.wire - http-outgoing-31 << "Content-Type: application/json; charset=utf-8[\r][\n]"
23:24:09.279 [main] DEBUG org.apache.http.wire - http-outgoing-31 << "Content-Length: 28[\r][\n]"
23:24:09.279 [main] DEBUG org.apache.http.wire - http-outgoing-31 << "ETag: W/"1c-5DjaJhnb+XIb3mdVQD0Gbw/Jc8U"[\r][\n]"
23:24:09.279 [main] DEBUG org.apache.http.wire - http-outgoing-31 << "Date: Mon, 16 Mar 2026 15:24:09 GMT[\r][\n]"
23:24:09.279 [main] DEBUG org.apache.http.wire - http-outgoing-31 << "Connection: keep-alive[\r][\n]"
23:24:09.279 [main] DEBUG org.apache.http.wire - http-outgoing-31 << "Keep-Alive: timeout=5[\r][\n]"
23:24:09.279 [main] DEBUG org.apache.http.wire - http-outgoing-31 << "[\r][\n]"
23:24:09.279 [main] DEBUG org.apache.http.wire - http-outgoing-31 << "{"error":"Invalid quantity"}"
23:24:09.279 [main] DEBUG org.apache.http.headers - http-outgoing-31 << HTTP/1.1 400 Bad Request
23:24:09.279 [main] DEBUG org.apache.http.headers - http-outgoing-31 << X-Powered-By: Express
23:24:09.279 [main] DEBUG org.apache.http.headers - http-outgoing-31 << Access-Control-Allow-Origin: *
23:24:09.279 [main] DEBUG org.apache.http.headers - http-outgoing-31 << Content-Type: application/json; charset=utf-8
23:24:09.279 [main] DEBUG org.apache.http.headers - http-outgoing-31 << Content-Length: 28
23:24:09.279 [main] DEBUG org.apache.http.headers - http-outgoing-31 << ETag: W/"1c-5DjaJhnb+XIb3mdVQD0Gbw/Jc8U"
23:24:09.279 [main] DEBUG org.apache.http.headers - http-outgoing-31 << Date: Mon, 16 Mar 2026 15:24:09 GMT
23:24:09.279 [main] DEBUG org.apache.http.headers - http-outgoing-31 << Connection: keep-alive
23:24:09.279 [main] DEBUG org.apache.http.headers - http-outgoing-31 << Keep-Alive: timeout=5
23:24:09.279 [main] DEBUG org.apache.http.impl.execchain.MainClientExec - Connection can be kept alive for 5000 MILLISECONDS
23:24:09.279 [main] DEBUG org.apache.http.impl.conn.PoolingHttpClientConnectionManager - Connection [id: 31][route: {}->http://localhost:3000] can be kept alive for 5.0 seconds
23:24:09.279 [main] DEBUG org.apache.http.impl.conn.DefaultManagedHttpClientConnection - http-outgoing-31: set socket timeout to 0
23:24:09.279 [main] DEBUG org.apache.http.impl.conn.PoolingHttpClientConnectionManager - Connection released: [id: 31][route: {}->http://localhost:3000][total available: 1; route allocated: 1 of 5; total allocated: 1 of 10]
23:24:09.279 [main] DEBUG org.apache.http.impl.conn.PoolingHttpClientConnectionManager - Connection manager is shutting down
23:24:09.279 [main] DEBUG org.apache.http.impl.conn.DefaultManagedHttpClientConnection - http-outgoing-31: Close connection
23:24:09.279 [main] DEBUG org.apache.http.impl.conn.PoolingHttpClientConnectionManager - Connection manager shut down
23:24:09.279 [main] DEBUG com.intuit.karate - response time in milliseconds: 1
3 < 400
3 < X-Powered-By: Express
3 < Access-Control-Allow-Origin: *
3 < Content-Type: application/json; charset=utf-8
3 < Content-Length: 28
3 < ETag: W/"1c-5DjaJhnb+XIb3mdVQD0Gbw/Jc8U"
3 < Date: Mon, 16 Mar 2026 15:24:09 GMT
3 < Connection: keep-alive
3 < Keep-Alive: timeout=5
{"error":"Invalid quantity"}

23:24:09.280 [main] DEBUG com.jayway.jsonpath.internal.path.CompiledPath - Evaluating path: $
23:24:09.282 [main] DEBUG org.thymeleaf.TemplateEngine - [THYMELEAF] INITIALIZING TEMPLATE ENGINE
23:24:09.284 [main] DEBUG org.thymeleaf.TemplateEngine.CONFIG - Initializing Thymeleaf Template engine configuration...
[THYMELEAF] TEMPLATE ENGINE CONFIGURATION:
[THYMELEAF] * Thymeleaf version: 3.0.14.RELEASE (built 2021-12-08T00:45:29+0000)
[THYMELEAF] * Cache Manager implementation: org.thymeleaf.cache.StandardCacheManager
[THYMELEAF] * Template resolvers:
[THYMELEAF]     * [1] com.intuit.karate.template.ResourceHtmlTemplateResolver
[THYMELEAF] * Message resolvers:
[THYMELEAF]     * org.thymeleaf.messageresolver.StandardMessageResolver
[THYMELEAF] * Link builders:
[THYMELEAF]     * org.thymeleaf.linkbuilder.StandardLinkBuilder
[THYMELEAF] * Dialect [1 of 2]: Standard (com.intuit.karate.template.KarateStandardDialect)
[THYMELEAF]     * Prefix: "th"
[THYMELEAF]     * Processors for Template Mode: HTML
[THYMELEAF]         * Element Tag Processors by [matching element and attribute name] [precedence]:
[THYMELEAF]             * [* {th:include,data-th-include}] [100]: org.thymeleaf.standard.processor.StandardIncludeTagProcessor
[THYMELEAF]             * [* {th:insert,data-th-insert}] [100]: org.thymeleaf.standard.processor.StandardInsertTagProcessor
[THYMELEAF]             * [* {th:replace,data-th-replace}] [100]: org.thymeleaf.standard.processor.StandardReplaceTagProcessor
[THYMELEAF]             * [* {th:substituteby,data-th-substituteby}] [100]: org.thymeleaf.standard.processor.StandardSubstituteByTagProcessor
[THYMELEAF]             * [* {th:each,data-th-each}] [200]: com.intuit.karate.template.KarateEachTagProcessor
[THYMELEAF]             * [* {th:switch,data-th-switch}] [250]: org.thymeleaf.standard.processor.StandardSwitchTagProcessor
[THYMELEAF]             * [* {th:case,data-th-case}] [275]: org.thymeleaf.standard.processor.StandardCaseTagProcessor
[THYMELEAF]             * [* {th:if,data-th-if}] [300]: org.thymeleaf.standard.processor.StandardIfTagProcessor
[THYMELEAF]             * [* {th:unless,data-th-unless}] [400]: org.thymeleaf.standard.processor.StandardUnlessTagProcessor
[THYMELEAF]             * [* {th:object,data-th-object}] [500]: org.thymeleaf.standard.processor.StandardObjectTagProcessor
[THYMELEAF]             * [* {th:with,data-th-with}] [600]: com.intuit.karate.template.KarateWithTagProcessor
[THYMELEAF]             * [* {th:attr,data-th-attr}] [700]: com.intuit.karate.template.KarateAttributeTagProcessor.KarateAttrTagProcessor
[THYMELEAF]             * [* {th:attrappend,data-th-attrappend}] [900]: com.intuit.karate.template.KarateAttributeTagProcessor.KarateAttrappendTagProcessor
[THYMELEAF]             * [* {th:attrprepend,data-th-attrprepend}] [900]: com.intuit.karate.template.KarateAttributeTagProcessor.KarateAttrprependTagProcessor
[THYMELEAF]             * [* {th:alt-title,data-th-alt-title}] [990]: org.thymeleaf.standard.processor.StandardAltTitleTagProcessor
[THYMELEAF]             * [* {th:lang-xmllang,data-th-lang-xmllang}] [990]: org.thymeleaf.standard.processor.StandardLangXmlLangTagProcessor
[THYMELEAF]             * [* {th:action,data-th-action}] [1000]: org.thymeleaf.standard.processor.StandardActionTagProcessor
[THYMELEAF]             * [* {th:seamless,data-th-seamless}] [1000]: org.thymeleaf.standard.processor.StandardConditionalFixedValueTagProcessor
[THYMELEAF]             * [* {th:required,data-th-required}] [1000]: org.thymeleaf.standard.processor.StandardConditionalFixedValueTagProcessor
[THYMELEAF]             * [* {th:multiple,data-th-multiple}] [1000]: org.thymeleaf.standard.processor.StandardConditionalFixedValueTagProcessor
[THYMELEAF]             * [* {th:pubdate,data-th-pubdate}] [1000]: org.thymeleaf.standard.processor.StandardConditionalFixedValueTagProcessor
[THYMELEAF]             * [* {th:readonly,data-th-readonly}] [1000]: org.thymeleaf.standard.processor.StandardConditionalFixedValueTagProcessor
[THYMELEAF]             * [* {th:scoped,data-th-scoped}] [1000]: org.thymeleaf.standard.processor.StandardConditionalFixedValueTagProcessor
[THYMELEAF]             * [* {th:autoplay,data-th-autoplay}] [1000]: org.thymeleaf.standard.processor.StandardConditionalFixedValueTagProcessor
[THYMELEAF]             * [* {th:autofocus,data-th-autofocus}] [1000]: org.thymeleaf.standard.processor.StandardConditionalFixedValueTagProcessor
[THYMELEAF]             * [* {th:async,data-th-async}] [1000]: org.thymeleaf.standard.processor.StandardConditionalFixedValueTagProcessor
[THYMELEAF]             * [* {th:disabled,data-th-disabled}] [1000]: org.thymeleaf.standard.processor.StandardConditionalFixedValueTagProcessor
[THYMELEAF]             * [* {th:hidden,data-th-hidden}] [1000]: org.thymeleaf.standard.processor.StandardConditionalFixedValueTagProcessor
[THYMELEAF]             * [* {th:formnovalidate,data-th-formnovalidate}] [1000]: org.thymeleaf.standard.processor.StandardConditionalFixedValueTagProcessor
[THYMELEAF]             * [* {th:controls,data-th-controls}] [1000]: org.thymeleaf.standard.processor.StandardConditionalFixedValueTagProcessor
[THYMELEAF]             * [* {th:selected,data-th-selected}] [1000]: org.thymeleaf.standard.processor.StandardConditionalFixedValueTagProcessor
[THYMELEAF]             * [* {th:ismap,data-th-ismap}] [1000]: org.thymeleaf.standard.processor.StandardConditionalFixedValueTagProcessor
[THYMELEAF]             * [* {th:default,data-th-default}] [1000]: org.thymeleaf.standard.processor.StandardConditionalFixedValueTagProcessor
[THYMELEAF]             * [* {th:open,data-th-open}] [1000]: org.thymeleaf.standard.processor.StandardConditionalFixedValueTagProcessor
[THYMELEAF]             * [* {th:defer,data-th-defer}] [1000]: org.thymeleaf.standard.processor.StandardConditionalFixedValueTagProcessor
[THYMELEAF]             * [* {th:declare,data-th-declare}] [1000]: org.thymeleaf.standard.processor.StandardConditionalFixedValueTagProcessor
[THYMELEAF]             * [* {th:loop,data-th-loop}] [1000]: org.thymeleaf.standard.processor.StandardConditionalFixedValueTagProcessor
[THYMELEAF]             * [* {th:nowrap,data-th-nowrap}] [1000]: org.thymeleaf.standard.processor.StandardConditionalFixedValueTagProcessor
[THYMELEAF]             * [* {th:novalidate,data-th-novalidate}] [1000]: org.thymeleaf.standard.processor.StandardConditionalFixedValueTagProcessor
[THYMELEAF]             * [* {th:checked,data-th-checked}] [1000]: org.thymeleaf.standard.processor.StandardConditionalFixedValueTagProcessor
[THYMELEAF]             * [* {th:reversed,data-th-reversed}] [1000]: org.thymeleaf.standard.processor.StandardConditionalFixedValueTagProcessor
[THYMELEAF]             * [* {th:ondragleave,data-th-ondragleave}] [1000]: org.thymeleaf.standard.processor.StandardDOMEventAttributeTagProcessor
[THYMELEAF]             * [* {th:onmessage,data-th-onmessage}] [1000]: org.thymeleaf.standard.processor.StandardDOMEventAttributeTagProcessor
[THYMELEAF]             * [* {th:ondragend,data-th-ondragend}] [1000]: org.thymeleaf.standard.processor.StandardDOMEventAttributeTagProcessor
[THYMELEAF]             * [* {th:onemptied,data-th-onemptied}] [1000]: org.thymeleaf.standard.processor.StandardDOMEventAttributeTagProcessor
[THYMELEAF]             * [* {th:onended,data-th-onended}] [1000]: org.thymeleaf.standard.processor.StandardDOMEventAttributeTagProcessor
[THYMELEAF]             * [* {th:onoffline,data-th-onoffline}] [1000]: org.thymeleaf.standard.processor.StandardDOMEventAttributeTagProcessor
[THYMELEAF]             * [* {th:onabort,data-th-onabort}] [1000]: org.thymeleaf.standard.processor.StandardDOMEventAttributeTagProcessor
[THYMELEAF]             * [* {th:ondurationchange,data-th-ondurationchange}] [1000]: org.thymeleaf.standard.processor.StandardDOMEventAttributeTagProcessor
[THYMELEAF]             * [* {th:onformchange,data-th-onformchange}] [1000]: org.thymeleaf.standard.processor.StandardDOMEventAttributeTagProcessor
[THYMELEAF]             * [* {th:ondragover,data-th-ondragover}] [1000]: org.thymeleaf.standard.processor.StandardDOMEventAttributeTagProcessor
[THYMELEAF]             * [* {th:onchange,data-th-onchange}] [1000]: org.thymeleaf.standard.processor.StandardDOMEventAttributeTagProcessor
[THYMELEAF]             * [* {th:onwaiting,data-th-onwaiting}] [1000]: org.thymeleaf.standard.processor.StandardDOMEventAttributeTagProcessor
[THYMELEAF]             * [* {th:oncanplay,data-th-oncanplay}] [1000]: org.thymeleaf.standard.processor.StandardDOMEventAttributeTagProcessor
[THYMELEAF]             * [* {th:onratechange,data-th-onratechange}] [1000]: org.thymeleaf.standard.processor.StandardDOMEventAttributeTagProcessor
[THYMELEAF]             * [* {th:onkeyup,data-th-onkeyup}] [1000]: org.thymeleaf.standard.processor.StandardDOMEventAttributeTagProcessor
[THYMELEAF]             * [* {th:ononline,data-th-ononline}] [1000]: org.thymeleaf.standard.processor.StandardDOMEventAttributeTagProcessor
[THYMELEAF]             * [* {th:onload,data-th-onload}] [1000]: org.thymeleaf.standard.processor.StandardDOMEventAttributeTagProcessor
[THYMELEAF]             * [* {th:onforminput,data-th-onforminput}] [1000]: org.thymeleaf.standard.processor.StandardDOMEventAttributeTagProcessor
[THYMELEAF]             * [* {th:onmouseup,data-th-onmouseup}] [1000]: org.thymeleaf.standard.processor.StandardDOMEventAttributeTagProcessor
[THYMELEAF]             * [* {th:onresize,data-th-onresize}] [1000]: org.thymeleaf.standard.processor.StandardDOMEventAttributeTagProcessor
[THYMELEAF]             * [* {th:onprogress,data-th-onprogress}] [1000]: org.thymeleaf.standard.processor.StandardDOMEventAttributeTagProcessor
[THYMELEAF]             * [* {th:onscroll,data-th-onscroll}] [1000]: org.thymeleaf.standard.processor.StandardDOMEventAttributeTagProcessor
[THYMELEAF]             * [* {th:onsuspend,data-th-onsuspend}] [1000]: org.thymeleaf.standard.processor.StandardDOMEventAttributeTagProcessor
[THYMELEAF]             * [* {th:onreset,data-th-onreset}] [1000]: org.thymeleaf.standard.processor.StandardDOMEventAttributeTagProcessor
[THYMELEAF]             * [* {th:onmouseover,data-th-onmouseover}] [1000]: org.thymeleaf.standard.processor.StandardDOMEventAttributeTagProcessor
[THYMELEAF]             * [* {th:ondragenter,data-th-ondragenter}] [1000]: org.thymeleaf.standard.processor.StandardDOMEventAttributeTagProcessor
[THYMELEAF]             * [* {th:onmousemove,data-th-onmousemove}] [1000]: org.thymeleaf.standard.processor.StandardDOMEventAttributeTagProcessor
[THYMELEAF]             * [* {th:oninput,data-th-oninput}] [1000]: org.thymeleaf.standard.processor.StandardDOMEventAttributeTagProcessor
[THYMELEAF]             * [* {th:ontimeupdate,data-th-ontimeupdate}] [1000]: org.thymeleaf.standard.processor.StandardDOMEventAttributeTagProcessor
[THYMELEAF]             * [* {th:onloadstart,data-th-onloadstart}] [1000]: org.thymeleaf.standard.processor.StandardDOMEventAttributeTagProcessor
[THYMELEAF]             * [* {th:onshow,data-th-onshow}] [1000]: org.thymeleaf.standard.processor.StandardDOMEventAttributeTagProcessor
[THYMELEAF]             * [* {th:onpopstate,data-th-onpopstate}] [1000]: org.thymeleaf.standard.processor.StandardDOMEventAttributeTagProcessor
[THYMELEAF]             * [* {th:onkeypress,data-th-onkeypress}] [1000]: org.thymeleaf.standard.processor.StandardDOMEventAttributeTagProcessor
[THYMELEAF]             * [* {th:onpause,data-th-onpause}] [1000]: org.thymeleaf.standard.processor.StandardDOMEventAttributeTagProcessor
[THYMELEAF]             * [* {th:onbeforeprint,data-th-onbeforeprint}] [1000]: org.thymeleaf.standard.processor.StandardDOMEventAttributeTagProcessor
[THYMELEAF]             * [* {th:onstalled,data-th-onstalled}] [1000]: org.thymeleaf.standard.processor.StandardDOMEventAttributeTagProcessor
[THYMELEAF]             * [* {th:onvolumechange,data-th-onvolumechange}] [1000]: org.thymeleaf.standard.processor.StandardDOMEventAttributeTagProcessor
[...]
[THYMELEAF]             * [* {th:formenctype,data-th-formenctype}] [1000]: org.thymeleaf.standard.processor.StandardRemovableAttributeTagProcessor
[THYMELEAF]             * [* {th:cols,data-th-cols}] [1000]: org.thymeleaf.standard.processor.StandardRemovableAttributeTagProcessor
[THYMELEAF]             * [* {th:bgcolor,data-th-bgcolor}] [1000]: org.thymeleaf.standard.processor.StandardRemovableAttributeTagProcessor
[THYMELEAF]             * [* {th:id,data-th-id}] [1000]: org.thymeleaf.standard.processor.StandardRemovableAttributeTagProcessor
[THYMELEAF]             * [* {th:rules,data-th-rules}] [1000]: org.thymeleaf.standard.processor.StandardRemovableAttributeTagProcessor
[THYMELEAF]             * [* {th:lang,data-th-lang}] [1000]: org.thymeleaf.standard.processor.StandardRemovableAttributeTagProcessor
[THYMELEAF]             * [* {th:cellpadding,data-th-cellpadding}] [1000]: org.thymeleaf.standard.processor.StandardRemovableAttributeTagProcessor
[THYMELEAF]             * [* {th:rowspan,data-th-rowspan}] [1000]: org.thymeleaf.standard.processor.StandardRemovableAttributeTagProcessor
[THYMELEAF]             * [* {th:challenge,data-th-challenge}] [1000]: org.thymeleaf.standard.processor.StandardRemovableAttributeTagProcessor
[THYMELEAF]             * [* {th:keytype,data-th-keytype}] [1000]: org.thymeleaf.standard.processor.StandardRemovableAttributeTagProcessor
[THYMELEAF]             * [* {th:codebase,data-th-codebase}] [1000]: org.thymeleaf.standard.processor.StandardRemovableAttributeTagProcessor
[THYMELEAF]             * [* {th:radiogroup,data-th-radiogroup}] [1000]: org.thymeleaf.standard.processor.StandardRemovableAttributeTagProcessor
[THYMELEAF]             * [* {th:sizes,data-th-sizes}] [1000]: org.thymeleaf.standard.processor.StandardRemovableAttributeTagProcessor
[THYMELEAF]             * [* {th:content,data-th-content}] [1000]: org.thymeleaf.standard.processor.StandardRemovableAttributeTagProcessor
[THYMELEAF]             * [* {th:step,data-th-step}] [1000]: org.thymeleaf.standard.processor.StandardRemovableAttributeTagProcessor
[THYMELEAF]             * [* {th:headers,data-th-headers}] [1000]: org.thymeleaf.standard.processor.StandardRemovableAttributeTagProcessor
[THYMELEAF]             * [* {th:high,data-th-high}] [1000]: org.thymeleaf.standard.processor.StandardRemovableAttributeTagProcessor
[THYMELEAF]             * [* {th:sandbox,data-th-sandbox}] [1000]: org.thymeleaf.standard.processor.StandardRemovableAttributeTagProcessor
[THYMELEAF]             * [* {th:charset,data-th-charset}] [1000]: org.thymeleaf.standard.processor.StandardRemovableAttributeTagProcessor
[THYMELEAF]             * [* {th:formmethod,data-th-formmethod}] [1000]: org.thymeleaf.standard.processor.StandardRemovableAttributeTagProcessor
[THYMELEAF]             * [* {th:rows,data-th-rows}] [1000]: org.thymeleaf.standard.processor.StandardRemovableAttributeTagProcessor
[THYMELEAF]             * [* {th:kind,data-th-kind}] [1000]: org.thymeleaf.standard.processor.StandardRemovableAttributeTagProcessor
[THYMELEAF]             * [* {th:autocomplete,data-th-autocomplete}] [1000]: org.thymeleaf.standard.processor.StandardRemovableAttributeTagProcessor
[THYMELEAF]             * [* {th:rev,data-th-rev}] [1000]: org.thymeleaf.standard.processor.StandardRemovableAttributeTagProcessor
[THYMELEAF]             * [* {th:data,data-th-data}] [1000]: org.thymeleaf.standard.processor.StandardRemovableAttributeTagProcessor
[THYMELEAF]             * [* {th:max,data-th-max}] [1000]: org.thymeleaf.standard.processor.StandardRemovableAttributeTagProcessor
[THYMELEAF]             * [* {th:low,data-th-low}] [1000]: org.thymeleaf.standard.processor.StandardRemovableAttributeTagProcessor
[THYMELEAF]             * [* {th:contenteditable,data-th-contenteditable}] [1000]: org.thymeleaf.standard.processor.StandardRemovableAttributeTagProcessor
[THYMELEAF]             * [* {th:target,data-th-target}] [1000]: org.thymeleaf.standard.processor.StandardRemovableAttributeTagProcessor
[THYMELEAF]             * [* {th:longdesc,data-th-longdesc}] [1000]: org.thymeleaf.standard.processor.StandardRemovableAttributeTagProcessor
[THYMELEAF]             * [* {th:http-equiv,data-th-http-equiv}] [1000]: org.thymeleaf.standard.processor.StandardRemovableAttributeTagProcessor
[THYMELEAF]             * [* {th:scope,data-th-scope}] [1000]: org.thymeleaf.standard.processor.StandardRemovableAttributeTagProcessor
[THYMELEAF]             * [* {th:cite,data-th-cite}] [1000]: org.thymeleaf.standard.processor.StandardRemovableAttributeTagProcessor
[THYMELEAF]             * [* {th:width,data-th-width}] [1000]: org.thymeleaf.standard.processor.StandardRemovableAttributeTagProcessor
[THYMELEAF]             * [* {th:formtarget,data-th-formtarget}] [1000]: org.thymeleaf.standard.processor.StandardRemovableAttributeTagProcessor
[THYMELEAF]             * [* {th:tabindex,data-th-tabindex}] [1000]: org.thymeleaf.standard.processor.StandardRemovableAttributeTagProcessor
[THYMELEAF]             * [* {th:spellcheck,data-th-spellcheck}] [1000]: org.thymeleaf.standard.processor.StandardRemovableAttributeTagProcessor
[THYMELEAF]             * [* {th:src,data-th-src}] [1000]: org.thymeleaf.standard.processor.StandardSrcTagProcessor
[THYMELEAF]             * [* {th:value,data-th-value}] [1000]: org.thymeleaf.standard.processor.StandardValueTagProcessor
[THYMELEAF]             * [* {th:xmlbase,data-th-xmlbase}] [1000]: org.thymeleaf.standard.processor.StandardXmlBaseTagProcessor
[THYMELEAF]             * [* {th:xmllang,data-th-xmllang}] [1000]: org.thymeleaf.standard.processor.StandardXmlLangTagProcessor
[THYMELEAF]             * [* {xmlns:th}] [1000]: org.thymeleaf.standard.processor.StandardXmlNsTagProcessor
[THYMELEAF]             * [* {th:xmlspace,data-th-xmlspace}] [1000]: org.thymeleaf.standard.processor.StandardXmlSpaceTagProcessor
[THYMELEAF]             * [* {th:classappend,data-th-classappend}] [1100]: org.thymeleaf.standard.processor.StandardClassappendTagProcessor
[THYMELEAF]             * [* {th:styleappend,data-th-styleappend}] [1100]: org.thymeleaf.standard.processor.StandardStyleappendTagProcessor
[THYMELEAF]             * [* {th:text,data-th-text}] [1300]: org.thymeleaf.standard.processor.StandardTextTagProcessor
[THYMELEAF]             * [* {th:utext,data-th-utext}] [1400]: org.thymeleaf.standard.processor.StandardUtextTagProcessor
[THYMELEAF]             * [* {th:fragment,data-th-fragment}] [1500]: org.thymeleaf.standard.processor.StandardFragmentTagProcessor
[THYMELEAF]             * [* {th:assert,data-th-assert}] [1550]: org.thymeleaf.standard.processor.StandardAssertTagProcessor
[THYMELEAF]             * [* {th:remove,data-th-remove}] [1600]: org.thymeleaf.standard.processor.StandardRemoveTagProcessor
[THYMELEAF]             * [* {th:ref,data-th-ref}] [10000]: org.thymeleaf.standard.processor.StandardRefAttributeTagProcessor
[THYMELEAF]             * [{th:block,th-block} *] [100000]: org.thymeleaf.standard.processor.StandardBlockTagProcessor
[THYMELEAF]             * [* th:*] [2147483647]: org.thymeleaf.standard.processor.StandardDefaultAttributesTagProcessor
[THYMELEAF]         * Text Processors by [precedence]:
[THYMELEAF]             * [1000]: org.thymeleaf.standard.processor.StandardInliningTextProcessor
[THYMELEAF]         * DOCTYPE Processors by [precedence]:
[THYMELEAF]             * [1000]: org.thymeleaf.standard.processor.StandardTranslationDocTypeProcessor
[THYMELEAF]         * CDATA Section Processors by [precedence]:
[THYMELEAF]             * [1000]: org.thymeleaf.standard.processor.StandardInliningCDATASectionProcessor
[THYMELEAF]         * Comment Processors by [precedence]:
[THYMELEAF]             * [1000]: org.thymeleaf.standard.processor.StandardInliningCommentProcessor
[THYMELEAF]             * [1100]: org.thymeleaf.standard.processor.StandardConditionalCommentProcessor
[THYMELEAF]     * Processors for Template Mode: XML
[THYMELEAF]         * Element Tag Processors by [matching element and attribute name] [precedence]:
[THYMELEAF]             * [* {th:include}] [100]: org.thymeleaf.standard.processor.StandardIncludeTagProcessor
[THYMELEAF]             * [* {th:insert}] [100]: org.thymeleaf.standard.processor.StandardInsertTagProcessor
[THYMELEAF]             * [* {th:replace}] [100]: org.thymeleaf.standard.processor.StandardReplaceTagProcessor
[THYMELEAF]             * [* {th:substituteby}] [100]: org.thymeleaf.standard.processor.StandardSubstituteByTagProcessor
[THYMELEAF]             * [* {th:each}] [200]: com.intuit.karate.template.KarateEachTagProcessor
[THYMELEAF]             * [* {th:switch}] [250]: org.thymeleaf.standard.processor.StandardSwitchTagProcessor
[THYMELEAF]             * [* {th:case}] [275]: org.thymeleaf.standard.processor.StandardCaseTagProcessor
[THYMELEAF]             * [* {th:if}] [300]: org.thymeleaf.standard.processor.StandardIfTagProcessor
[THYMELEAF]             * [* {th:unless}] [400]: org.thymeleaf.standard.processor.StandardUnlessTagProcessor
[THYMELEAF]             * [* {th:object}] [500]: org.thymeleaf.standard.processor.StandardObjectTagProcessor
[THYMELEAF]             * [* {th:with}] [600]: com.intuit.karate.template.KarateWithTagProcessor
[THYMELEAF]             * [* {th:attr}] [700]: com.intuit.karate.template.KarateAttributeTagProcessor.KarateAttrTagProcessor
[THYMELEAF]             * [* {th:attrappend}] [900]: com.intuit.karate.template.KarateAttributeTagProcessor.KarateAttrappendTagProcessor
[THYMELEAF]             * [* {th:attrprepend}] [900]: com.intuit.karate.template.KarateAttributeTagProcessor.KarateAttrprependTagProcessor
[THYMELEAF]             * [* {th:inline}] [1000]: org.thymeleaf.standard.processor.StandardInlineXMLTagProcessor
[THYMELEAF]             * [* {xmlns:th}] [1000]: org.thymeleaf.standard.processor.StandardXmlNsTagProcessor
[THYMELEAF]             * [* {th:text}] [1300]: org.thymeleaf.standard.processor.StandardTextTagProcessor
[THYMELEAF]             * [* {th:utext}] [1400]: org.thymeleaf.standard.processor.StandardUtextTagProcessor
[THYMELEAF]             * [* {th:fragment}] [1500]: org.thymeleaf.standard.processor.StandardFragmentTagProcessor
[THYMELEAF]             * [* {th:assert}] [1550]: org.thymeleaf.standard.processor.StandardAssertTagProcessor
[THYMELEAF]             * [* {th:remove}] [1600]: org.thymeleaf.standard.processor.StandardRemoveTagProcessor
[THYMELEAF]             * [* {th:ref}] [10000]: org.thymeleaf.standard.processor.StandardRefAttributeTagProcessor
[THYMELEAF]             * [{th:block} *] [100000]: org.thymeleaf.standard.processor.StandardBlockTagProcessor
[THYMELEAF]             * [* th:*] [2147483647]: org.thymeleaf.standard.processor.StandardDefaultAttributesTagProcessor
[THYMELEAF]         * Text Processors by [precedence]:
[THYMELEAF]             * [1000]: org.thymeleaf.standard.processor.StandardInliningTextProcessor
[THYMELEAF]         * CDATA Section Processors by [precedence]:
[THYMELEAF]             * [1000]: org.thymeleaf.standard.processor.StandardInliningCDATASectionProcessor
[THYMELEAF]         * Comment Processors by [precedence]:
[THYMELEAF]             * [1000]: org.thymeleaf.standard.processor.StandardInliningCommentProcessor
[THYMELEAF]     * Processors for Template Mode: TEXT
[THYMELEAF]         * Element Tag Processors by [matching element and attribute name] [precedence]:
[THYMELEAF]             * [* {th:insert}] [100]: org.thymeleaf.standard.processor.StandardInsertTagProcessor
[THYMELEAF]             * [* {th:replace}] [100]: org.thymeleaf.standard.processor.StandardReplaceTagProcessor
[THYMELEAF]             * [* {th:each}] [200]: com.intuit.karate.template.KarateEachTagProcessor
[THYMELEAF]             * [* {th:switch}] [250]: org.thymeleaf.standard.processor.StandardSwitchTagProcessor
[THYMELEAF]             * [* {th:case}] [275]: org.thymeleaf.standard.processor.StandardCaseTagProcessor
[THYMELEAF]             * [* {th:if}] [300]: org.thymeleaf.standard.processor.StandardIfTagProcessor
[THYMELEAF]             * [* {th:unless}] [400]: org.thymeleaf.standard.processor.StandardUnlessTagProcessor
[THYMELEAF]             * [* {th:object}] [500]: org.thymeleaf.standard.processor.StandardObjectTagProcessor
[THYMELEAF]             * [* {th:with}] [600]: com.intuit.karate.template.KarateWithTagProcessor
[THYMELEAF]             * [* {th:inline}] [1000]: org.thymeleaf.standard.processor.StandardInlineTextualTagProcessor
[THYMELEAF]             * [* {th:text}] [1300]: org.thymeleaf.standard.processor.StandardTextTagProcessor
[THYMELEAF]             * [* {th:utext}] [1400]: org.thymeleaf.standard.processor.StandardUtextTagProcessor
[THYMELEAF]             * [* {th:assert}] [1550]: org.thymeleaf.standard.processor.StandardAssertTagProcessor
[THYMELEAF]             * [* {th:remove}] [1600]: org.thymeleaf.standard.processor.StandardRemoveTagProcessor
[THYMELEAF]             * [* 100000] [org.thymeleaf.standard.processor.StandardBlockTagProcessor]: {}
[THYMELEAF]             * [{th:block} *] [100000]: org.thymeleaf.standard.processor.StandardBlockTagProcessor
[THYMELEAF]         * Text Processors by [precedence]:
[THYMELEAF]             * [1000]: org.thymeleaf.standard.processor.StandardInliningTextProcessor
[THYMELEAF]     * Processors for Template Mode: JAVASCRIPT
[THYMELEAF]         * Element Tag Processors by [matching element and attribute name] [precedence]:
[THYMELEAF]             * [* {th:insert}] [100]: org.thymeleaf.standard.processor.StandardInsertTagProcessor
[THYMELEAF]             * [* {th:replace}] [100]: org.thymeleaf.standard.processor.StandardReplaceTagProcessor
[THYMELEAF]             * [* {th:each}] [200]: com.intuit.karate.template.KarateEachTagProcessor
[THYMELEAF]             * [* {th:switch}] [250]: org.thymeleaf.standard.processor.StandardSwitchTagProcessor
[THYMELEAF]             * [* {th:case}] [275]: org.thymeleaf.standard.processor.StandardCaseTagProcessor
[THYMELEAF]             * [* {th:if}] [300]: org.thymeleaf.standard.processor.StandardIfTagProcessor
[THYMELEAF]             * [* {th:unless}] [400]: org.thymeleaf.standard.processor.StandardUnlessTagProcessor
[THYMELEAF]             * [* {th:object}] [500]: org.thymeleaf.standard.processor.StandardObjectTagProcessor
[THYMELEAF]             * [* {th:with}] [600]: com.intuit.karate.template.KarateWithTagProcessor
[THYMELEAF]             * [* {th:inline}] [1000]: org.thymeleaf.standard.processor.StandardInlineTextualTagProcessor
[THYMELEAF]             * [* {th:text}] [1300]: org.thymeleaf.standard.processor.StandardTextTagProcessor
[THYMELEAF]             * [* {th:utext}] [1400]: org.thymeleaf.standard.processor.StandardUtextTagProcessor
[THYMELEAF]             * [* {th:assert}] [1550]: org.thymeleaf.standard.processor.StandardAssertTagProcessor
[THYMELEAF]             * [* {th:remove}] [1600]: org.thymeleaf.standard.processor.StandardRemoveTagProcessor
[THYMELEAF]             * [{th:block} *] [100000]: org.thymeleaf.standard.processor.StandardBlockTagProcessor
[THYMELEAF]             * [* 100000] [org.thymeleaf.standard.processor.StandardBlockTagProcessor]: {}
[THYMELEAF]         * Text Processors by [precedence]:
[THYMELEAF]             * [1000]: org.thymeleaf.standard.processor.StandardInliningTextProcessor
[THYMELEAF]     * Processors for Template Mode: CSS
[THYMELEAF]         * Element Tag Processors by [matching element and attribute name] [precedence]:
[THYMELEAF]             * [* {th:insert}] [100]: org.thymeleaf.standard.processor.StandardInsertTagProcessor
[THYMELEAF]             * [* {th:replace}] [100]: org.thymeleaf.standard.processor.StandardReplaceTagProcessor
[THYMELEAF]             * [* {th:each}] [200]: com.intuit.karate.template.KarateEachTagProcessor
[THYMELEAF]             * [* {th:switch}] [250]: org.thymeleaf.standard.processor.StandardSwitchTagProcessor
[THYMELEAF]             * [* {th:case}] [275]: org.thymeleaf.standard.processor.StandardCaseTagProcessor
[THYMELEAF]             * [* {th:if}] [300]: org.thymeleaf.standard.processor.StandardIfTagProcessor
[THYMELEAF]             * [* {th:unless}] [400]: org.thymeleaf.standard.processor.StandardUnlessTagProcessor
[THYMELEAF]             * [* {th:object}] [500]: org.thymeleaf.standard.processor.StandardObjectTagProcessor
[THYMELEAF]             * [* {th:with}] [600]: com.intuit.karate.template.KarateWithTagProcessor
[THYMELEAF]             * [* {th:inline}] [1000]: org.thymeleaf.standard.processor.StandardInlineTextualTagProcessor
[THYMELEAF]             * [* {th:text}] [1300]: org.thymeleaf.standard.processor.StandardTextTagProcessor
[THYMELEAF]             * [* {th:utext}] [1400]: org.thymeleaf.standard.processor.StandardUtextTagProcessor
[THYMELEAF]             * [* {th:assert}] [1550]: org.thymeleaf.standard.processor.StandardAssertTagProcessor
[THYMELEAF]             * [* {th:remove}] [1600]: org.thymeleaf.standard.processor.StandardRemoveTagProcessor
[THYMELEAF]             * [{th:block} *] [100000]: org.thymeleaf.standard.processor.StandardBlockTagProcessor
[THYMELEAF]             * [* 100000] [org.thymeleaf.standard.processor.StandardBlockTagProcessor]: {}
[THYMELEAF]         * Text Processors by [precedence]:
[THYMELEAF]             * [1000]: org.thymeleaf.standard.processor.StandardInliningTextProcessor
[THYMELEAF]     * Expression Objects:
[THYMELEAF]         * #ctx
[THYMELEAF]         * #root
[THYMELEAF]         * #vars
[THYMELEAF]         * #object
[THYMELEAF]         * #locale
[THYMELEAF]         * #request
[THYMELEAF]         * #response
[THYMELEAF]         * #session
[THYMELEAF]         * #servletContext
[THYMELEAF]         * #conversions
[THYMELEAF]         * #uris
[THYMELEAF]         * #calendars
[THYMELEAF]         * #dates
[THYMELEAF]         * #bools
[THYMELEAF]         * #numbers
[THYMELEAF]         * #objects
[THYMELEAF]         * #strings
[THYMELEAF]         * #arrays
[THYMELEAF]         * #lists
[THYMELEAF]         * #sets
[THYMELEAF]         * #maps
[THYMELEAF]         * #aggregates
[THYMELEAF]         * #messages
[THYMELEAF]         * #ids
[THYMELEAF]         * #execInfo
[THYMELEAF]         * #httpServletRequest
[THYMELEAF]         * #httpSession
[THYMELEAF]     * Execution Attributes:
[THYMELEAF]         * "StandardExpressionParser": com.intuit.karate.template.KarateStandardDialect@46c28400
[THYMELEAF]         * "StandardJavaScriptSerializer": org.thymeleaf.standard.serializer.StandardJavaScriptSerializer@1eff74f2
[THYMELEAF]         * "StandardCSSSerializer": org.thymeleaf.standard.serializer.StandardCSSSerializer@2b57dc2
[THYMELEAF]         * "StandardVariableExpressionEvaluator": com.intuit.karate.template.KarateStandardDialect@46c28400
[THYMELEAF]         * "StandardConversionService": org.thymeleaf.standard.expression.StandardConversionService@75c36570
[THYMELEAF] * Dialect [2 of 2]: karate (com.intuit.karate.template.KarateScriptDialect)
[THYMELEAF]     * Prefix: "ka"
[THYMELEAF]     * Processors for Template Mode: HTML
[THYMELEAF]         * Element Tag Processors by [matching element and attribute name] [precedence]:
[THYMELEAF]             * [* {src}] [1000]: com.intuit.karate.template.KaScriptAttrProcessor
[THYMELEAF]         * Element Model Processors by [matching element and attribute name] [precedence]:
[THYMELEAF]             * [{script} {ka:scope,data-ka-scope}] [1000]: com.intuit.karate.template.KaScriptElemProcessor
[THYMELEAF]             * [* {ka:set,data-ka-set}] [1000]: com.intuit.karate.template.KaSetElemProcessor
[THYMELEAF] TEMPLATE ENGINE CONFIGURED OK
23:24:09.316 [main] DEBUG org.thymeleaf.TemplateEngine - [THYMELEAF] TEMPLATE ENGINE INITIALIZED

HTML report: (paste into browser to view) | Karate version: 1.4.0
file:///Users/monikatalekar/Documents/automation-testing/test-automation/api-tests/karate/target/karate-reports/karate-summary.html
===================================================================

]]></system-out>
  </testcase>
</testsuite>